Linked: (/home/samuel/tiago_public_ws/devel/.private/pal_navigation_msgs/lib/pkgconfig/pal_navigation_msgs.pc, /home/samuel/tiago_public_ws/devel/lib/pkgconfig/pal_navigation_msgs.pc)
Linked: (/home/samuel/tiago_public_ws/devel/.private/pal_navigation_msgs/lib/python2.7/dist-packages/pal_navigation_msgs/__init__.py, /home/samuel/tiago_public_ws/devel/lib/python2.7/dist-packages/pal_navigation_msgs/__init__.py)
Linked: (/home/samuel/tiago_public_ws/devel/.private/pal_navigation_msgs/lib/python2.7/dist-packages/pal_navigation_msgs/msg/_PolarReadingScan.py, /home/samuel/tiago_public_ws/devel/lib/python2.7/dist-packages/pal_navigation_msgs/msg/_PolarReadingScan.py)
Linked: (/home/samuel/tiago_public_ws/devel/.private/pal_navigation_msgs/lib/python2.7/dist-packages/pal_navigation_msgs/msg/_VisualTrainingGoal.py, /home/samuel/tiago_public_ws/devel/lib/python2.7/dist-packages/pal_navigation_msgs/msg/_VisualTrainingGoal.py)
Linked: (/home/samuel/tiago_public_ws/devel/.private/pal_navigation_msgs/lib/python2.7/dist-packages/pal_navigation_msgs/msg/_NavigationStatus.py, /home/samuel/tiago_public_ws/devel/lib/python2.7/dist-packages/pal_navigation_msgs/msg/_NavigationStatus.py)
Linked: (/home/samuel/tiago_public_ws/devel/.private/pal_navigation_msgs/lib/python2.7/dist-packages/pal_navigation_msgs/msg/_JoyPriorityActionResult.py, /home/samuel/tiago_public_ws/devel/lib/python2.7/dist-packages/pal_navigation_msgs/msg/_JoyPriorityActionResult.py)
Linked: (/home/samuel/tiago_public_ws/devel/.private/pal_navigation_msgs/lib/python2.7/dist-packages/pal_navigation_msgs/msg/_GoToPOIFeedback.py, /home/samuel/tiago_public_ws/devel/lib/python2.7/dist-packages/pal_navigation_msgs/msg/_GoToPOIFeedback.py)
Linked: (/home/samuel/tiago_public_ws/devel/.private/pal_navigation_msgs/lib/python2.7/dist-packages/pal_navigation_msgs/msg/_GoToActionResult.py, /home/samuel/tiago_public_ws/devel/lib/python2.7/dist-packages/pal_navigation_msgs/msg/_GoToActionResult.py)
Linked: (/home/samuel/tiago_public_ws/devel/.private/pal_navigation_msgs/lib/python2.7/dist-packages/pal_navigation_msgs/msg/_VisualTrainingActionFeedback.py, /home/samuel/tiago_public_ws/devel/lib/python2.7/dist-packages/pal_navigation_msgs/msg/_VisualTrainingActionFeedback.py)
Linked: (/home/samuel/tiago_public_ws/devel/.private/pal_navigation_msgs/lib/python2.7/dist-packages/pal_navigation_msgs/msg/_NiceMapTransformation.py, /home/samuel/tiago_public_ws/devel/lib/python2.7/dist-packages/pal_navigation_msgs/msg/_NiceMapTransformation.py)
Linked: (/home/samuel/tiago_public_ws/devel/.private/pal_navigation_msgs/lib/python2.7/dist-packages/pal_navigation_msgs/msg/_JoyTurboActionResult.py, /home/samuel/tiago_public_ws/devel/lib/python2.7/dist-packages/pal_navigation_msgs/msg/_JoyTurboActionResult.py)
Linked: (/home/samuel/tiago_public_ws/devel/.private/pal_navigation_msgs/lib/python2.7/dist-packages/pal_navigation_msgs/msg/_JoyPriorityFeedback.py, /home/samuel/tiago_public_ws/devel/lib/python2.7/dist-packages/pal_navigation_msgs/msg/_JoyPriorityFeedback.py)
Linked: (/home/samuel/tiago_public_ws/devel/.private/pal_navigation_msgs/lib/python2.7/dist-packages/pal_navigation_msgs/msg/_POI.py, /home/samuel/tiago_public_ws/devel/lib/python2.7/dist-packages/pal_navigation_msgs/msg/_POI.py)
Linked: (/home/samuel/tiago_public_ws/devel/.private/pal_navigation_msgs/lib/python2.7/dist-packages/pal_navigation_msgs/msg/_JoyTurboResult.py, /home/samuel/tiago_public_ws/devel/lib/python2.7/dist-packages/pal_navigation_msgs/msg/_JoyTurboResult.py)
Linked: (/home/samuel/tiago_public_ws/devel/.private/pal_navigation_msgs/lib/python2.7/dist-packages/pal_navigation_msgs/msg/_GoToFeedback.py, /home/samuel/tiago_public_ws/devel/lib/python2.7/dist-packages/pal_navigation_msgs/msg/_GoToFeedback.py)
Linked: (/home/samuel/tiago_public_ws/devel/.private/pal_navigation_msgs/lib/python2.7/dist-packages/pal_navigation_msgs/msg/_JoyPriorityAction.py, /home/samuel/tiago_public_ws/devel/lib/python2.7/dist-packages/pal_navigation_msgs/msg/_JoyPriorityAction.py)
Linked: (/home/samuel/tiago_public_ws/devel/.private/pal_navigation_msgs/lib/python2.7/dist-packages/pal_navigation_msgs/msg/_GoToPOIActionGoal.py, /home/samuel/tiago_public_ws/devel/lib/python2.7/dist-packages/pal_navigation_msgs/msg/_GoToPOIActionGoal.py)
Linked: (/home/samuel/tiago_public_ws/devel/.private/pal_navigation_msgs/lib/python2.7/dist-packages/pal_navigation_msgs/msg/_JoyPriorityGoal.py, /home/samuel/tiago_public_ws/devel/lib/python2.7/dist-packages/pal_navigation_msgs/msg/_JoyPriorityGoal.py)
Linked: (/home/samuel/tiago_public_ws/devel/.private/pal_navigation_msgs/lib/python2.7/dist-packages/pal_navigation_msgs/msg/__init__.py, /home/samuel/tiago_public_ws/devel/lib/python2.7/dist-packages/pal_navigation_msgs/msg/__init__.py)
Linked: (/home/samuel/tiago_public_ws/devel/.private/pal_navigation_msgs/lib/python2.7/dist-packages/pal_navigation_msgs/msg/_MapConfiguration.py, /home/samuel/tiago_public_ws/devel/lib/python2.7/dist-packages/pal_navigation_msgs/msg/_MapConfiguration.py)
Linked: (/home/samuel/tiago_public_ws/devel/.private/pal_navigation_msgs/lib/python2.7/dist-packages/pal_navigation_msgs/msg/_VisualLocDB.py, /home/samuel/tiago_public_ws/devel/lib/python2.7/dist-packages/pal_navigation_msgs/msg/_VisualLocDB.py)
Linked: (/home/samuel/tiago_public_ws/devel/.private/pal_navigation_msgs/lib/python2.7/dist-packages/pal_navigation_msgs/msg/_GoToResult.py, /home/samuel/tiago_public_ws/devel/lib/python2.7/dist-packages/pal_navigation_msgs/msg/_GoToResult.py)
Linked: (/home/samuel/tiago_public_ws/devel/.private/pal_navigation_msgs/lib/python2.7/dist-packages/pal_navigation_msgs/msg/_JoyTurboFeedback.py, /home/samuel/tiago_public_ws/devel/lib/python2.7/dist-packages/pal_navigation_msgs/msg/_JoyTurboFeedback.py)
Linked: (/home/samuel/tiago_public_ws/devel/.private/pal_navigation_msgs/lib/python2.7/dist-packages/pal_navigation_msgs/msg/_Emergency.py, /home/samuel/tiago_public_ws/devel/lib/python2.7/dist-packages/pal_navigation_msgs/msg/_Emergency.py)
Linked: (/home/samuel/tiago_public_ws/devel/.private/pal_navigation_msgs/lib/python2.7/dist-packages/pal_navigation_msgs/msg/_VisualTrainingResult.py, /home/samuel/tiago_public_ws/devel/lib/python2.7/dist-packages/pal_navigation_msgs/msg/_VisualTrainingResult.py)
Linked: (/home/samuel/tiago_public_ws/devel/.private/pal_navigation_msgs/lib/python2.7/dist-packages/pal_navigation_msgs/msg/_VisualTrainingFeedback.py, /home/samuel/tiago_public_ws/devel/lib/python2.7/dist-packages/pal_navigation_msgs/msg/_VisualTrainingFeedback.py)
Linked: (/home/samuel/tiago_public_ws/devel/.private/pal_navigation_msgs/lib/python2.7/dist-packages/pal_navigation_msgs/msg/_GoToPOIActionResult.py, /home/samuel/tiago_public_ws/devel/lib/python2.7/dist-packages/pal_navigation_msgs/msg/_GoToPOIActionResult.py)
Linked: (/home/samuel/tiago_public_ws/devel/.private/pal_navigation_msgs/lib/python2.7/dist-packages/pal_navigation_msgs/msg/_PolarReading.py, /home/samuel/tiago_public_ws/devel/lib/python2.7/dist-packages/pal_navigation_msgs/msg/_PolarReading.py)
Linked: (/home/samuel/tiago_public_ws/devel/.private/pal_navigation_msgs/lib/python2.7/dist-packages/pal_navigation_msgs/msg/_GoToPOIGoal.py, /home/samuel/tiago_public_ws/devel/lib/python2.7/dist-packages/pal_navigation_msgs/msg/_GoToPOIGoal.py)
Linked: (/home/samuel/tiago_public_ws/devel/.private/pal_navigation_msgs/lib/python2.7/dist-packages/pal_navigation_msgs/msg/_GoToPOIActionFeedback.py, /home/samuel/tiago_public_ws/devel/lib/python2.7/dist-packages/pal_navigation_msgs/msg/_GoToPOIActionFeedback.py)
Linked: (/home/samuel/tiago_public_ws/devel/.private/pal_navigation_msgs/lib/python2.7/dist-packages/pal_navigation_msgs/msg/_VisualTrainingAction.py, /home/samuel/tiago_public_ws/devel/lib/python2.7/dist-packages/pal_navigation_msgs/msg/_VisualTrainingAction.py)
Linked: (/home/samuel/tiago_public_ws/devel/.private/pal_navigation_msgs/lib/python2.7/dist-packages/pal_navigation_msgs/msg/_VisualTrainingActionGoal.py, /home/samuel/tiago_public_ws/devel/lib/python2.7/dist-packages/pal_navigation_msgs/msg/_VisualTrainingActionGoal.py)
Linked: (/home/samuel/tiago_public_ws/devel/.private/pal_navigation_msgs/lib/python2.7/dist-packages/pal_navigation_msgs/msg/_JoyPriorityActionGoal.py, /home/samuel/tiago_public_ws/devel/lib/python2.7/dist-packages/pal_navigation_msgs/msg/_JoyPriorityActionGoal.py)
Linked: (/home/samuel/tiago_public_ws/devel/.private/pal_navigation_msgs/lib/python2.7/dist-packages/pal_navigation_msgs/msg/_GoToGoal.py, /home/samuel/tiago_public_ws/devel/lib/python2.7/dist-packages/pal_navigation_msgs/msg/_GoToGoal.py)
Linked: (/home/samuel/tiago_public_ws/devel/.private/pal_navigation_msgs/lib/python2.7/dist-packages/pal_navigation_msgs/msg/_EulerAngles.py, /home/samuel/tiago_public_ws/devel/lib/python2.7/dist-packages/pal_navigation_msgs/msg/_EulerAngles.py)
Linked: (/home/samuel/tiago_public_ws/devel/.private/pal_navigation_msgs/lib/python2.7/dist-packages/pal_navigation_msgs/msg/_ServiceStatus.py, /home/samuel/tiago_public_ws/devel/lib/python2.7/dist-packages/pal_navigation_msgs/msg/_ServiceStatus.py)
Linked: (/home/samuel/tiago_public_ws/devel/.private/pal_navigation_msgs/lib/python2.7/dist-packages/pal_navigation_msgs/msg/_JoyPriorityResult.py, /home/samuel/tiago_public_ws/devel/lib/python2.7/dist-packages/pal_navigation_msgs/msg/_JoyPriorityResult.py)
Linked: (/home/samuel/tiago_public_ws/devel/.private/pal_navigation_msgs/lib/python2.7/dist-packages/pal_navigation_msgs/msg/_AvailableMaps.py, /home/samuel/tiago_public_ws/devel/lib/python2.7/dist-packages/pal_navigation_msgs/msg/_AvailableMaps.py)
Linked: (/home/samuel/tiago_public_ws/devel/.private/pal_navigation_msgs/lib/python2.7/dist-packages/pal_navigation_msgs/msg/_JoyTurboActionGoal.py, /home/samuel/tiago_public_ws/devel/lib/python2.7/dist-packages/pal_navigation_msgs/msg/_JoyTurboActionGoal.py)
Linked: (/home/samuel/tiago_public_ws/devel/.private/pal_navigation_msgs/lib/python2.7/dist-packages/pal_navigation_msgs/msg/_JoyTurboActionFeedback.py, /home/samuel/tiago_public_ws/devel/lib/python2.7/dist-packages/pal_navigation_msgs/msg/_JoyTurboActionFeedback.py)
Linked: (/home/samuel/tiago_public_ws/devel/.private/pal_navigation_msgs/lib/python2.7/dist-packages/pal_navigation_msgs/msg/_GoToPOIResult.py, /home/samuel/tiago_public_ws/devel/lib/python2.7/dist-packages/pal_navigation_msgs/msg/_GoToPOIResult.py)
Linked: (/home/samuel/tiago_public_ws/devel/.private/pal_navigation_msgs/lib/python2.7/dist-packages/pal_navigation_msgs/msg/_TabletPOI.py, /home/samuel/tiago_public_ws/devel/lib/python2.7/dist-packages/pal_navigation_msgs/msg/_TabletPOI.py)
Linked: (/home/samuel/tiago_public_ws/devel/.private/pal_navigation_msgs/lib/python2.7/dist-packages/pal_navigation_msgs/msg/_JoyPriorityActionFeedback.py, /home/samuel/tiago_public_ws/devel/lib/python2.7/dist-packages/pal_navigation_msgs/msg/_JoyPriorityActionFeedback.py)
Linked: (/home/samuel/tiago_public_ws/devel/.private/pal_navigation_msgs/lib/python2.7/dist-packages/pal_navigation_msgs/msg/_JoyTurboAction.py, /home/samuel/tiago_public_ws/devel/lib/python2.7/dist-packages/pal_navigation_msgs/msg/_JoyTurboAction.py)
Linked: (/home/samuel/tiago_public_ws/devel/.private/pal_navigation_msgs/lib/python2.7/dist-packages/pal_navigation_msgs/msg/_GoToAction.py, /home/samuel/tiago_public_ws/devel/lib/python2.7/dist-packages/pal_navigation_msgs/msg/_GoToAction.py)
Linked: (/home/samuel/tiago_public_ws/devel/.private/pal_navigation_msgs/lib/python2.7/dist-packages/pal_navigation_msgs/msg/_EulerAnglesStamped.py, /home/samuel/tiago_public_ws/devel/lib/python2.7/dist-packages/pal_navigation_msgs/msg/_EulerAnglesStamped.py)
Linked: (/home/samuel/tiago_public_ws/devel/.private/pal_navigation_msgs/lib/python2.7/dist-packages/pal_navigation_msgs/msg/_GoToActionFeedback.py, /home/samuel/tiago_public_ws/devel/lib/python2.7/dist-packages/pal_navigation_msgs/msg/_GoToActionFeedback.py)
Linked: (/home/samuel/tiago_public_ws/devel/.private/pal_navigation_msgs/lib/python2.7/dist-packages/pal_navigation_msgs/msg/_GoToActionGoal.py, /home/samuel/tiago_public_ws/devel/lib/python2.7/dist-packages/pal_navigation_msgs/msg/_GoToActionGoal.py)
Linked: (/home/samuel/tiago_public_ws/devel/.private/pal_navigation_msgs/lib/python2.7/dist-packages/pal_navigation_msgs/msg/_VisualTrainingActionResult.py, /home/samuel/tiago_public_ws/devel/lib/python2.7/dist-packages/pal_navigation_msgs/msg/_VisualTrainingActionResult.py)
Linked: (/home/samuel/tiago_public_ws/devel/.private/pal_navigation_msgs/lib/python2.7/dist-packages/pal_navigation_msgs/msg/_GoToPOIAction.py, /home/samuel/tiago_public_ws/devel/lib/python2.7/dist-packages/pal_navigation_msgs/msg/_GoToPOIAction.py)
Linked: (/home/samuel/tiago_public_ws/devel/.private/pal_navigation_msgs/lib/python2.7/dist-packages/pal_navigation_msgs/msg/_JoyTurboGoal.py, /home/samuel/tiago_public_ws/devel/lib/python2.7/dist-packages/pal_navigation_msgs/msg/_JoyTurboGoal.py)
Linked: (/home/samuel/tiago_public_ws/devel/.private/pal_navigation_msgs/lib/python2.7/dist-packages/pal_navigation_msgs/srv/_VisualLocRecognize.py, /home/samuel/tiago_public_ws/devel/lib/python2.7/dist-packages/pal_navigation_msgs/srv/_VisualLocRecognize.py)
Linked: (/home/samuel/tiago_public_ws/devel/.private/pal_navigation_msgs/lib/python2.7/dist-packages/pal_navigation_msgs/srv/_SaveMap.py, /home/samuel/tiago_public_ws/devel/lib/python2.7/dist-packages/pal_navigation_msgs/srv/_SaveMap.py)
Linked: (/home/samuel/tiago_public_ws/devel/.private/pal_navigation_msgs/lib/python2.7/dist-packages/pal_navigation_msgs/srv/_Acknowledgment.py, /home/samuel/tiago_public_ws/devel/lib/python2.7/dist-packages/pal_navigation_msgs/srv/_Acknowledgment.py)
Linked: (/home/samuel/tiago_public_ws/devel/.private/pal_navigation_msgs/lib/python2.7/dist-packages/pal_navigation_msgs/srv/_GetNodes.py, /home/samuel/tiago_public_ws/devel/lib/python2.7/dist-packages/pal_navigation_msgs/srv/_GetNodes.py)
Linked: (/home/samuel/tiago_public_ws/devel/.private/pal_navigation_msgs/lib/python2.7/dist-packages/pal_navigation_msgs/srv/_SetSubMapFloor.py, /home/samuel/tiago_public_ws/devel/lib/python2.7/dist-packages/pal_navigation_msgs/srv/_SetSubMapFloor.py)
Linked: (/home/samuel/tiago_public_ws/devel/.private/pal_navigation_msgs/lib/python2.7/dist-packages/pal_navigation_msgs/srv/_ChangeBuilding.py, /home/samuel/tiago_public_ws/devel/lib/python2.7/dist-packages/pal_navigation_msgs/srv/_ChangeBuilding.py)
Linked: (/home/samuel/tiago_public_ws/devel/.private/pal_navigation_msgs/lib/python2.7/dist-packages/pal_navigation_msgs/srv/__init__.py, /home/samuel/tiago_public_ws/devel/lib/python2.7/dist-packages/pal_navigation_msgs/srv/__init__.py)
Linked: (/home/samuel/tiago_public_ws/devel/.private/pal_navigation_msgs/lib/python2.7/dist-packages/pal_navigation_msgs/srv/_SetMapConfiguration.py, /home/samuel/tiago_public_ws/devel/lib/python2.7/dist-packages/pal_navigation_msgs/srv/_SetMapConfiguration.py)
Linked: (/home/samuel/tiago_public_ws/devel/.private/pal_navigation_msgs/lib/python2.7/dist-packages/pal_navigation_msgs/srv/_SafetyZone.py, /home/samuel/tiago_public_ws/devel/lib/python2.7/dist-packages/pal_navigation_msgs/srv/_SafetyZone.py)
Linked: (/home/samuel/tiago_public_ws/devel/.private/pal_navigation_msgs/lib/python2.7/dist-packages/pal_navigation_msgs/srv/_SetPOI.py, /home/samuel/tiago_public_ws/devel/lib/python2.7/dist-packages/pal_navigation_msgs/srv/_SetPOI.py)
Linked: (/home/samuel/tiago_public_ws/devel/.private/pal_navigation_msgs/lib/python2.7/dist-packages/pal_navigation_msgs/srv/_GetPOI.py, /home/samuel/tiago_public_ws/devel/lib/python2.7/dist-packages/pal_navigation_msgs/srv/_GetPOI.py)
Linked: (/home/samuel/tiago_public_ws/devel/.private/pal_navigation_msgs/lib/python2.7/dist-packages/pal_navigation_msgs/srv/_DisableEmergency.py, /home/samuel/tiago_public_ws/devel/lib/python2.7/dist-packages/pal_navigation_msgs/srv/_DisableEmergency.py)
Linked: (/home/samuel/tiago_public_ws/devel/.private/pal_navigation_msgs/lib/python2.7/dist-packages/pal_navigation_msgs/srv/_GetMapConfiguration.py, /home/samuel/tiago_public_ws/devel/lib/python2.7/dist-packages/pal_navigation_msgs/srv/_GetMapConfiguration.py)
Linked: (/home/samuel/tiago_public_ws/devel/.private/pal_navigation_msgs/lib/python2.7/dist-packages/pal_navigation_msgs/srv/_GetSubMap.py, /home/samuel/tiago_public_ws/devel/lib/python2.7/dist-packages/pal_navigation_msgs/srv/_GetSubMap.py)
Linked: (/home/samuel/tiago_public_ws/devel/.private/pal_navigation_msgs/lib/python2.7/dist-packages/pal_navigation_msgs/srv/_FinalApproachPose.py, /home/samuel/tiago_public_ws/devel/lib/python2.7/dist-packages/pal_navigation_msgs/srv/_FinalApproachPose.py)
Linked: (/home/samuel/tiago_public_ws/devel/.private/pal_navigation_msgs/include/pal_navigation_msgs/VisualLocRecognizeResponse.h, /home/samuel/tiago_public_ws/devel/include/pal_navigation_msgs/VisualLocRecognizeResponse.h)
Linked: (/home/samuel/tiago_public_ws/devel/.private/pal_navigation_msgs/include/pal_navigation_msgs/NavigationStatus.h, /home/samuel/tiago_public_ws/devel/include/pal_navigation_msgs/NavigationStatus.h)
Linked: (/home/samuel/tiago_public_ws/devel/.private/pal_navigation_msgs/include/pal_navigation_msgs/GetSubMapRequest.h, /home/samuel/tiago_public_ws/devel/include/pal_navigation_msgs/GetSubMapRequest.h)
Linked: (/home/samuel/tiago_public_ws/devel/.private/pal_navigation_msgs/include/pal_navigation_msgs/GoToFeedback.h, /home/samuel/tiago_public_ws/devel/include/pal_navigation_msgs/GoToFeedback.h)
Linked: (/home/samuel/tiago_public_ws/devel/.private/pal_navigation_msgs/include/pal_navigation_msgs/PolarReadingScan.h, /home/samuel/tiago_public_ws/devel/include/pal_navigation_msgs/PolarReadingScan.h)
Linked: (/home/samuel/tiago_public_ws/devel/.private/pal_navigation_msgs/include/pal_navigation_msgs/GetPOIResponse.h, /home/samuel/tiago_public_ws/devel/include/pal_navigation_msgs/GetPOIResponse.h)
Linked: (/home/samuel/tiago_public_ws/devel/.private/pal_navigation_msgs/include/pal_navigation_msgs/FinalApproachPose.h, /home/samuel/tiago_public_ws/devel/include/pal_navigation_msgs/FinalApproachPose.h)
Linked: (/home/samuel/tiago_public_ws/devel/.private/pal_navigation_msgs/include/pal_navigation_msgs/GoToActionResult.h, /home/samuel/tiago_public_ws/devel/include/pal_navigation_msgs/GoToActionResult.h)
Linked: (/home/samuel/tiago_public_ws/devel/.private/pal_navigation_msgs/include/pal_navigation_msgs/DisableEmergencyResponse.h, /home/samuel/tiago_public_ws/devel/include/pal_navigation_msgs/DisableEmergencyResponse.h)
Linked: (/home/samuel/tiago_public_ws/devel/.private/pal_navigation_msgs/include/pal_navigation_msgs/ChangeBuildingRequest.h, /home/samuel/tiago_public_ws/devel/include/pal_navigation_msgs/ChangeBuildingRequest.h)
Linked: (/home/samuel/tiago_public_ws/devel/.private/pal_navigation_msgs/include/pal_navigation_msgs/SafetyZoneRequest.h, /home/samuel/tiago_public_ws/devel/include/pal_navigation_msgs/SafetyZoneRequest.h)
Linked: (/home/samuel/tiago_public_ws/devel/.private/pal_navigation_msgs/include/pal_navigation_msgs/MapConfiguration.h, /home/samuel/tiago_public_ws/devel/include/pal_navigation_msgs/MapConfiguration.h)
Linked: (/home/samuel/tiago_public_ws/devel/.private/pal_navigation_msgs/include/pal_navigation_msgs/SetSubMapFloorRequest.h, /home/samuel/tiago_public_ws/devel/include/pal_navigation_msgs/SetSubMapFloorRequest.h)
Linked: (/home/samuel/tiago_public_ws/devel/.private/pal_navigation_msgs/include/pal_navigation_msgs/GetMapConfiguration.h, /home/samuel/tiago_public_ws/devel/include/pal_navigation_msgs/GetMapConfiguration.h)
Linked: (/home/samuel/tiago_public_ws/devel/.private/pal_navigation_msgs/include/pal_navigation_msgs/JoyTurboResult.h, /home/samuel/tiago_public_ws/devel/include/pal_navigation_msgs/JoyTurboResult.h)
Linked: (/home/samuel/tiago_public_ws/devel/.private/pal_navigation_msgs/include/pal_navigation_msgs/JoyPriorityGoal.h, /home/samuel/tiago_public_ws/devel/include/pal_navigation_msgs/JoyPriorityGoal.h)
Linked: (/home/samuel/tiago_public_ws/devel/.private/pal_navigation_msgs/include/pal_navigation_msgs/TabletPOI.h, /home/samuel/tiago_public_ws/devel/include/pal_navigation_msgs/TabletPOI.h)
Linked: (/home/samuel/tiago_public_ws/devel/.private/pal_navigation_msgs/include/pal_navigation_msgs/JoyPriorityActionFeedback.h, /home/samuel/tiago_public_ws/devel/include/pal_navigation_msgs/JoyPriorityActionFeedback.h)
Linked: (/home/samuel/tiago_public_ws/devel/.private/pal_navigation_msgs/include/pal_navigation_msgs/JoyTurboGoal.h, /home/samuel/tiago_public_ws/devel/include/pal_navigation_msgs/JoyTurboGoal.h)
Linked: (/home/samuel/tiago_public_ws/devel/.private/pal_navigation_msgs/include/pal_navigation_msgs/JoyPriorityResult.h, /home/samuel/tiago_public_ws/devel/include/pal_navigation_msgs/JoyPriorityResult.h)
Linked: (/home/samuel/tiago_public_ws/devel/.private/pal_navigation_msgs/include/pal_navigation_msgs/ChangeBuilding.h, /home/samuel/tiago_public_ws/devel/include/pal_navigation_msgs/ChangeBuilding.h)
Linked: (/home/samuel/tiago_public_ws/devel/.private/pal_navigation_msgs/include/pal_navigation_msgs/AcknowledgmentRequest.h, /home/samuel/tiago_public_ws/devel/include/pal_navigation_msgs/AcknowledgmentRequest.h)
Linked: (/home/samuel/tiago_public_ws/devel/.private/pal_navigation_msgs/include/pal_navigation_msgs/JoyPriorityActionResult.h, /home/samuel/tiago_public_ws/devel/include/pal_navigation_msgs/JoyPriorityActionResult.h)
Linked: (/home/samuel/tiago_public_ws/devel/.private/pal_navigation_msgs/include/pal_navigation_msgs/Emergency.h, /home/samuel/tiago_public_ws/devel/include/pal_navigation_msgs/Emergency.h)
Linked: (/home/samuel/tiago_public_ws/devel/.private/pal_navigation_msgs/include/pal_navigation_msgs/GoToGoal.h, /home/samuel/tiago_public_ws/devel/include/pal_navigation_msgs/GoToGoal.h)
Linked: (/home/samuel/tiago_public_ws/devel/.private/pal_navigation_msgs/include/pal_navigation_msgs/JoyPriorityActionGoal.h, /home/samuel/tiago_public_ws/devel/include/pal_navigation_msgs/JoyPriorityActionGoal.h)
Linked: (/home/samuel/tiago_public_ws/devel/.private/pal_navigation_msgs/include/pal_navigation_msgs/JoyPriorityAction.h, /home/samuel/tiago_public_ws/devel/include/pal_navigation_msgs/JoyPriorityAction.h)
Linked: (/home/samuel/tiago_public_ws/devel/.private/pal_navigation_msgs/include/pal_navigation_msgs/GetNodesResponse.h, /home/samuel/tiago_public_ws/devel/include/pal_navigation_msgs/GetNodesResponse.h)
Linked: (/home/samuel/tiago_public_ws/devel/.private/pal_navigation_msgs/include/pal_navigation_msgs/POI.h, /home/samuel/tiago_public_ws/devel/include/pal_navigation_msgs/POI.h)
Linked: (/home/samuel/tiago_public_ws/devel/.private/pal_navigation_msgs/include/pal_navigation_msgs/SetSubMapFloor.h, /home/samuel/tiago_public_ws/devel/include/pal_navigation_msgs/SetSubMapFloor.h)
Linked: (/home/samuel/tiago_public_ws/devel/.private/pal_navigation_msgs/include/pal_navigation_msgs/SetMapConfigurationResponse.h, /home/samuel/tiago_public_ws/devel/include/pal_navigation_msgs/SetMapConfigurationResponse.h)
Linked: (/home/samuel/tiago_public_ws/devel/.private/pal_navigation_msgs/include/pal_navigation_msgs/GoToResult.h, /home/samuel/tiago_public_ws/devel/include/pal_navigation_msgs/GoToResult.h)
Linked: (/home/samuel/tiago_public_ws/devel/.private/pal_navigation_msgs/include/pal_navigation_msgs/VisualTrainingActionResult.h, /home/samuel/tiago_public_ws/devel/include/pal_navigation_msgs/VisualTrainingActionResult.h)
Linked: (/home/samuel/tiago_public_ws/devel/.private/pal_navigation_msgs/include/pal_navigation_msgs/SetMapConfigurationRequest.h, /home/samuel/tiago_public_ws/devel/include/pal_navigation_msgs/SetMapConfigurationRequest.h)
Linked: (/home/samuel/tiago_public_ws/devel/.private/pal_navigation_msgs/include/pal_navigation_msgs/GoToPOIActionFeedback.h, /home/samuel/tiago_public_ws/devel/include/pal_navigation_msgs/GoToPOIActionFeedback.h)
Linked: (/home/samuel/tiago_public_ws/devel/.private/pal_navigation_msgs/include/pal_navigation_msgs/FinalApproachPoseRequest.h, /home/samuel/tiago_public_ws/devel/include/pal_navigation_msgs/FinalApproachPoseRequest.h)
Linked: (/home/samuel/tiago_public_ws/devel/.private/pal_navigation_msgs/include/pal_navigation_msgs/GetSubMapResponse.h, /home/samuel/tiago_public_ws/devel/include/pal_navigation_msgs/GetSubMapResponse.h)
Linked: (/home/samuel/tiago_public_ws/devel/.private/pal_navigation_msgs/include/pal_navigation_msgs/VisualTrainingAction.h, /home/samuel/tiago_public_ws/devel/include/pal_navigation_msgs/VisualTrainingAction.h)
Linked: (/home/samuel/tiago_public_ws/devel/.private/pal_navigation_msgs/include/pal_navigation_msgs/AcknowledgmentResponse.h, /home/samuel/tiago_public_ws/devel/include/pal_navigation_msgs/AcknowledgmentResponse.h)
Linked: (/home/samuel/tiago_public_ws/devel/.private/pal_navigation_msgs/include/pal_navigation_msgs/DisableEmergencyRequest.h, /home/samuel/tiago_public_ws/devel/include/pal_navigation_msgs/DisableEmergencyRequest.h)
Linked: (/home/samuel/tiago_public_ws/devel/.private/pal_navigation_msgs/include/pal_navigation_msgs/GoToAction.h, /home/samuel/tiago_public_ws/devel/include/pal_navigation_msgs/GoToAction.h)
Linked: (/home/samuel/tiago_public_ws/devel/.private/pal_navigation_msgs/include/pal_navigation_msgs/GoToActionGoal.h, /home/samuel/tiago_public_ws/devel/include/pal_navigation_msgs/GoToActionGoal.h)
Linked: (/home/samuel/tiago_public_ws/devel/.private/pal_navigation_msgs/include/pal_navigation_msgs/AvailableMaps.h, /home/samuel/tiago_public_ws/devel/include/pal_navigation_msgs/AvailableMaps.h)
Linked: (/home/samuel/tiago_public_ws/devel/.private/pal_navigation_msgs/include/pal_navigation_msgs/GoToPOIFeedback.h, /home/samuel/tiago_public_ws/devel/include/pal_navigation_msgs/GoToPOIFeedback.h)
Linked: (/home/samuel/tiago_public_ws/devel/.private/pal_navigation_msgs/include/pal_navigation_msgs/ServiceStatus.h, /home/samuel/tiago_public_ws/devel/include/pal_navigation_msgs/ServiceStatus.h)
Linked: (/home/samuel/tiago_public_ws/devel/.private/pal_navigation_msgs/include/pal_navigation_msgs/VisualLocRecognize.h, /home/samuel/tiago_public_ws/devel/include/pal_navigation_msgs/VisualLocRecognize.h)
Linked: (/home/samuel/tiago_public_ws/devel/.private/pal_navigation_msgs/include/pal_navigation_msgs/GoToPOIAction.h, /home/samuel/tiago_public_ws/devel/include/pal_navigation_msgs/GoToPOIAction.h)
Linked: (/home/samuel/tiago_public_ws/devel/.private/pal_navigation_msgs/include/pal_navigation_msgs/GetPOIRequest.h, /home/samuel/tiago_public_ws/devel/include/pal_navigation_msgs/GetPOIRequest.h)
Linked: (/home/samuel/tiago_public_ws/devel/.private/pal_navigation_msgs/include/pal_navigation_msgs/GetPOI.h, /home/samuel/tiago_public_ws/devel/include/pal_navigation_msgs/GetPOI.h)
Linked: (/home/samuel/tiago_public_ws/devel/.private/pal_navigation_msgs/include/pal_navigation_msgs/SaveMap.h, /home/samuel/tiago_public_ws/devel/include/pal_navigation_msgs/SaveMap.h)
Linked: (/home/samuel/tiago_public_ws/devel/.private/pal_navigation_msgs/include/pal_navigation_msgs/GetSubMap.h, /home/samuel/tiago_public_ws/devel/include/pal_navigation_msgs/GetSubMap.h)
Linked: (/home/samuel/tiago_public_ws/devel/.private/pal_navigation_msgs/include/pal_navigation_msgs/GoToPOIActionGoal.h, /home/samuel/tiago_public_ws/devel/include/pal_navigation_msgs/GoToPOIActionGoal.h)
Linked: (/home/samuel/tiago_public_ws/devel/.private/pal_navigation_msgs/include/pal_navigation_msgs/VisualLocRecognizeRequest.h, /home/samuel/tiago_public_ws/devel/include/pal_navigation_msgs/VisualLocRecognizeRequest.h)
Linked: (/home/samuel/tiago_public_ws/devel/.private/pal_navigation_msgs/include/pal_navigation_msgs/JoyTurboFeedback.h, /home/samuel/tiago_public_ws/devel/include/pal_navigation_msgs/JoyTurboFeedback.h)
Linked: (/home/samuel/tiago_public_ws/devel/.private/pal_navigation_msgs/include/pal_navigation_msgs/SetPOIRequest.h, /home/samuel/tiago_public_ws/devel/include/pal_navigation_msgs/SetPOIRequest.h)
Linked: (/home/samuel/tiago_public_ws/devel/.private/pal_navigation_msgs/include/pal_navigation_msgs/SafetyZoneResponse.h, /home/samuel/tiago_public_ws/devel/include/pal_navigation_msgs/SafetyZoneResponse.h)
Linked: (/home/samuel/tiago_public_ws/devel/.private/pal_navigation_msgs/include/pal_navigation_msgs/GetMapConfigurationResponse.h, /home/samuel/tiago_public_ws/devel/include/pal_navigation_msgs/GetMapConfigurationResponse.h)
Linked: (/home/samuel/tiago_public_ws/devel/.private/pal_navigation_msgs/include/pal_navigation_msgs/VisualTrainingResult.h, /home/samuel/tiago_public_ws/devel/include/pal_navigation_msgs/VisualTrainingResult.h)
Linked: (/home/samuel/tiago_public_ws/devel/.private/pal_navigation_msgs/include/pal_navigation_msgs/GoToPOIGoal.h, /home/samuel/tiago_public_ws/devel/include/pal_navigation_msgs/GoToPOIGoal.h)
Linked: (/home/samuel/tiago_public_ws/devel/.private/pal_navigation_msgs/include/pal_navigation_msgs/FinalApproachPoseResponse.h, /home/samuel/tiago_public_ws/devel/include/pal_navigation_msgs/FinalApproachPoseResponse.h)
Linked: (/home/samuel/tiago_public_ws/devel/.private/pal_navigation_msgs/include/pal_navigation_msgs/SaveMapResponse.h, /home/samuel/tiago_public_ws/devel/include/pal_navigation_msgs/SaveMapResponse.h)
Linked: (/home/samuel/tiago_public_ws/devel/.private/pal_navigation_msgs/include/pal_navigation_msgs/JoyTurboActionFeedback.h, /home/samuel/tiago_public_ws/devel/include/pal_navigation_msgs/JoyTurboActionFeedback.h)
Linked: (/home/samuel/tiago_public_ws/devel/.private/pal_navigation_msgs/include/pal_navigation_msgs/GoToPOIResult.h, /home/samuel/tiago_public_ws/devel/include/pal_navigation_msgs/GoToPOIResult.h)
Linked: (/home/samuel/tiago_public_ws/devel/.private/pal_navigation_msgs/include/pal_navigation_msgs/Acknowledgment.h, /home/samuel/tiago_public_ws/devel/include/pal_navigation_msgs/Acknowledgment.h)
Linked: (/home/samuel/tiago_public_ws/devel/.private/pal_navigation_msgs/include/pal_navigation_msgs/EulerAnglesStamped.h, /home/samuel/tiago_public_ws/devel/include/pal_navigation_msgs/EulerAnglesStamped.h)
Linked: (/home/samuel/tiago_public_ws/devel/.private/pal_navigation_msgs/include/pal_navigation_msgs/GoToPOIActionResult.h, /home/samuel/tiago_public_ws/devel/include/pal_navigation_msgs/GoToPOIActionResult.h)
Linked: (/home/samuel/tiago_public_ws/devel/.private/pal_navigation_msgs/include/pal_navigation_msgs/GoToActionFeedback.h, /home/samuel/tiago_public_ws/devel/include/pal_navigation_msgs/GoToActionFeedback.h)
Linked: (/home/samuel/tiago_public_ws/devel/.private/pal_navigation_msgs/include/pal_navigation_msgs/JoyPriorityFeedback.h, /home/samuel/tiago_public_ws/devel/include/pal_navigation_msgs/JoyPriorityFeedback.h)
Linked: (/home/samuel/tiago_public_ws/devel/.private/pal_navigation_msgs/include/pal_navigation_msgs/DisableEmergency.h, /home/samuel/tiago_public_ws/devel/include/pal_navigation_msgs/DisableEmergency.h)
Linked: (/home/samuel/tiago_public_ws/devel/.private/pal_navigation_msgs/include/pal_navigation_msgs/GetNodes.h, /home/samuel/tiago_public_ws/devel/include/pal_navigation_msgs/GetNodes.h)
Linked: (/home/samuel/tiago_public_ws/devel/.private/pal_navigation_msgs/include/pal_navigation_msgs/SafetyZone.h, /home/samuel/tiago_public_ws/devel/include/pal_navigation_msgs/SafetyZone.h)
Linked: (/home/samuel/tiago_public_ws/devel/.private/pal_navigation_msgs/include/pal_navigation_msgs/VisualTrainingFeedback.h, /home/samuel/tiago_public_ws/devel/include/pal_navigation_msgs/VisualTrainingFeedback.h)
Linked: (/home/samuel/tiago_public_ws/devel/.private/pal_navigation_msgs/include/pal_navigation_msgs/PolarReading.h, /home/samuel/tiago_public_ws/devel/include/pal_navigation_msgs/PolarReading.h)
Linked: (/home/samuel/tiago_public_ws/devel/.private/pal_navigation_msgs/include/pal_navigation_msgs/GetMapConfigurationRequest.h, /home/samuel/tiago_public_ws/devel/include/pal_navigation_msgs/GetMapConfigurationRequest.h)
Linked: (/home/samuel/tiago_public_ws/devel/.private/pal_navigation_msgs/include/pal_navigation_msgs/EulerAngles.h, /home/samuel/tiago_public_ws/devel/include/pal_navigation_msgs/EulerAngles.h)
Linked: (/home/samuel/tiago_public_ws/devel/.private/pal_navigation_msgs/include/pal_navigation_msgs/SetPOIResponse.h, /home/samuel/tiago_public_ws/devel/include/pal_navigation_msgs/SetPOIResponse.h)
Linked: (/home/samuel/tiago_public_ws/devel/.private/pal_navigation_msgs/include/pal_navigation_msgs/VisualTrainingActionGoal.h, /home/samuel/tiago_public_ws/devel/include/pal_navigation_msgs/VisualTrainingActionGoal.h)
Linked: (/home/samuel/tiago_public_ws/devel/.private/pal_navigation_msgs/include/pal_navigation_msgs/JoyTurboActionResult.h, /home/samuel/tiago_public_ws/devel/include/pal_navigation_msgs/JoyTurboActionResult.h)
Linked: (/home/samuel/tiago_public_ws/devel/.private/pal_navigation_msgs/include/pal_navigation_msgs/JoyTurboAction.h, /home/samuel/tiago_public_ws/devel/include/pal_navigation_msgs/JoyTurboAction.h)
Linked: (/home/samuel/tiago_public_ws/devel/.private/pal_navigation_msgs/include/pal_navigation_msgs/SetMapConfiguration.h, /home/samuel/tiago_public_ws/devel/include/pal_navigation_msgs/SetMapConfiguration.h)
Linked: (/home/samuel/tiago_public_ws/devel/.private/pal_navigation_msgs/include/pal_navigation_msgs/VisualLocDB.h, /home/samuel/tiago_public_ws/devel/include/pal_navigation_msgs/VisualLocDB.h)
Linked: (/home/samuel/tiago_public_ws/devel/.private/pal_navigation_msgs/include/pal_navigation_msgs/VisualTrainingActionFeedback.h, /home/samuel/tiago_public_ws/devel/include/pal_navigation_msgs/VisualTrainingActionFeedback.h)
Linked: (/home/samuel/tiago_public_ws/devel/.private/pal_navigation_msgs/include/pal_navigation_msgs/VisualTrainingGoal.h, /home/samuel/tiago_public_ws/devel/include/pal_navigation_msgs/VisualTrainingGoal.h)
Linked: (/home/samuel/tiago_public_ws/devel/.private/pal_navigation_msgs/include/pal_navigation_msgs/SetPOI.h, /home/samuel/tiago_public_ws/devel/include/pal_navigation_msgs/SetPOI.h)
Linked: (/home/samuel/tiago_public_ws/devel/.private/pal_navigation_msgs/include/pal_navigation_msgs/SaveMapRequest.h, /home/samuel/tiago_public_ws/devel/include/pal_navigation_msgs/SaveMapRequest.h)
Linked: (/home/samuel/tiago_public_ws/devel/.private/pal_navigation_msgs/include/pal_navigation_msgs/ChangeBuildingResponse.h, /home/samuel/tiago_public_ws/devel/include/pal_navigation_msgs/ChangeBuildingResponse.h)
Linked: (/home/samuel/tiago_public_ws/devel/.private/pal_navigation_msgs/include/pal_navigation_msgs/NiceMapTransformation.h, /home/samuel/tiago_public_ws/devel/include/pal_navigation_msgs/NiceMapTransformation.h)
Linked: (/home/samuel/tiago_public_ws/devel/.private/pal_navigation_msgs/include/pal_navigation_msgs/SetSubMapFloorResponse.h, /home/samuel/tiago_public_ws/devel/include/pal_navigation_msgs/SetSubMapFloorResponse.h)
Linked: (/home/samuel/tiago_public_ws/devel/.private/pal_navigation_msgs/include/pal_navigation_msgs/GetNodesRequest.h, /home/samuel/tiago_public_ws/devel/include/pal_navigation_msgs/GetNodesRequest.h)
Linked: (/home/samuel/tiago_public_ws/devel/.private/pal_navigation_msgs/include/pal_navigation_msgs/JoyTurboActionGoal.h, /home/samuel/tiago_public_ws/devel/include/pal_navigation_msgs/JoyTurboActionGoal.h)
Linked: (/home/samuel/tiago_public_ws/devel/.private/pal_navigation_msgs/share/pal_navigation_msgs/msg/JoyTurboActionResult.msg, /home/samuel/tiago_public_ws/devel/share/pal_navigation_msgs/msg/JoyTurboActionResult.msg)
Linked: (/home/samuel/tiago_public_ws/devel/.private/pal_navigation_msgs/share/pal_navigation_msgs/msg/VisualTrainingActionGoal.msg, /home/samuel/tiago_public_ws/devel/share/pal_navigation_msgs/msg/VisualTrainingActionGoal.msg)
Linked: (/home/samuel/tiago_public_ws/devel/.private/pal_navigation_msgs/share/pal_navigation_msgs/msg/GoToPOIGoal.msg, /home/samuel/tiago_public_ws/devel/share/pal_navigation_msgs/msg/GoToPOIGoal.msg)
Linked: (/home/samuel/tiago_public_ws/devel/.private/pal_navigation_msgs/share/pal_navigation_msgs/msg/JoyTurboResult.msg, /home/samuel/tiago_public_ws/devel/share/pal_navigation_msgs/msg/JoyTurboResult.msg)
Linked: (/home/samuel/tiago_public_ws/devel/.private/pal_navigation_msgs/share/pal_navigation_msgs/msg/GoToPOIFeedback.msg, /home/samuel/tiago_public_ws/devel/share/pal_navigation_msgs/msg/GoToPOIFeedback.msg)
Linked: (/home/samuel/tiago_public_ws/devel/.private/pal_navigation_msgs/share/pal_navigation_msgs/msg/GoToActionGoal.msg, /home/samuel/tiago_public_ws/devel/share/pal_navigation_msgs/msg/GoToActionGoal.msg)
Linked: (/home/samuel/tiago_public_ws/devel/.private/pal_navigation_msgs/share/pal_navigation_msgs/msg/GoToFeedback.msg, /home/samuel/tiago_public_ws/devel/share/pal_navigation_msgs/msg/GoToFeedback.msg)
Linked: (/home/samuel/tiago_public_ws/devel/.private/pal_navigation_msgs/share/pal_navigation_msgs/msg/JoyPriorityActionResult.msg, /home/samuel/tiago_public_ws/devel/share/pal_navigation_msgs/msg/JoyPriorityActionResult.msg)
Linked: (/home/samuel/tiago_public_ws/devel/.private/pal_navigation_msgs/share/pal_navigation_msgs/msg/GoToPOIAction.msg, /home/samuel/tiago_public_ws/devel/share/pal_navigation_msgs/msg/GoToPOIAction.msg)
Linked: (/home/samuel/tiago_public_ws/devel/.private/pal_navigation_msgs/share/pal_navigation_msgs/msg/GoToGoal.msg, /home/samuel/tiago_public_ws/devel/share/pal_navigation_msgs/msg/GoToGoal.msg)
Linked: (/home/samuel/tiago_public_ws/devel/.private/pal_navigation_msgs/share/pal_navigation_msgs/msg/VisualTrainingActionFeedback.msg, /home/samuel/tiago_public_ws/devel/share/pal_navigation_msgs/msg/VisualTrainingActionFeedback.msg)
Linked: (/home/samuel/tiago_public_ws/devel/.private/pal_navigation_msgs/share/pal_navigation_msgs/msg/JoyPriorityGoal.msg, /home/samuel/tiago_public_ws/devel/share/pal_navigation_msgs/msg/JoyPriorityGoal.msg)
Linked: (/home/samuel/tiago_public_ws/devel/.private/pal_navigation_msgs/share/pal_navigation_msgs/msg/GoToPOIActionGoal.msg, /home/samuel/tiago_public_ws/devel/share/pal_navigation_msgs/msg/GoToPOIActionGoal.msg)
Linked: (/home/samuel/tiago_public_ws/devel/.private/pal_navigation_msgs/share/pal_navigation_msgs/msg/JoyPriorityFeedback.msg, /home/samuel/tiago_public_ws/devel/share/pal_navigation_msgs/msg/JoyPriorityFeedback.msg)
Linked: (/home/samuel/tiago_public_ws/devel/.private/pal_navigation_msgs/share/pal_navigation_msgs/msg/JoyPriorityActionGoal.msg, /home/samuel/tiago_public_ws/devel/share/pal_navigation_msgs/msg/JoyPriorityActionGoal.msg)
Linked: (/home/samuel/tiago_public_ws/devel/.private/pal_navigation_msgs/share/pal_navigation_msgs/msg/JoyTurboGoal.msg, /home/samuel/tiago_public_ws/devel/share/pal_navigation_msgs/msg/JoyTurboGoal.msg)
Linked: (/home/samuel/tiago_public_ws/devel/.private/pal_navigation_msgs/share/pal_navigation_msgs/msg/VisualTrainingAction.msg, /home/samuel/tiago_public_ws/devel/share/pal_navigation_msgs/msg/VisualTrainingAction.msg)
Linked: (/home/samuel/tiago_public_ws/devel/.private/pal_navigation_msgs/share/pal_navigation_msgs/msg/VisualTrainingActionResult.msg, /home/samuel/tiago_public_ws/devel/share/pal_navigation_msgs/msg/VisualTrainingActionResult.msg)
Linked: (/home/samuel/tiago_public_ws/devel/.private/pal_navigation_msgs/share/pal_navigation_msgs/msg/GoToActionFeedback.msg, /home/samuel/tiago_public_ws/devel/share/pal_navigation_msgs/msg/GoToActionFeedback.msg)
Linked: (/home/samuel/tiago_public_ws/devel/.private/pal_navigation_msgs/share/pal_navigation_msgs/msg/VisualTrainingFeedback.msg, /home/samuel/tiago_public_ws/devel/share/pal_navigation_msgs/msg/VisualTrainingFeedback.msg)
Linked: (/home/samuel/tiago_public_ws/devel/.private/pal_navigation_msgs/share/pal_navigation_msgs/msg/VisualTrainingGoal.msg, /home/samuel/tiago_public_ws/devel/share/pal_navigation_msgs/msg/VisualTrainingGoal.msg)
Linked: (/home/samuel/tiago_public_ws/devel/.private/pal_navigation_msgs/share/pal_navigation_msgs/msg/JoyTurboFeedback.msg, /home/samuel/tiago_public_ws/devel/share/pal_navigation_msgs/msg/JoyTurboFeedback.msg)
Linked: (/home/samuel/tiago_public_ws/devel/.private/pal_navigation_msgs/share/pal_navigation_msgs/msg/GoToAction.msg, /home/samuel/tiago_public_ws/devel/share/pal_navigation_msgs/msg/GoToAction.msg)
Linked: (/home/samuel/tiago_public_ws/devel/.private/pal_navigation_msgs/share/pal_navigation_msgs/msg/GoToResult.msg, /home/samuel/tiago_public_ws/devel/share/pal_navigation_msgs/msg/GoToResult.msg)
Linked: (/home/samuel/tiago_public_ws/devel/.private/pal_navigation_msgs/share/pal_navigation_msgs/msg/JoyTurboActionFeedback.msg, /home/samuel/tiago_public_ws/devel/share/pal_navigation_msgs/msg/JoyTurboActionFeedback.msg)
Linked: (/home/samuel/tiago_public_ws/devel/.private/pal_navigation_msgs/share/pal_navigation_msgs/msg/VisualTrainingResult.msg, /home/samuel/tiago_public_ws/devel/share/pal_navigation_msgs/msg/VisualTrainingResult.msg)
Linked: (/home/samuel/tiago_public_ws/devel/.private/pal_navigation_msgs/share/pal_navigation_msgs/msg/GoToPOIActionResult.msg, /home/samuel/tiago_public_ws/devel/share/pal_navigation_msgs/msg/GoToPOIActionResult.msg)
Linked: (/home/samuel/tiago_public_ws/devel/.private/pal_navigation_msgs/share/pal_navigation_msgs/msg/GoToPOIResult.msg, /home/samuel/tiago_public_ws/devel/share/pal_navigation_msgs/msg/GoToPOIResult.msg)
Linked: (/home/samuel/tiago_public_ws/devel/.private/pal_navigation_msgs/share/pal_navigation_msgs/msg/JoyTurboAction.msg, /home/samuel/tiago_public_ws/devel/share/pal_navigation_msgs/msg/JoyTurboAction.msg)
Linked: (/home/samuel/tiago_public_ws/devel/.private/pal_navigation_msgs/share/pal_navigation_msgs/msg/JoyPriorityActionFeedback.msg, /home/samuel/tiago_public_ws/devel/share/pal_navigation_msgs/msg/JoyPriorityActionFeedback.msg)
Linked: (/home/samuel/tiago_public_ws/devel/.private/pal_navigation_msgs/share/pal_navigation_msgs/msg/GoToPOIActionFeedback.msg, /home/samuel/tiago_public_ws/devel/share/pal_navigation_msgs/msg/GoToPOIActionFeedback.msg)
Linked: (/home/samuel/tiago_public_ws/devel/.private/pal_navigation_msgs/share/pal_navigation_msgs/msg/JoyPriorityResult.msg, /home/samuel/tiago_public_ws/devel/share/pal_navigation_msgs/msg/JoyPriorityResult.msg)
Linked: (/home/samuel/tiago_public_ws/devel/.private/pal_navigation_msgs/share/pal_navigation_msgs/msg/JoyTurboActionGoal.msg, /home/samuel/tiago_public_ws/devel/share/pal_navigation_msgs/msg/JoyTurboActionGoal.msg)
Linked: (/home/samuel/tiago_public_ws/devel/.private/pal_navigation_msgs/share/pal_navigation_msgs/msg/JoyPriorityAction.msg, /home/samuel/tiago_public_ws/devel/share/pal_navigation_msgs/msg/JoyPriorityAction.msg)
Linked: (/home/samuel/tiago_public_ws/devel/.private/pal_navigation_msgs/share/pal_navigation_msgs/msg/GoToActionResult.msg, /home/samuel/tiago_public_ws/devel/share/pal_navigation_msgs/msg/GoToActionResult.msg)
Linked: (/home/samuel/tiago_public_ws/devel/.private/pal_navigation_msgs/share/pal_navigation_msgs/cmake/pal_navigation_msgs-msg-paths.cmake, /home/samuel/tiago_public_ws/devel/share/pal_navigation_msgs/cmake/pal_navigation_msgs-msg-paths.cmake)
Linked: (/home/samuel/tiago_public_ws/devel/.private/pal_navigation_msgs/share/pal_navigation_msgs/cmake/pal_navigation_msgsConfig-version.cmake, /home/samuel/tiago_public_ws/devel/share/pal_navigation_msgs/cmake/pal_navigation_msgsConfig-version.cmake)
Linked: (/home/samuel/tiago_public_ws/devel/.private/pal_navigation_msgs/share/pal_navigation_msgs/cmake/pal_navigation_msgsConfig.cmake, /home/samuel/tiago_public_ws/devel/share/pal_navigation_msgs/cmake/pal_navigation_msgsConfig.cmake)
Linked: (/home/samuel/tiago_public_ws/devel/.private/pal_navigation_msgs/share/pal_navigation_msgs/cmake/pal_navigation_msgs-msg-extras.cmake, /home/samuel/tiago_public_ws/devel/share/pal_navigation_msgs/cmake/pal_navigation_msgs-msg-extras.cmake)
Linked: (/home/samuel/tiago_public_ws/devel/.private/pal_navigation_msgs/share/common-lisp/ros/pal_navigation_msgs/msg/GoToPOIGoal.lisp, /home/samuel/tiago_public_ws/devel/share/common-lisp/ros/pal_navigation_msgs/msg/GoToPOIGoal.lisp)
Linked: (/home/samuel/tiago_public_ws/devel/.private/pal_navigation_msgs/share/common-lisp/ros/pal_navigation_msgs/msg/AvailableMaps.lisp, /home/samuel/tiago_public_ws/devel/share/common-lisp/ros/pal_navigation_msgs/msg/AvailableMaps.lisp)
Linked: (/home/samuel/tiago_public_ws/devel/.private/pal_navigation_msgs/share/common-lisp/ros/pal_navigation_msgs/msg/_package_GoToPOIGoal.lisp, /home/samuel/tiago_public_ws/devel/share/common-lisp/ros/pal_navigation_msgs/msg/_package_GoToPOIGoal.lisp)
Linked: (/home/samuel/tiago_public_ws/devel/.private/pal_navigation_msgs/share/common-lisp/ros/pal_navigation_msgs/msg/_package_JoyTurboGoal.lisp, /home/samuel/tiago_public_ws/devel/share/common-lisp/ros/pal_navigation_msgs/msg/_package_JoyTurboGoal.lisp)
Linked: (/home/samuel/tiago_public_ws/devel/.private/pal_navigation_msgs/share/common-lisp/ros/pal_navigation_msgs/msg/_package_AvailableMaps.lisp, /home/samuel/tiago_public_ws/devel/share/common-lisp/ros/pal_navigation_msgs/msg/_package_AvailableMaps.lisp)
Linked: (/home/samuel/tiago_public_ws/devel/.private/pal_navigation_msgs/share/common-lisp/ros/pal_navigation_msgs/msg/POI.lisp, /home/samuel/tiago_public_ws/devel/share/common-lisp/ros/pal_navigation_msgs/msg/POI.lisp)
Linked: (/home/samuel/tiago_public_ws/devel/.private/pal_navigation_msgs/share/common-lisp/ros/pal_navigation_msgs/msg/_package_JoyPriorityActionGoal.lisp, /home/samuel/tiago_public_ws/devel/share/common-lisp/ros/pal_navigation_msgs/msg/_package_JoyPriorityActionGoal.lisp)
Linked: (/home/samuel/tiago_public_ws/devel/.private/pal_navigation_msgs/share/common-lisp/ros/pal_navigation_msgs/msg/JoyTurboAction.lisp, /home/samuel/tiago_public_ws/devel/share/common-lisp/ros/pal_navigation_msgs/msg/JoyTurboAction.lisp)
Linked: (/home/samuel/tiago_public_ws/devel/.private/pal_navigation_msgs/share/common-lisp/ros/pal_navigation_msgs/msg/GoToPOIResult.lisp, /home/samuel/tiago_public_ws/devel/share/common-lisp/ros/pal_navigation_msgs/msg/GoToPOIResult.lisp)
Linked: (/home/samuel/tiago_public_ws/devel/.private/pal_navigation_msgs/share/common-lisp/ros/pal_navigation_msgs/msg/JoyTurboResult.lisp, /home/samuel/tiago_public_ws/devel/share/common-lisp/ros/pal_navigation_msgs/msg/JoyTurboResult.lisp)
Linked: (/home/samuel/tiago_public_ws/devel/.private/pal_navigation_msgs/share/common-lisp/ros/pal_navigation_msgs/msg/_package_ServiceStatus.lisp, /home/samuel/tiago_public_ws/devel/share/common-lisp/ros/pal_navigation_msgs/msg/_package_ServiceStatus.lisp)
Linked: (/home/samuel/tiago_public_ws/devel/.private/pal_navigation_msgs/share/common-lisp/ros/pal_navigation_msgs/msg/_package_JoyTurboActionGoal.lisp, /home/samuel/tiago_public_ws/devel/share/common-lisp/ros/pal_navigation_msgs/msg/_package_JoyTurboActionGoal.lisp)
Linked: (/home/samuel/tiago_public_ws/devel/.private/pal_navigation_msgs/share/common-lisp/ros/pal_navigation_msgs/msg/_package_VisualTrainingActionGoal.lisp, /home/samuel/tiago_public_ws/devel/share/common-lisp/ros/pal_navigation_msgs/msg/_package_VisualTrainingActionGoal.lisp)
Linked: (/home/samuel/tiago_public_ws/devel/.private/pal_navigation_msgs/share/common-lisp/ros/pal_navigation_msgs/msg/VisualTrainingResult.lisp, /home/samuel/tiago_public_ws/devel/share/common-lisp/ros/pal_navigation_msgs/msg/VisualTrainingResult.lisp)
Linked: (/home/samuel/tiago_public_ws/devel/.private/pal_navigation_msgs/share/common-lisp/ros/pal_navigation_msgs/msg/_package_POI.lisp, /home/samuel/tiago_public_ws/devel/share/common-lisp/ros/pal_navigation_msgs/msg/_package_POI.lisp)
Linked: (/home/samuel/tiago_public_ws/devel/.private/pal_navigation_msgs/share/common-lisp/ros/pal_navigation_msgs/msg/GoToActionFeedback.lisp, /home/samuel/tiago_public_ws/devel/share/common-lisp/ros/pal_navigation_msgs/msg/GoToActionFeedback.lisp)
Linked: (/home/samuel/tiago_public_ws/devel/.private/pal_navigation_msgs/share/common-lisp/ros/pal_navigation_msgs/msg/JoyTurboActionFeedback.lisp, /home/samuel/tiago_public_ws/devel/share/common-lisp/ros/pal_navigation_msgs/msg/JoyTurboActionFeedback.lisp)
Linked: (/home/samuel/tiago_public_ws/devel/.private/pal_navigation_msgs/share/common-lisp/ros/pal_navigation_msgs/msg/_package_JoyTurboFeedback.lisp, /home/samuel/tiago_public_ws/devel/share/common-lisp/ros/pal_navigation_msgs/msg/_package_JoyTurboFeedback.lisp)
Linked: (/home/samuel/tiago_public_ws/devel/.private/pal_navigation_msgs/share/common-lisp/ros/pal_navigation_msgs/msg/NavigationStatus.lisp, /home/samuel/tiago_public_ws/devel/share/common-lisp/ros/pal_navigation_msgs/msg/NavigationStatus.lisp)
Linked: (/home/samuel/tiago_public_ws/devel/.private/pal_navigation_msgs/share/common-lisp/ros/pal_navigation_msgs/msg/GoToActionResult.lisp, /home/samuel/tiago_public_ws/devel/share/common-lisp/ros/pal_navigation_msgs/msg/GoToActionResult.lisp)
Linked: (/home/samuel/tiago_public_ws/devel/.private/pal_navigation_msgs/share/common-lisp/ros/pal_navigation_msgs/msg/_package_JoyTurboActionFeedback.lisp, /home/samuel/tiago_public_ws/devel/share/common-lisp/ros/pal_navigation_msgs/msg/_package_JoyTurboActionFeedback.lisp)
Linked: (/home/samuel/tiago_public_ws/devel/.private/pal_navigation_msgs/share/common-lisp/ros/pal_navigation_msgs/msg/_package_GoToPOIActionFeedback.lisp, /home/samuel/tiago_public_ws/devel/share/common-lisp/ros/pal_navigation_msgs/msg/_package_GoToPOIActionFeedback.lisp)
Linked: (/home/samuel/tiago_public_ws/devel/.private/pal_navigation_msgs/share/common-lisp/ros/pal_navigation_msgs/msg/GoToFeedback.lisp, /home/samuel/tiago_public_ws/devel/share/common-lisp/ros/pal_navigation_msgs/msg/GoToFeedback.lisp)
Linked: (/home/samuel/tiago_public_ws/devel/.private/pal_navigation_msgs/share/common-lisp/ros/pal_navigation_msgs/msg/GoToResult.lisp, /home/samuel/tiago_public_ws/devel/share/common-lisp/ros/pal_navigation_msgs/msg/GoToResult.lisp)
Linked: (/home/samuel/tiago_public_ws/devel/.private/pal_navigation_msgs/share/common-lisp/ros/pal_navigation_msgs/msg/GoToPOIActionResult.lisp, /home/samuel/tiago_public_ws/devel/share/common-lisp/ros/pal_navigation_msgs/msg/GoToPOIActionResult.lisp)
Linked: (/home/samuel/tiago_public_ws/devel/.private/pal_navigation_msgs/share/common-lisp/ros/pal_navigation_msgs/msg/GoToAction.lisp, /home/samuel/tiago_public_ws/devel/share/common-lisp/ros/pal_navigation_msgs/msg/GoToAction.lisp)
Linked: (/home/samuel/tiago_public_ws/devel/.private/pal_navigation_msgs/share/common-lisp/ros/pal_navigation_msgs/msg/_package_GoToPOIAction.lisp, /home/samuel/tiago_public_ws/devel/share/common-lisp/ros/pal_navigation_msgs/msg/_package_GoToPOIAction.lisp)
Linked: (/home/samuel/tiago_public_ws/devel/.private/pal_navigation_msgs/share/common-lisp/ros/pal_navigation_msgs/msg/_package_JoyPriorityResult.lisp, /home/samuel/tiago_public_ws/devel/share/common-lisp/ros/pal_navigation_msgs/msg/_package_JoyPriorityResult.lisp)
Linked: (/home/samuel/tiago_public_ws/devel/.private/pal_navigation_msgs/share/common-lisp/ros/pal_navigation_msgs/msg/_package_GoToActionResult.lisp, /home/samuel/tiago_public_ws/devel/share/common-lisp/ros/pal_navigation_msgs/msg/_package_GoToActionResult.lisp)
Linked: (/home/samuel/tiago_public_ws/devel/.private/pal_navigation_msgs/share/common-lisp/ros/pal_navigation_msgs/msg/EulerAngles.lisp, /home/samuel/tiago_public_ws/devel/share/common-lisp/ros/pal_navigation_msgs/msg/EulerAngles.lisp)
Linked: (/home/samuel/tiago_public_ws/devel/.private/pal_navigation_msgs/share/common-lisp/ros/pal_navigation_msgs/msg/_package_GoToFeedback.lisp, /home/samuel/tiago_public_ws/devel/share/common-lisp/ros/pal_navigation_msgs/msg/_package_GoToFeedback.lisp)
Linked: (/home/samuel/tiago_public_ws/devel/.private/pal_navigation_msgs/share/common-lisp/ros/pal_navigation_msgs/msg/_package_GoToResult.lisp, /home/samuel/tiago_public_ws/devel/share/common-lisp/ros/pal_navigation_msgs/msg/_package_GoToResult.lisp)
Linked: (/home/samuel/tiago_public_ws/devel/.private/pal_navigation_msgs/share/common-lisp/ros/pal_navigation_msgs/msg/_package_JoyPriorityActionFeedback.lisp, /home/samuel/tiago_public_ws/devel/share/common-lisp/ros/pal_navigation_msgs/msg/_package_JoyPriorityActionFeedback.lisp)
Linked: (/home/samuel/tiago_public_ws/devel/.private/pal_navigation_msgs/share/common-lisp/ros/pal_navigation_msgs/msg/JoyTurboFeedback.lisp, /home/samuel/tiago_public_ws/devel/share/common-lisp/ros/pal_navigation_msgs/msg/JoyTurboFeedback.lisp)
Linked: (/home/samuel/tiago_public_ws/devel/.private/pal_navigation_msgs/share/common-lisp/ros/pal_navigation_msgs/msg/_package_GoToActionGoal.lisp, /home/samuel/tiago_public_ws/devel/share/common-lisp/ros/pal_navigation_msgs/msg/_package_GoToActionGoal.lisp)
Linked: (/home/samuel/tiago_public_ws/devel/.private/pal_navigation_msgs/share/common-lisp/ros/pal_navigation_msgs/msg/VisualTrainingFeedback.lisp, /home/samuel/tiago_public_ws/devel/share/common-lisp/ros/pal_navigation_msgs/msg/VisualTrainingFeedback.lisp)
Linked: (/home/samuel/tiago_public_ws/devel/.private/pal_navigation_msgs/share/common-lisp/ros/pal_navigation_msgs/msg/JoyTurboActionResult.lisp, /home/samuel/tiago_public_ws/devel/share/common-lisp/ros/pal_navigation_msgs/msg/JoyTurboActionResult.lisp)
Linked: (/home/samuel/tiago_public_ws/devel/.private/pal_navigation_msgs/share/common-lisp/ros/pal_navigation_msgs/msg/VisualTrainingActionFeedback.lisp, /home/samuel/tiago_public_ws/devel/share/common-lisp/ros/pal_navigation_msgs/msg/VisualTrainingActionFeedback.lisp)
Linked: (/home/samuel/tiago_public_ws/devel/.private/pal_navigation_msgs/share/common-lisp/ros/pal_navigation_msgs/msg/GoToPOIAction.lisp, /home/samuel/tiago_public_ws/devel/share/common-lisp/ros/pal_navigation_msgs/msg/GoToPOIAction.lisp)
Linked: (/home/samuel/tiago_public_ws/devel/.private/pal_navigation_msgs/share/common-lisp/ros/pal_navigation_msgs/msg/JoyPriorityAction.lisp, /home/samuel/tiago_public_ws/devel/share/common-lisp/ros/pal_navigation_msgs/msg/JoyPriorityAction.lisp)
Linked: (/home/samuel/tiago_public_ws/devel/.private/pal_navigation_msgs/share/common-lisp/ros/pal_navigation_msgs/msg/_package_MapConfiguration.lisp, /home/samuel/tiago_public_ws/devel/share/common-lisp/ros/pal_navigation_msgs/msg/_package_MapConfiguration.lisp)
Linked: (/home/samuel/tiago_public_ws/devel/.private/pal_navigation_msgs/share/common-lisp/ros/pal_navigation_msgs/msg/NiceMapTransformation.lisp, /home/samuel/tiago_public_ws/devel/share/common-lisp/ros/pal_navigation_msgs/msg/NiceMapTransformation.lisp)
Linked: (/home/samuel/tiago_public_ws/devel/.private/pal_navigation_msgs/share/common-lisp/ros/pal_navigation_msgs/msg/_package_JoyTurboAction.lisp, /home/samuel/tiago_public_ws/devel/share/common-lisp/ros/pal_navigation_msgs/msg/_package_JoyTurboAction.lisp)
Linked: (/home/samuel/tiago_public_ws/devel/.private/pal_navigation_msgs/share/common-lisp/ros/pal_navigation_msgs/msg/_package_TabletPOI.lisp, /home/samuel/tiago_public_ws/devel/share/common-lisp/ros/pal_navigation_msgs/msg/_package_TabletPOI.lisp)
Linked: (/home/samuel/tiago_public_ws/devel/.private/pal_navigation_msgs/share/common-lisp/ros/pal_navigation_msgs/msg/_package_PolarReading.lisp, /home/samuel/tiago_public_ws/devel/share/common-lisp/ros/pal_navigation_msgs/msg/_package_PolarReading.lisp)
Linked: (/home/samuel/tiago_public_ws/devel/.private/pal_navigation_msgs/share/common-lisp/ros/pal_navigation_msgs/msg/_package_JoyPriorityAction.lisp, /home/samuel/tiago_public_ws/devel/share/common-lisp/ros/pal_navigation_msgs/msg/_package_JoyPriorityAction.lisp)
Linked: (/home/samuel/tiago_public_ws/devel/.private/pal_navigation_msgs/share/common-lisp/ros/pal_navigation_msgs/msg/VisualLocDB.lisp, /home/samuel/tiago_public_ws/devel/share/common-lisp/ros/pal_navigation_msgs/msg/VisualLocDB.lisp)
Linked: (/home/samuel/tiago_public_ws/devel/.private/pal_navigation_msgs/share/common-lisp/ros/pal_navigation_msgs/msg/_package_NiceMapTransformation.lisp, /home/samuel/tiago_public_ws/devel/share/common-lisp/ros/pal_navigation_msgs/msg/_package_NiceMapTransformation.lisp)
Linked: (/home/samuel/tiago_public_ws/devel/.private/pal_navigation_msgs/share/common-lisp/ros/pal_navigation_msgs/msg/GoToPOIFeedback.lisp, /home/samuel/tiago_public_ws/devel/share/common-lisp/ros/pal_navigation_msgs/msg/GoToPOIFeedback.lisp)
Linked: (/home/samuel/tiago_public_ws/devel/.private/pal_navigation_msgs/share/common-lisp/ros/pal_navigation_msgs/msg/PolarReadingScan.lisp, /home/samuel/tiago_public_ws/devel/share/common-lisp/ros/pal_navigation_msgs/msg/PolarReadingScan.lisp)
Linked: (/home/samuel/tiago_public_ws/devel/.private/pal_navigation_msgs/share/common-lisp/ros/pal_navigation_msgs/msg/Emergency.lisp, /home/samuel/tiago_public_ws/devel/share/common-lisp/ros/pal_navigation_msgs/msg/Emergency.lisp)
Linked: (/home/samuel/tiago_public_ws/devel/.private/pal_navigation_msgs/share/common-lisp/ros/pal_navigation_msgs/msg/VisualTrainingActionResult.lisp, /home/samuel/tiago_public_ws/devel/share/common-lisp/ros/pal_navigation_msgs/msg/VisualTrainingActionResult.lisp)
Linked: (/home/samuel/tiago_public_ws/devel/.private/pal_navigation_msgs/share/common-lisp/ros/pal_navigation_msgs/msg/EulerAnglesStamped.lisp, /home/samuel/tiago_public_ws/devel/share/common-lisp/ros/pal_navigation_msgs/msg/EulerAnglesStamped.lisp)
Linked: (/home/samuel/tiago_public_ws/devel/.private/pal_navigation_msgs/share/common-lisp/ros/pal_navigation_msgs/msg/_package_JoyTurboResult.lisp, /home/samuel/tiago_public_ws/devel/share/common-lisp/ros/pal_navigation_msgs/msg/_package_JoyTurboResult.lisp)
Linked: (/home/samuel/tiago_public_ws/devel/.private/pal_navigation_msgs/share/common-lisp/ros/pal_navigation_msgs/msg/_package_JoyPriorityFeedback.lisp, /home/samuel/tiago_public_ws/devel/share/common-lisp/ros/pal_navigation_msgs/msg/_package_JoyPriorityFeedback.lisp)
Linked: (/home/samuel/tiago_public_ws/devel/.private/pal_navigation_msgs/share/common-lisp/ros/pal_navigation_msgs/msg/_package_GoToPOIFeedback.lisp, /home/samuel/tiago_public_ws/devel/share/common-lisp/ros/pal_navigation_msgs/msg/_package_GoToPOIFeedback.lisp)
Linked: (/home/samuel/tiago_public_ws/devel/.private/pal_navigation_msgs/share/common-lisp/ros/pal_navigation_msgs/msg/PolarReading.lisp, /home/samuel/tiago_public_ws/devel/share/common-lisp/ros/pal_navigation_msgs/msg/PolarReading.lisp)
Linked: (/home/samuel/tiago_public_ws/devel/.private/pal_navigation_msgs/share/common-lisp/ros/pal_navigation_msgs/msg/_package_NavigationStatus.lisp, /home/samuel/tiago_public_ws/devel/share/common-lisp/ros/pal_navigation_msgs/msg/_package_NavigationStatus.lisp)
Linked: (/home/samuel/tiago_public_ws/devel/.private/pal_navigation_msgs/share/common-lisp/ros/pal_navigation_msgs/msg/_package_EulerAnglesStamped.lisp, /home/samuel/tiago_public_ws/devel/share/common-lisp/ros/pal_navigation_msgs/msg/_package_EulerAnglesStamped.lisp)
Linked: (/home/samuel/tiago_public_ws/devel/.private/pal_navigation_msgs/share/common-lisp/ros/pal_navigation_msgs/msg/_package_JoyTurboActionResult.lisp, /home/samuel/tiago_public_ws/devel/share/common-lisp/ros/pal_navigation_msgs/msg/_package_JoyTurboActionResult.lisp)
Linked: (/home/samuel/tiago_public_ws/devel/.private/pal_navigation_msgs/share/common-lisp/ros/pal_navigation_msgs/msg/_package.lisp, /home/samuel/tiago_public_ws/devel/share/common-lisp/ros/pal_navigation_msgs/msg/_package.lisp)
Linked: (/home/samuel/tiago_public_ws/devel/.private/pal_navigation_msgs/share/common-lisp/ros/pal_navigation_msgs/msg/VisualTrainingActionGoal.lisp, /home/samuel/tiago_public_ws/devel/share/common-lisp/ros/pal_navigation_msgs/msg/VisualTrainingActionGoal.lisp)
Linked: (/home/samuel/tiago_public_ws/devel/.private/pal_navigation_msgs/share/common-lisp/ros/pal_navigation_msgs/msg/_package_VisualTrainingGoal.lisp, /home/samuel/tiago_public_ws/devel/share/common-lisp/ros/pal_navigation_msgs/msg/_package_VisualTrainingGoal.lisp)
Linked: (/home/samuel/tiago_public_ws/devel/.private/pal_navigation_msgs/share/common-lisp/ros/pal_navigation_msgs/msg/pal_navigation_msgs-msg.asd, /home/samuel/tiago_public_ws/devel/share/common-lisp/ros/pal_navigation_msgs/msg/pal_navigation_msgs-msg.asd)
Linked: (/home/samuel/tiago_public_ws/devel/.private/pal_navigation_msgs/share/common-lisp/ros/pal_navigation_msgs/msg/JoyTurboGoal.lisp, /home/samuel/tiago_public_ws/devel/share/common-lisp/ros/pal_navigation_msgs/msg/JoyTurboGoal.lisp)
Linked: (/home/samuel/tiago_public_ws/devel/.private/pal_navigation_msgs/share/common-lisp/ros/pal_navigation_msgs/msg/JoyPriorityActionFeedback.lisp, /home/samuel/tiago_public_ws/devel/share/common-lisp/ros/pal_navigation_msgs/msg/JoyPriorityActionFeedback.lisp)
Linked: (/home/samuel/tiago_public_ws/devel/.private/pal_navigation_msgs/share/common-lisp/ros/pal_navigation_msgs/msg/VisualTrainingGoal.lisp, /home/samuel/tiago_public_ws/devel/share/common-lisp/ros/pal_navigation_msgs/msg/VisualTrainingGoal.lisp)
Linked: (/home/samuel/tiago_public_ws/devel/.private/pal_navigation_msgs/share/common-lisp/ros/pal_navigation_msgs/msg/JoyPriorityGoal.lisp, /home/samuel/tiago_public_ws/devel/share/common-lisp/ros/pal_navigation_msgs/msg/JoyPriorityGoal.lisp)
Linked: (/home/samuel/tiago_public_ws/devel/.private/pal_navigation_msgs/share/common-lisp/ros/pal_navigation_msgs/msg/_package_VisualTrainingResult.lisp, /home/samuel/tiago_public_ws/devel/share/common-lisp/ros/pal_navigation_msgs/msg/_package_VisualTrainingResult.lisp)
Linked: (/home/samuel/tiago_public_ws/devel/.private/pal_navigation_msgs/share/common-lisp/ros/pal_navigation_msgs/msg/ServiceStatus.lisp, /home/samuel/tiago_public_ws/devel/share/common-lisp/ros/pal_navigation_msgs/msg/ServiceStatus.lisp)
Linked: (/home/samuel/tiago_public_ws/devel/.private/pal_navigation_msgs/share/common-lisp/ros/pal_navigation_msgs/msg/_package_JoyPriorityActionResult.lisp, /home/samuel/tiago_public_ws/devel/share/common-lisp/ros/pal_navigation_msgs/msg/_package_JoyPriorityActionResult.lisp)
Linked: (/home/samuel/tiago_public_ws/devel/.private/pal_navigation_msgs/share/common-lisp/ros/pal_navigation_msgs/msg/_package_VisualTrainingActionFeedback.lisp, /home/samuel/tiago_public_ws/devel/share/common-lisp/ros/pal_navigation_msgs/msg/_package_VisualTrainingActionFeedback.lisp)
Linked: (/home/samuel/tiago_public_ws/devel/.private/pal_navigation_msgs/share/common-lisp/ros/pal_navigation_msgs/msg/_package_EulerAngles.lisp, /home/samuel/tiago_public_ws/devel/share/common-lisp/ros/pal_navigation_msgs/msg/_package_EulerAngles.lisp)
Linked: (/home/samuel/tiago_public_ws/devel/.private/pal_navigation_msgs/share/common-lisp/ros/pal_navigation_msgs/msg/_package_GoToGoal.lisp, /home/samuel/tiago_public_ws/devel/share/common-lisp/ros/pal_navigation_msgs/msg/_package_GoToGoal.lisp)
Linked: (/home/samuel/tiago_public_ws/devel/.private/pal_navigation_msgs/share/common-lisp/ros/pal_navigation_msgs/msg/_package_VisualLocDB.lisp, /home/samuel/tiago_public_ws/devel/share/common-lisp/ros/pal_navigation_msgs/msg/_package_VisualLocDB.lisp)
Linked: (/home/samuel/tiago_public_ws/devel/.private/pal_navigation_msgs/share/common-lisp/ros/pal_navigation_msgs/msg/GoToGoal.lisp, /home/samuel/tiago_public_ws/devel/share/common-lisp/ros/pal_navigation_msgs/msg/GoToGoal.lisp)
Linked: (/home/samuel/tiago_public_ws/devel/.private/pal_navigation_msgs/share/common-lisp/ros/pal_navigation_msgs/msg/_package_JoyPriorityGoal.lisp, /home/samuel/tiago_public_ws/devel/share/common-lisp/ros/pal_navigation_msgs/msg/_package_JoyPriorityGoal.lisp)
Linked: (/home/samuel/tiago_public_ws/devel/.private/pal_navigation_msgs/share/common-lisp/ros/pal_navigation_msgs/msg/JoyPriorityActionResult.lisp, /home/samuel/tiago_public_ws/devel/share/common-lisp/ros/pal_navigation_msgs/msg/JoyPriorityActionResult.lisp)
Linked: (/home/samuel/tiago_public_ws/devel/.private/pal_navigation_msgs/share/common-lisp/ros/pal_navigation_msgs/msg/_package_GoToActionFeedback.lisp, /home/samuel/tiago_public_ws/devel/share/common-lisp/ros/pal_navigation_msgs/msg/_package_GoToActionFeedback.lisp)
Linked: (/home/samuel/tiago_public_ws/devel/.private/pal_navigation_msgs/share/common-lisp/ros/pal_navigation_msgs/msg/MapConfiguration.lisp, /home/samuel/tiago_public_ws/devel/share/common-lisp/ros/pal_navigation_msgs/msg/MapConfiguration.lisp)
Linked: (/home/samuel/tiago_public_ws/devel/.private/pal_navigation_msgs/share/common-lisp/ros/pal_navigation_msgs/msg/GoToPOIActionGoal.lisp, /home/samuel/tiago_public_ws/devel/share/common-lisp/ros/pal_navigation_msgs/msg/GoToPOIActionGoal.lisp)
Linked: (/home/samuel/tiago_public_ws/devel/.private/pal_navigation_msgs/share/common-lisp/ros/pal_navigation_msgs/msg/VisualTrainingAction.lisp, /home/samuel/tiago_public_ws/devel/share/common-lisp/ros/pal_navigation_msgs/msg/VisualTrainingAction.lisp)
Linked: (/home/samuel/tiago_public_ws/devel/.private/pal_navigation_msgs/share/common-lisp/ros/pal_navigation_msgs/msg/_package_GoToAction.lisp, /home/samuel/tiago_public_ws/devel/share/common-lisp/ros/pal_navigation_msgs/msg/_package_GoToAction.lisp)
Linked: (/home/samuel/tiago_public_ws/devel/.private/pal_navigation_msgs/share/common-lisp/ros/pal_navigation_msgs/msg/TabletPOI.lisp, /home/samuel/tiago_public_ws/devel/share/common-lisp/ros/pal_navigation_msgs/msg/TabletPOI.lisp)
Linked: (/home/samuel/tiago_public_ws/devel/.private/pal_navigation_msgs/share/common-lisp/ros/pal_navigation_msgs/msg/JoyPriorityResult.lisp, /home/samuel/tiago_public_ws/devel/share/common-lisp/ros/pal_navigation_msgs/msg/JoyPriorityResult.lisp)
Linked: (/home/samuel/tiago_public_ws/devel/.private/pal_navigation_msgs/share/common-lisp/ros/pal_navigation_msgs/msg/_package_VisualTrainingActionResult.lisp, /home/samuel/tiago_public_ws/devel/share/common-lisp/ros/pal_navigation_msgs/msg/_package_VisualTrainingActionResult.lisp)
Linked: (/home/samuel/tiago_public_ws/devel/.private/pal_navigation_msgs/share/common-lisp/ros/pal_navigation_msgs/msg/JoyPriorityActionGoal.lisp, /home/samuel/tiago_public_ws/devel/share/common-lisp/ros/pal_navigation_msgs/msg/JoyPriorityActionGoal.lisp)
Linked: (/home/samuel/tiago_public_ws/devel/.private/pal_navigation_msgs/share/common-lisp/ros/pal_navigation_msgs/msg/JoyPriorityFeedback.lisp, /home/samuel/tiago_public_ws/devel/share/common-lisp/ros/pal_navigation_msgs/msg/JoyPriorityFeedback.lisp)
Linked: (/home/samuel/tiago_public_ws/devel/.private/pal_navigation_msgs/share/common-lisp/ros/pal_navigation_msgs/msg/GoToActionGoal.lisp, /home/samuel/tiago_public_ws/devel/share/common-lisp/ros/pal_navigation_msgs/msg/GoToActionGoal.lisp)
Linked: (/home/samuel/tiago_public_ws/devel/.private/pal_navigation_msgs/share/common-lisp/ros/pal_navigation_msgs/msg/JoyTurboActionGoal.lisp, /home/samuel/tiago_public_ws/devel/share/common-lisp/ros/pal_navigation_msgs/msg/JoyTurboActionGoal.lisp)
Linked: (/home/samuel/tiago_public_ws/devel/.private/pal_navigation_msgs/share/common-lisp/ros/pal_navigation_msgs/msg/_package_GoToPOIActionGoal.lisp, /home/samuel/tiago_public_ws/devel/share/common-lisp/ros/pal_navigation_msgs/msg/_package_GoToPOIActionGoal.lisp)
Linked: (/home/samuel/tiago_public_ws/devel/.private/pal_navigation_msgs/share/common-lisp/ros/pal_navigation_msgs/msg/GoToPOIActionFeedback.lisp, /home/samuel/tiago_public_ws/devel/share/common-lisp/ros/pal_navigation_msgs/msg/GoToPOIActionFeedback.lisp)
Linked: (/home/samuel/tiago_public_ws/devel/.private/pal_navigation_msgs/share/common-lisp/ros/pal_navigation_msgs/msg/_package_GoToPOIActionResult.lisp, /home/samuel/tiago_public_ws/devel/share/common-lisp/ros/pal_navigation_msgs/msg/_package_GoToPOIActionResult.lisp)
Linked: (/home/samuel/tiago_public_ws/devel/.private/pal_navigation_msgs/share/common-lisp/ros/pal_navigation_msgs/msg/_package_Emergency.lisp, /home/samuel/tiago_public_ws/devel/share/common-lisp/ros/pal_navigation_msgs/msg/_package_Emergency.lisp)
Linked: (/home/samuel/tiago_public_ws/devel/.private/pal_navigation_msgs/share/common-lisp/ros/pal_navigation_msgs/msg/_package_PolarReadingScan.lisp, /home/samuel/tiago_public_ws/devel/share/common-lisp/ros/pal_navigation_msgs/msg/_package_PolarReadingScan.lisp)
Linked: (/home/samuel/tiago_public_ws/devel/.private/pal_navigation_msgs/share/common-lisp/ros/pal_navigation_msgs/msg/_package_GoToPOIResult.lisp, /home/samuel/tiago_public_ws/devel/share/common-lisp/ros/pal_navigation_msgs/msg/_package_GoToPOIResult.lisp)
Linked: (/home/samuel/tiago_public_ws/devel/.private/pal_navigation_msgs/share/common-lisp/ros/pal_navigation_msgs/msg/_package_VisualTrainingAction.lisp, /home/samuel/tiago_public_ws/devel/share/common-lisp/ros/pal_navigation_msgs/msg/_package_VisualTrainingAction.lisp)
Linked: (/home/samuel/tiago_public_ws/devel/.private/pal_navigation_msgs/share/common-lisp/ros/pal_navigation_msgs/msg/_package_VisualTrainingFeedback.lisp, /home/samuel/tiago_public_ws/devel/share/common-lisp/ros/pal_navigation_msgs/msg/_package_VisualTrainingFeedback.lisp)
Linked: (/home/samuel/tiago_public_ws/devel/.private/pal_navigation_msgs/share/common-lisp/ros/pal_navigation_msgs/srv/_package_DisableEmergency.lisp, /home/samuel/tiago_public_ws/devel/share/common-lisp/ros/pal_navigation_msgs/srv/_package_DisableEmergency.lisp)
Linked: (/home/samuel/tiago_public_ws/devel/.private/pal_navigation_msgs/share/common-lisp/ros/pal_navigation_msgs/srv/VisualLocRecognize.lisp, /home/samuel/tiago_public_ws/devel/share/common-lisp/ros/pal_navigation_msgs/srv/VisualLocRecognize.lisp)
Linked: (/home/samuel/tiago_public_ws/devel/.private/pal_navigation_msgs/share/common-lisp/ros/pal_navigation_msgs/srv/SetSubMapFloor.lisp, /home/samuel/tiago_public_ws/devel/share/common-lisp/ros/pal_navigation_msgs/srv/SetSubMapFloor.lisp)
Linked: (/home/samuel/tiago_public_ws/devel/.private/pal_navigation_msgs/share/common-lisp/ros/pal_navigation_msgs/srv/GetNodes.lisp, /home/samuel/tiago_public_ws/devel/share/common-lisp/ros/pal_navigation_msgs/srv/GetNodes.lisp)
Linked: (/home/samuel/tiago_public_ws/devel/.private/pal_navigation_msgs/share/common-lisp/ros/pal_navigation_msgs/srv/pal_navigation_msgs-srv.asd, /home/samuel/tiago_public_ws/devel/share/common-lisp/ros/pal_navigation_msgs/srv/pal_navigation_msgs-srv.asd)
Linked: (/home/samuel/tiago_public_ws/devel/.private/pal_navigation_msgs/share/common-lisp/ros/pal_navigation_msgs/srv/_package_GetPOI.lisp, /home/samuel/tiago_public_ws/devel/share/common-lisp/ros/pal_navigation_msgs/srv/_package_GetPOI.lisp)
Linked: (/home/samuel/tiago_public_ws/devel/.private/pal_navigation_msgs/share/common-lisp/ros/pal_navigation_msgs/srv/_package_ChangeBuilding.lisp, /home/samuel/tiago_public_ws/devel/share/common-lisp/ros/pal_navigation_msgs/srv/_package_ChangeBuilding.lisp)
Linked: (/home/samuel/tiago_public_ws/devel/.private/pal_navigation_msgs/share/common-lisp/ros/pal_navigation_msgs/srv/_package_GetSubMap.lisp, /home/samuel/tiago_public_ws/devel/share/common-lisp/ros/pal_navigation_msgs/srv/_package_GetSubMap.lisp)
Linked: (/home/samuel/tiago_public_ws/devel/.private/pal_navigation_msgs/share/common-lisp/ros/pal_navigation_msgs/srv/SetMapConfiguration.lisp, /home/samuel/tiago_public_ws/devel/share/common-lisp/ros/pal_navigation_msgs/srv/SetMapConfiguration.lisp)
Linked: (/home/samuel/tiago_public_ws/devel/.private/pal_navigation_msgs/share/common-lisp/ros/pal_navigation_msgs/srv/_package_FinalApproachPose.lisp, /home/samuel/tiago_public_ws/devel/share/common-lisp/ros/pal_navigation_msgs/srv/_package_FinalApproachPose.lisp)
Linked: (/home/samuel/tiago_public_ws/devel/.private/pal_navigation_msgs/share/common-lisp/ros/pal_navigation_msgs/srv/SafetyZone.lisp, /home/samuel/tiago_public_ws/devel/share/common-lisp/ros/pal_navigation_msgs/srv/SafetyZone.lisp)
Linked: (/home/samuel/tiago_public_ws/devel/.private/pal_navigation_msgs/share/common-lisp/ros/pal_navigation_msgs/srv/GetMapConfiguration.lisp, /home/samuel/tiago_public_ws/devel/share/common-lisp/ros/pal_navigation_msgs/srv/GetMapConfiguration.lisp)
Linked: (/home/samuel/tiago_public_ws/devel/.private/pal_navigation_msgs/share/common-lisp/ros/pal_navigation_msgs/srv/GetPOI.lisp, /home/samuel/tiago_public_ws/devel/share/common-lisp/ros/pal_navigation_msgs/srv/GetPOI.lisp)
Linked: (/home/samuel/tiago_public_ws/devel/.private/pal_navigation_msgs/share/common-lisp/ros/pal_navigation_msgs/srv/_package_SetMapConfiguration.lisp, /home/samuel/tiago_public_ws/devel/share/common-lisp/ros/pal_navigation_msgs/srv/_package_SetMapConfiguration.lisp)
Linked: (/home/samuel/tiago_public_ws/devel/.private/pal_navigation_msgs/share/common-lisp/ros/pal_navigation_msgs/srv/ChangeBuilding.lisp, /home/samuel/tiago_public_ws/devel/share/common-lisp/ros/pal_navigation_msgs/srv/ChangeBuilding.lisp)
Linked: (/home/samuel/tiago_public_ws/devel/.private/pal_navigation_msgs/share/common-lisp/ros/pal_navigation_msgs/srv/_package_SetSubMapFloor.lisp, /home/samuel/tiago_public_ws/devel/share/common-lisp/ros/pal_navigation_msgs/srv/_package_SetSubMapFloor.lisp)
Linked: (/home/samuel/tiago_public_ws/devel/.private/pal_navigation_msgs/share/common-lisp/ros/pal_navigation_msgs/srv/Acknowledgment.lisp, /home/samuel/tiago_public_ws/devel/share/common-lisp/ros/pal_navigation_msgs/srv/Acknowledgment.lisp)
Linked: (/home/samuel/tiago_public_ws/devel/.private/pal_navigation_msgs/share/common-lisp/ros/pal_navigation_msgs/srv/_package_VisualLocRecognize.lisp, /home/samuel/tiago_public_ws/devel/share/common-lisp/ros/pal_navigation_msgs/srv/_package_VisualLocRecognize.lisp)
Linked: (/home/samuel/tiago_public_ws/devel/.private/pal_navigation_msgs/share/common-lisp/ros/pal_navigation_msgs/srv/SaveMap.lisp, /home/samuel/tiago_public_ws/devel/share/common-lisp/ros/pal_navigation_msgs/srv/SaveMap.lisp)
Linked: (/home/samuel/tiago_public_ws/devel/.private/pal_navigation_msgs/share/common-lisp/ros/pal_navigation_msgs/srv/_package.lisp, /home/samuel/tiago_public_ws/devel/share/common-lisp/ros/pal_navigation_msgs/srv/_package.lisp)
Linked: (/home/samuel/tiago_public_ws/devel/.private/pal_navigation_msgs/share/common-lisp/ros/pal_navigation_msgs/srv/_package_SaveMap.lisp, /home/samuel/tiago_public_ws/devel/share/common-lisp/ros/pal_navigation_msgs/srv/_package_SaveMap.lisp)
Linked: (/home/samuel/tiago_public_ws/devel/.private/pal_navigation_msgs/share/common-lisp/ros/pal_navigation_msgs/srv/_package_GetNodes.lisp, /home/samuel/tiago_public_ws/devel/share/common-lisp/ros/pal_navigation_msgs/srv/_package_GetNodes.lisp)
Linked: (/home/samuel/tiago_public_ws/devel/.private/pal_navigation_msgs/share/common-lisp/ros/pal_navigation_msgs/srv/FinalApproachPose.lisp, /home/samuel/tiago_public_ws/devel/share/common-lisp/ros/pal_navigation_msgs/srv/FinalApproachPose.lisp)
Linked: (/home/samuel/tiago_public_ws/devel/.private/pal_navigation_msgs/share/common-lisp/ros/pal_navigation_msgs/srv/_package_GetMapConfiguration.lisp, /home/samuel/tiago_public_ws/devel/share/common-lisp/ros/pal_navigation_msgs/srv/_package_GetMapConfiguration.lisp)
Linked: (/home/samuel/tiago_public_ws/devel/.private/pal_navigation_msgs/share/common-lisp/ros/pal_navigation_msgs/srv/DisableEmergency.lisp, /home/samuel/tiago_public_ws/devel/share/common-lisp/ros/pal_navigation_msgs/srv/DisableEmergency.lisp)
Linked: (/home/samuel/tiago_public_ws/devel/.private/pal_navigation_msgs/share/common-lisp/ros/pal_navigation_msgs/srv/_package_SetPOI.lisp, /home/samuel/tiago_public_ws/devel/share/common-lisp/ros/pal_navigation_msgs/srv/_package_SetPOI.lisp)
Linked: (/home/samuel/tiago_public_ws/devel/.private/pal_navigation_msgs/share/common-lisp/ros/pal_navigation_msgs/srv/SetPOI.lisp, /home/samuel/tiago_public_ws/devel/share/common-lisp/ros/pal_navigation_msgs/srv/SetPOI.lisp)
Linked: (/home/samuel/tiago_public_ws/devel/.private/pal_navigation_msgs/share/common-lisp/ros/pal_navigation_msgs/srv/GetSubMap.lisp, /home/samuel/tiago_public_ws/devel/share/common-lisp/ros/pal_navigation_msgs/srv/GetSubMap.lisp)
Linked: (/home/samuel/tiago_public_ws/devel/.private/pal_navigation_msgs/share/common-lisp/ros/pal_navigation_msgs/srv/_package_Acknowledgment.lisp, /home/samuel/tiago_public_ws/devel/share/common-lisp/ros/pal_navigation_msgs/srv/_package_Acknowledgment.lisp)
Linked: (/home/samuel/tiago_public_ws/devel/.private/pal_navigation_msgs/share/common-lisp/ros/pal_navigation_msgs/srv/_package_SafetyZone.lisp, /home/samuel/tiago_public_ws/devel/share/common-lisp/ros/pal_navigation_msgs/srv/_package_SafetyZone.lisp)
