Determining if the pthread_create exist failed with the following output:
Change Dir: /home/samuel/tiago_public_ws/build/tiago_opencv_tutorial/CMakeFiles/CMakeTmp

Run Build Command:"/usr/bin/make" "cmTC_6873d/fast"
/usr/bin/make -f CMakeFiles/cmTC_6873d.dir/build.make CMakeFiles/cmTC_6873d.dir/build
make[1]: Entrando no diretório `/home/samuel/tiago_public_ws/build/tiago_opencv_tutorial/CMakeFiles/CMakeTmp'
Building C object CMakeFiles/cmTC_6873d.dir/CheckSymbolExists.c.o
/usr/bin/cc     -o CMakeFiles/cmTC_6873d.dir/CheckSymbolExists.c.o   -c /home/samuel/tiago_public_ws/build/tiago_opencv_tutorial/CMakeFiles/CMakeTmp/CheckSymbolExists.c
Linking C executable cmTC_6873d
/usr/local/bin/cmake -E cmake_link_script CMakeFiles/cmTC_6873d.dir/link.txt --verbose=1
/usr/bin/cc       CMakeFiles/cmTC_6873d.dir/CheckSymbolExists.c.o  -o cmTC_6873d -rdynamic 
CMakeFiles/cmTC_6873d.dir/CheckSymbolExists.c.o: na função `main':
CheckSymbolExists.c:(.text+0x16): referência indefinida para `pthread_create'
collect2: error: ld returned 1 exit status
make[1]: Saindo do diretório `/home/samuel/tiago_public_ws/build/tiago_opencv_tutorial/CMakeFiles/CMakeTmp'
make[1]: ** [cmTC_6873d] Erro 1
make: ** [cmTC_6873d/fast] Erro 2

File /home/samuel/tiago_public_ws/build/tiago_opencv_tutorial/CMakeFiles/CMakeTmp/CheckSymbolExists.c:
/* */
#include <pthread.h>

int main(int argc, char** argv)
{
  (void)argv;
#ifndef pthread_create
  return ((int*)(&pthread_create))[argc];
#else
  (void)argc;
  return 0;
#endif
}

Determining if the function pthread_create exists in the pthreads failed with the following output:
Change Dir: /home/samuel/tiago_public_ws/build/tiago_opencv_tutorial/CMakeFiles/CMakeTmp

Run Build Command:"/usr/bin/make" "cmTC_fa3c6/fast"
/usr/bin/make -f CMakeFiles/cmTC_fa3c6.dir/build.make CMakeFiles/cmTC_fa3c6.dir/build
make[1]: Entrando no diretório `/home/samuel/tiago_public_ws/build/tiago_opencv_tutorial/CMakeFiles/CMakeTmp'
Building C object CMakeFiles/cmTC_fa3c6.dir/CheckFunctionExists.c.o
/usr/bin/cc    -DCHECK_FUNCTION_EXISTS=pthread_create   -o CMakeFiles/cmTC_fa3c6.dir/CheckFunctionExists.c.o   -c /usr/local/share/cmake-3.4/Modules/CheckFunctionExists.c
Linking C executable cmTC_fa3c6
/usr/local/bin/cmake -E cmake_link_script CMakeFiles/cmTC_fa3c6.dir/link.txt --verbose=1
/usr/bin/cc   -DCHECK_FUNCTION_EXISTS=pthread_create    CMakeFiles/cmTC_fa3c6.dir/CheckFunctionExists.c.o  -o cmTC_fa3c6 -rdynamic -lpthreads 
/usr/bin/ld: não foi possível encontrar -lpthreads
collect2: error: ld returned 1 exit status
make[1]: Saindo do diretório `/home/samuel/tiago_public_ws/build/tiago_opencv_tutorial/CMakeFiles/CMakeTmp'
make[1]: ** [cmTC_fa3c6] Erro 1
make: ** [cmTC_fa3c6/fast] Erro 2


