Linked: (/home/samuel/tiago_public_ws/devel/.private/pal_device_msgs/lib/pkgconfig/pal_device_msgs.pc, /home/samuel/tiago_public_ws/devel/lib/pkgconfig/pal_device_msgs.pc)
Linked: (/home/samuel/tiago_public_ws/devel/.private/pal_device_msgs/lib/python2.7/dist-packages/pal_device_msgs/__init__.py, /home/samuel/tiago_public_ws/devel/lib/python2.7/dist-packages/pal_device_msgs/__init__.py)
Linked: (/home/samuel/tiago_public_ws/devel/.private/pal_device_msgs/lib/python2.7/dist-packages/pal_device_msgs/msg/_BatteryState.py, /home/samuel/tiago_public_ws/devel/lib/python2.7/dist-packages/pal_device_msgs/msg/_BatteryState.py)
Linked: (/home/samuel/tiago_public_ws/devel/.private/pal_device_msgs/lib/python2.7/dist-packages/pal_device_msgs/msg/_LedGroup.py, /home/samuel/tiago_public_ws/devel/lib/python2.7/dist-packages/pal_device_msgs/msg/_LedGroup.py)
Linked: (/home/samuel/tiago_public_ws/devel/.private/pal_device_msgs/lib/python2.7/dist-packages/pal_device_msgs/msg/_Bumper.py, /home/samuel/tiago_public_ws/devel/lib/python2.7/dist-packages/pal_device_msgs/msg/_Bumper.py)
Linked: (/home/samuel/tiago_public_ws/devel/.private/pal_device_msgs/lib/python2.7/dist-packages/pal_device_msgs/msg/__init__.py, /home/samuel/tiago_public_ws/devel/lib/python2.7/dist-packages/pal_device_msgs/msg/__init__.py)
Linked: (/home/samuel/tiago_public_ws/devel/.private/pal_device_msgs/lib/python2.7/dist-packages/pal_device_msgs/srv/_TimedColourEffect.py, /home/samuel/tiago_public_ws/devel/lib/python2.7/dist-packages/pal_device_msgs/srv/_TimedColourEffect.py)
Linked: (/home/samuel/tiago_public_ws/devel/.private/pal_device_msgs/lib/python2.7/dist-packages/pal_device_msgs/srv/_TimedFadeEffect.py, /home/samuel/tiago_public_ws/devel/lib/python2.7/dist-packages/pal_device_msgs/srv/_TimedFadeEffect.py)
Linked: (/home/samuel/tiago_public_ws/devel/.private/pal_device_msgs/lib/python2.7/dist-packages/pal_device_msgs/srv/__init__.py, /home/samuel/tiago_public_ws/devel/lib/python2.7/dist-packages/pal_device_msgs/srv/__init__.py)
Linked: (/home/samuel/tiago_public_ws/devel/.private/pal_device_msgs/lib/python2.7/dist-packages/pal_device_msgs/srv/_CancelEffect.py, /home/samuel/tiago_public_ws/devel/lib/python2.7/dist-packages/pal_device_msgs/srv/_CancelEffect.py)
Linked: (/home/samuel/tiago_public_ws/devel/.private/pal_device_msgs/lib/python2.7/dist-packages/pal_device_msgs/srv/_TimedBlinkEffect.py, /home/samuel/tiago_public_ws/devel/lib/python2.7/dist-packages/pal_device_msgs/srv/_TimedBlinkEffect.py)
Linked: (/home/samuel/tiago_public_ws/devel/.private/pal_device_msgs/include/pal_device_msgs/CancelEffectResponse.h, /home/samuel/tiago_public_ws/devel/include/pal_device_msgs/CancelEffectResponse.h)
Linked: (/home/samuel/tiago_public_ws/devel/.private/pal_device_msgs/include/pal_device_msgs/TimedBlinkEffect.h, /home/samuel/tiago_public_ws/devel/include/pal_device_msgs/TimedBlinkEffect.h)
Linked: (/home/samuel/tiago_public_ws/devel/.private/pal_device_msgs/include/pal_device_msgs/TimedBlinkEffectResponse.h, /home/samuel/tiago_public_ws/devel/include/pal_device_msgs/TimedBlinkEffectResponse.h)
Linked: (/home/samuel/tiago_public_ws/devel/.private/pal_device_msgs/include/pal_device_msgs/TimedBlinkEffectRequest.h, /home/samuel/tiago_public_ws/devel/include/pal_device_msgs/TimedBlinkEffectRequest.h)
Linked: (/home/samuel/tiago_public_ws/devel/.private/pal_device_msgs/include/pal_device_msgs/TimedFadeEffect.h, /home/samuel/tiago_public_ws/devel/include/pal_device_msgs/TimedFadeEffect.h)
Linked: (/home/samuel/tiago_public_ws/devel/.private/pal_device_msgs/include/pal_device_msgs/Bumper.h, /home/samuel/tiago_public_ws/devel/include/pal_device_msgs/Bumper.h)
Linked: (/home/samuel/tiago_public_ws/devel/.private/pal_device_msgs/include/pal_device_msgs/TimedColourEffectRequest.h, /home/samuel/tiago_public_ws/devel/include/pal_device_msgs/TimedColourEffectRequest.h)
Linked: (/home/samuel/tiago_public_ws/devel/.private/pal_device_msgs/include/pal_device_msgs/TimedColourEffect.h, /home/samuel/tiago_public_ws/devel/include/pal_device_msgs/TimedColourEffect.h)
Linked: (/home/samuel/tiago_public_ws/devel/.private/pal_device_msgs/include/pal_device_msgs/TimedFadeEffectResponse.h, /home/samuel/tiago_public_ws/devel/include/pal_device_msgs/TimedFadeEffectResponse.h)
Linked: (/home/samuel/tiago_public_ws/devel/.private/pal_device_msgs/include/pal_device_msgs/CancelEffect.h, /home/samuel/tiago_public_ws/devel/include/pal_device_msgs/CancelEffect.h)
Linked: (/home/samuel/tiago_public_ws/devel/.private/pal_device_msgs/include/pal_device_msgs/TimedColourEffectResponse.h, /home/samuel/tiago_public_ws/devel/include/pal_device_msgs/TimedColourEffectResponse.h)
Linked: (/home/samuel/tiago_public_ws/devel/.private/pal_device_msgs/include/pal_device_msgs/BatteryState.h, /home/samuel/tiago_public_ws/devel/include/pal_device_msgs/BatteryState.h)
Linked: (/home/samuel/tiago_public_ws/devel/.private/pal_device_msgs/include/pal_device_msgs/LedGroup.h, /home/samuel/tiago_public_ws/devel/include/pal_device_msgs/LedGroup.h)
Linked: (/home/samuel/tiago_public_ws/devel/.private/pal_device_msgs/include/pal_device_msgs/CancelEffectRequest.h, /home/samuel/tiago_public_ws/devel/include/pal_device_msgs/CancelEffectRequest.h)
Linked: (/home/samuel/tiago_public_ws/devel/.private/pal_device_msgs/include/pal_device_msgs/TimedFadeEffectRequest.h, /home/samuel/tiago_public_ws/devel/include/pal_device_msgs/TimedFadeEffectRequest.h)
Linked: (/home/samuel/tiago_public_ws/devel/.private/pal_device_msgs/share/pal_device_msgs/cmake/pal_device_msgs-msg-paths.cmake, /home/samuel/tiago_public_ws/devel/share/pal_device_msgs/cmake/pal_device_msgs-msg-paths.cmake)
Linked: (/home/samuel/tiago_public_ws/devel/.private/pal_device_msgs/share/pal_device_msgs/cmake/pal_device_msgsConfig-version.cmake, /home/samuel/tiago_public_ws/devel/share/pal_device_msgs/cmake/pal_device_msgsConfig-version.cmake)
Linked: (/home/samuel/tiago_public_ws/devel/.private/pal_device_msgs/share/pal_device_msgs/cmake/pal_device_msgs-msg-extras.cmake, /home/samuel/tiago_public_ws/devel/share/pal_device_msgs/cmake/pal_device_msgs-msg-extras.cmake)
Linked: (/home/samuel/tiago_public_ws/devel/.private/pal_device_msgs/share/pal_device_msgs/cmake/pal_device_msgsConfig.cmake, /home/samuel/tiago_public_ws/devel/share/pal_device_msgs/cmake/pal_device_msgsConfig.cmake)
Linked: (/home/samuel/tiago_public_ws/devel/.private/pal_device_msgs/share/common-lisp/ros/pal_device_msgs/msg/_package_LedGroup.lisp, /home/samuel/tiago_public_ws/devel/share/common-lisp/ros/pal_device_msgs/msg/_package_LedGroup.lisp)
Linked: (/home/samuel/tiago_public_ws/devel/.private/pal_device_msgs/share/common-lisp/ros/pal_device_msgs/msg/LedGroup.lisp, /home/samuel/tiago_public_ws/devel/share/common-lisp/ros/pal_device_msgs/msg/LedGroup.lisp)
Linked: (/home/samuel/tiago_public_ws/devel/.private/pal_device_msgs/share/common-lisp/ros/pal_device_msgs/msg/_package_BatteryState.lisp, /home/samuel/tiago_public_ws/devel/share/common-lisp/ros/pal_device_msgs/msg/_package_BatteryState.lisp)
Linked: (/home/samuel/tiago_public_ws/devel/.private/pal_device_msgs/share/common-lisp/ros/pal_device_msgs/msg/pal_device_msgs-msg.asd, /home/samuel/tiago_public_ws/devel/share/common-lisp/ros/pal_device_msgs/msg/pal_device_msgs-msg.asd)
Linked: (/home/samuel/tiago_public_ws/devel/.private/pal_device_msgs/share/common-lisp/ros/pal_device_msgs/msg/_package_Bumper.lisp, /home/samuel/tiago_public_ws/devel/share/common-lisp/ros/pal_device_msgs/msg/_package_Bumper.lisp)
Linked: (/home/samuel/tiago_public_ws/devel/.private/pal_device_msgs/share/common-lisp/ros/pal_device_msgs/msg/_package.lisp, /home/samuel/tiago_public_ws/devel/share/common-lisp/ros/pal_device_msgs/msg/_package.lisp)
Linked: (/home/samuel/tiago_public_ws/devel/.private/pal_device_msgs/share/common-lisp/ros/pal_device_msgs/msg/Bumper.lisp, /home/samuel/tiago_public_ws/devel/share/common-lisp/ros/pal_device_msgs/msg/Bumper.lisp)
Linked: (/home/samuel/tiago_public_ws/devel/.private/pal_device_msgs/share/common-lisp/ros/pal_device_msgs/msg/BatteryState.lisp, /home/samuel/tiago_public_ws/devel/share/common-lisp/ros/pal_device_msgs/msg/BatteryState.lisp)
Linked: (/home/samuel/tiago_public_ws/devel/.private/pal_device_msgs/share/common-lisp/ros/pal_device_msgs/srv/_package_TimedBlinkEffect.lisp, /home/samuel/tiago_public_ws/devel/share/common-lisp/ros/pal_device_msgs/srv/_package_TimedBlinkEffect.lisp)
Linked: (/home/samuel/tiago_public_ws/devel/.private/pal_device_msgs/share/common-lisp/ros/pal_device_msgs/srv/TimedBlinkEffect.lisp, /home/samuel/tiago_public_ws/devel/share/common-lisp/ros/pal_device_msgs/srv/TimedBlinkEffect.lisp)
Linked: (/home/samuel/tiago_public_ws/devel/.private/pal_device_msgs/share/common-lisp/ros/pal_device_msgs/srv/TimedFadeEffect.lisp, /home/samuel/tiago_public_ws/devel/share/common-lisp/ros/pal_device_msgs/srv/TimedFadeEffect.lisp)
Linked: (/home/samuel/tiago_public_ws/devel/.private/pal_device_msgs/share/common-lisp/ros/pal_device_msgs/srv/_package_CancelEffect.lisp, /home/samuel/tiago_public_ws/devel/share/common-lisp/ros/pal_device_msgs/srv/_package_CancelEffect.lisp)
Linked: (/home/samuel/tiago_public_ws/devel/.private/pal_device_msgs/share/common-lisp/ros/pal_device_msgs/srv/_package.lisp, /home/samuel/tiago_public_ws/devel/share/common-lisp/ros/pal_device_msgs/srv/_package.lisp)
Linked: (/home/samuel/tiago_public_ws/devel/.private/pal_device_msgs/share/common-lisp/ros/pal_device_msgs/srv/pal_device_msgs-srv.asd, /home/samuel/tiago_public_ws/devel/share/common-lisp/ros/pal_device_msgs/srv/pal_device_msgs-srv.asd)
Linked: (/home/samuel/tiago_public_ws/devel/.private/pal_device_msgs/share/common-lisp/ros/pal_device_msgs/srv/TimedColourEffect.lisp, /home/samuel/tiago_public_ws/devel/share/common-lisp/ros/pal_device_msgs/srv/TimedColourEffect.lisp)
Linked: (/home/samuel/tiago_public_ws/devel/.private/pal_device_msgs/share/common-lisp/ros/pal_device_msgs/srv/CancelEffect.lisp, /home/samuel/tiago_public_ws/devel/share/common-lisp/ros/pal_device_msgs/srv/CancelEffect.lisp)
Linked: (/home/samuel/tiago_public_ws/devel/.private/pal_device_msgs/share/common-lisp/ros/pal_device_msgs/srv/_package_TimedFadeEffect.lisp, /home/samuel/tiago_public_ws/devel/share/common-lisp/ros/pal_device_msgs/srv/_package_TimedFadeEffect.lisp)
Linked: (/home/samuel/tiago_public_ws/devel/.private/pal_device_msgs/share/common-lisp/ros/pal_device_msgs/srv/_package_TimedColourEffect.lisp, /home/samuel/tiago_public_ws/devel/share/common-lisp/ros/pal_device_msgs/srv/_package_TimedColourEffect.lisp)
