Determining if the pthread_create exist failed with the following output:
Change Dir: /home/samuel/tiago_public_ws/build/demo_motions/CMakeFiles/CMakeTmp

Run Build Command:"/usr/bin/make" "cmTC_de5b9/fast"
/usr/bin/make -f CMakeFiles/cmTC_de5b9.dir/build.make CMakeFiles/cmTC_de5b9.dir/build
make[1]: Entrando no diretório `/home/samuel/tiago_public_ws/build/demo_motions/CMakeFiles/CMakeTmp'
Building C object CMakeFiles/cmTC_de5b9.dir/CheckSymbolExists.c.o
/usr/bin/cc     -o CMakeFiles/cmTC_de5b9.dir/CheckSymbolExists.c.o   -c /home/samuel/tiago_public_ws/build/demo_motions/CMakeFiles/CMakeTmp/CheckSymbolExists.c
Linking C executable cmTC_de5b9
/usr/local/bin/cmake -E cmake_link_script CMakeFiles/cmTC_de5b9.dir/link.txt --verbose=1
/usr/bin/cc       CMakeFiles/cmTC_de5b9.dir/CheckSymbolExists.c.o  -o cmTC_de5b9 -rdynamic 
CMakeFiles/cmTC_de5b9.dir/CheckSymbolExists.c.o: na função `main':
CheckSymbolExists.c:(.text+0x16): referência indefinida para `pthread_create'
collect2: error: ld returned 1 exit status
make[1]: ** [cmTC_de5b9] Erro 1
make[1]: Saindo do diretório `/home/samuel/tiago_public_ws/build/demo_motions/CMakeFiles/CMakeTmp'
make: ** [cmTC_de5b9/fast] Erro 2

File /home/samuel/tiago_public_ws/build/demo_motions/CMakeFiles/CMakeTmp/CheckSymbolExists.c:
/* */
#include <pthread.h>

int main(int argc, char** argv)
{
  (void)argv;
#ifndef pthread_create
  return ((int*)(&pthread_create))[argc];
#else
  (void)argc;
  return 0;
#endif
}

Determining if the function pthread_create exists in the pthreads failed with the following output:
Change Dir: /home/samuel/tiago_public_ws/build/demo_motions/CMakeFiles/CMakeTmp

Run Build Command:"/usr/bin/make" "cmTC_d1d6a/fast"
/usr/bin/make -f CMakeFiles/cmTC_d1d6a.dir/build.make CMakeFiles/cmTC_d1d6a.dir/build
make[1]: Entrando no diretório `/home/samuel/tiago_public_ws/build/demo_motions/CMakeFiles/CMakeTmp'
Building C object CMakeFiles/cmTC_d1d6a.dir/CheckFunctionExists.c.o
/usr/bin/cc    -DCHECK_FUNCTION_EXISTS=pthread_create   -o CMakeFiles/cmTC_d1d6a.dir/CheckFunctionExists.c.o   -c /usr/local/share/cmake-3.4/Modules/CheckFunctionExists.c
Linking C executable cmTC_d1d6a
/usr/local/bin/cmake -E cmake_link_script CMakeFiles/cmTC_d1d6a.dir/link.txt --verbose=1
/usr/bin/cc   -DCHECK_FUNCTION_EXISTS=pthread_create    CMakeFiles/cmTC_d1d6a.dir/CheckFunctionExists.c.o  -o cmTC_d1d6a -rdynamic -lpthreads 
/usr/bin/ld: não foi possível encontrar -lpthreads
collect2: error: ld returned 1 exit status
make[1]: ** [cmTC_d1d6a] Erro 1
make[1]: Saindo do diretório `/home/samuel/tiago_public_ws/build/demo_motions/CMakeFiles/CMakeTmp'
make: ** [cmTC_d1d6a/fast] Erro 2


