Linked: (/home/samuel/tiago_public_ws/devel/.private/pal_interaction_msgs/lib/pkgconfig/pal_interaction_msgs.pc, /home/samuel/tiago_public_ws/devel/lib/pkgconfig/pal_interaction_msgs.pc)
Linked: (/home/samuel/tiago_public_ws/devel/.private/pal_interaction_msgs/lib/python2.7/dist-packages/pal_interaction_msgs/__init__.py, /home/samuel/tiago_public_ws/devel/lib/python2.7/dist-packages/pal_interaction_msgs/__init__.py)
Linked: (/home/samuel/tiago_public_ws/devel/.private/pal_interaction_msgs/lib/python2.7/dist-packages/pal_interaction_msgs/msg/_ASRFileResult.py, /home/samuel/tiago_public_ws/devel/lib/python2.7/dist-packages/pal_interaction_msgs/msg/_ASRFileResult.py)
Linked: (/home/samuel/tiago_public_ws/devel/.private/pal_interaction_msgs/lib/python2.7/dist-packages/pal_interaction_msgs/msg/_ASRSrvResponse.py, /home/samuel/tiago_public_ws/devel/lib/python2.7/dist-packages/pal_interaction_msgs/msg/_ASRSrvResponse.py)
Linked: (/home/samuel/tiago_public_ws/devel/.private/pal_interaction_msgs/lib/python2.7/dist-packages/pal_interaction_msgs/msg/_ASRLangModelMngmt.py, /home/samuel/tiago_public_ws/devel/lib/python2.7/dist-packages/pal_interaction_msgs/msg/_ASRLangModelMngmt.py)
Linked: (/home/samuel/tiago_public_ws/devel/.private/pal_interaction_msgs/lib/python2.7/dist-packages/pal_interaction_msgs/msg/_I18nText.py, /home/samuel/tiago_public_ws/devel/lib/python2.7/dist-packages/pal_interaction_msgs/msg/_I18nText.py)
Linked: (/home/samuel/tiago_public_ws/devel/.private/pal_interaction_msgs/lib/python2.7/dist-packages/pal_interaction_msgs/msg/_TtsActionGoal.py, /home/samuel/tiago_public_ws/devel/lib/python2.7/dist-packages/pal_interaction_msgs/msg/_TtsActionGoal.py)
Linked: (/home/samuel/tiago_public_ws/devel/.private/pal_interaction_msgs/lib/python2.7/dist-packages/pal_interaction_msgs/msg/_TtsText.py, /home/samuel/tiago_public_ws/devel/lib/python2.7/dist-packages/pal_interaction_msgs/msg/_TtsText.py)
Linked: (/home/samuel/tiago_public_ws/devel/.private/pal_interaction_msgs/lib/python2.7/dist-packages/pal_interaction_msgs/msg/_I18nArgument.py, /home/samuel/tiago_public_ws/devel/lib/python2.7/dist-packages/pal_interaction_msgs/msg/_I18nArgument.py)
Linked: (/home/samuel/tiago_public_ws/devel/.private/pal_interaction_msgs/lib/python2.7/dist-packages/pal_interaction_msgs/msg/_TtsFeedback.py, /home/samuel/tiago_public_ws/devel/lib/python2.7/dist-packages/pal_interaction_msgs/msg/_TtsFeedback.py)
Linked: (/home/samuel/tiago_public_ws/devel/.private/pal_interaction_msgs/lib/python2.7/dist-packages/pal_interaction_msgs/msg/_SoundActionGoal.py, /home/samuel/tiago_public_ws/devel/lib/python2.7/dist-packages/pal_interaction_msgs/msg/_SoundActionGoal.py)
Linked: (/home/samuel/tiago_public_ws/devel/.private/pal_interaction_msgs/lib/python2.7/dist-packages/pal_interaction_msgs/msg/_audiosignal.py, /home/samuel/tiago_public_ws/devel/lib/python2.7/dist-packages/pal_interaction_msgs/msg/_audiosignal.py)
Linked: (/home/samuel/tiago_public_ws/devel/.private/pal_interaction_msgs/lib/python2.7/dist-packages/pal_interaction_msgs/msg/_ASRStatus.py, /home/samuel/tiago_public_ws/devel/lib/python2.7/dist-packages/pal_interaction_msgs/msg/_ASRStatus.py)
Linked: (/home/samuel/tiago_public_ws/devel/.private/pal_interaction_msgs/lib/python2.7/dist-packages/pal_interaction_msgs/msg/_ASRFileFeedback.py, /home/samuel/tiago_public_ws/devel/lib/python2.7/dist-packages/pal_interaction_msgs/msg/_ASRFileFeedback.py)
Linked: (/home/samuel/tiago_public_ws/devel/.private/pal_interaction_msgs/lib/python2.7/dist-packages/pal_interaction_msgs/msg/_ASRSrvRequest.py, /home/samuel/tiago_public_ws/devel/lib/python2.7/dist-packages/pal_interaction_msgs/msg/_ASRSrvRequest.py)
Linked: (/home/samuel/tiago_public_ws/devel/.private/pal_interaction_msgs/lib/python2.7/dist-packages/pal_interaction_msgs/msg/_ASRActivation.py, /home/samuel/tiago_public_ws/devel/lib/python2.7/dist-packages/pal_interaction_msgs/msg/_ASRActivation.py)
Linked: (/home/samuel/tiago_public_ws/devel/.private/pal_interaction_msgs/lib/python2.7/dist-packages/pal_interaction_msgs/msg/_ASREvent.py, /home/samuel/tiago_public_ws/devel/lib/python2.7/dist-packages/pal_interaction_msgs/msg/_ASREvent.py)
Linked: (/home/samuel/tiago_public_ws/devel/.private/pal_interaction_msgs/lib/python2.7/dist-packages/pal_interaction_msgs/msg/_AudioDeviceDescription.py, /home/samuel/tiago_public_ws/devel/lib/python2.7/dist-packages/pal_interaction_msgs/msg/_AudioDeviceDescription.py)
Linked: (/home/samuel/tiago_public_ws/devel/.private/pal_interaction_msgs/lib/python2.7/dist-packages/pal_interaction_msgs/msg/_TTSstate.py, /home/samuel/tiago_public_ws/devel/lib/python2.7/dist-packages/pal_interaction_msgs/msg/_TTSstate.py)
Linked: (/home/samuel/tiago_public_ws/devel/.private/pal_interaction_msgs/lib/python2.7/dist-packages/pal_interaction_msgs/msg/__init__.py, /home/samuel/tiago_public_ws/devel/lib/python2.7/dist-packages/pal_interaction_msgs/msg/__init__.py)
Linked: (/home/samuel/tiago_public_ws/devel/.private/pal_interaction_msgs/lib/python2.7/dist-packages/pal_interaction_msgs/msg/_SoundActionResult.py, /home/samuel/tiago_public_ws/devel/lib/python2.7/dist-packages/pal_interaction_msgs/msg/_SoundActionResult.py)
Linked: (/home/samuel/tiago_public_ws/devel/.private/pal_interaction_msgs/lib/python2.7/dist-packages/pal_interaction_msgs/msg/_TtsActionResult.py, /home/samuel/tiago_public_ws/devel/lib/python2.7/dist-packages/pal_interaction_msgs/msg/_TtsActionResult.py)
Linked: (/home/samuel/tiago_public_ws/devel/.private/pal_interaction_msgs/lib/python2.7/dist-packages/pal_interaction_msgs/msg/_asrupdate.py, /home/samuel/tiago_public_ws/devel/lib/python2.7/dist-packages/pal_interaction_msgs/msg/_asrupdate.py)
Linked: (/home/samuel/tiago_public_ws/devel/.private/pal_interaction_msgs/lib/python2.7/dist-packages/pal_interaction_msgs/msg/_ASRFileActionFeedback.py, /home/samuel/tiago_public_ws/devel/lib/python2.7/dist-packages/pal_interaction_msgs/msg/_ASRFileActionFeedback.py)
Linked: (/home/samuel/tiago_public_ws/devel/.private/pal_interaction_msgs/lib/python2.7/dist-packages/pal_interaction_msgs/msg/_SoundActionFeedback.py, /home/samuel/tiago_public_ws/devel/lib/python2.7/dist-packages/pal_interaction_msgs/msg/_SoundActionFeedback.py)
Linked: (/home/samuel/tiago_public_ws/devel/.private/pal_interaction_msgs/lib/python2.7/dist-packages/pal_interaction_msgs/msg/_TtsMark.py, /home/samuel/tiago_public_ws/devel/lib/python2.7/dist-packages/pal_interaction_msgs/msg/_TtsMark.py)
Linked: (/home/samuel/tiago_public_ws/devel/.private/pal_interaction_msgs/lib/python2.7/dist-packages/pal_interaction_msgs/msg/_SoundResult.py, /home/samuel/tiago_public_ws/devel/lib/python2.7/dist-packages/pal_interaction_msgs/msg/_SoundResult.py)
Linked: (/home/samuel/tiago_public_ws/devel/.private/pal_interaction_msgs/lib/python2.7/dist-packages/pal_interaction_msgs/msg/_SoundGoal.py, /home/samuel/tiago_public_ws/devel/lib/python2.7/dist-packages/pal_interaction_msgs/msg/_SoundGoal.py)
Linked: (/home/samuel/tiago_public_ws/devel/.private/pal_interaction_msgs/lib/python2.7/dist-packages/pal_interaction_msgs/msg/_SoundAction.py, /home/samuel/tiago_public_ws/devel/lib/python2.7/dist-packages/pal_interaction_msgs/msg/_SoundAction.py)
Linked: (/home/samuel/tiago_public_ws/devel/.private/pal_interaction_msgs/lib/python2.7/dist-packages/pal_interaction_msgs/msg/_ASRFileAction.py, /home/samuel/tiago_public_ws/devel/lib/python2.7/dist-packages/pal_interaction_msgs/msg/_ASRFileAction.py)
Linked: (/home/samuel/tiago_public_ws/devel/.private/pal_interaction_msgs/lib/python2.7/dist-packages/pal_interaction_msgs/msg/_actiontag.py, /home/samuel/tiago_public_ws/devel/lib/python2.7/dist-packages/pal_interaction_msgs/msg/_actiontag.py)
Linked: (/home/samuel/tiago_public_ws/devel/.private/pal_interaction_msgs/lib/python2.7/dist-packages/pal_interaction_msgs/msg/_ASRFileActionResult.py, /home/samuel/tiago_public_ws/devel/lib/python2.7/dist-packages/pal_interaction_msgs/msg/_ASRFileActionResult.py)
Linked: (/home/samuel/tiago_public_ws/devel/.private/pal_interaction_msgs/lib/python2.7/dist-packages/pal_interaction_msgs/msg/_WebGuiEvent.py, /home/samuel/tiago_public_ws/devel/lib/python2.7/dist-packages/pal_interaction_msgs/msg/_WebGuiEvent.py)
Linked: (/home/samuel/tiago_public_ws/devel/.private/pal_interaction_msgs/lib/python2.7/dist-packages/pal_interaction_msgs/msg/_TtsActionFeedback.py, /home/samuel/tiago_public_ws/devel/lib/python2.7/dist-packages/pal_interaction_msgs/msg/_TtsActionFeedback.py)
Linked: (/home/samuel/tiago_public_ws/devel/.private/pal_interaction_msgs/lib/python2.7/dist-packages/pal_interaction_msgs/msg/_TtsAction.py, /home/samuel/tiago_public_ws/devel/lib/python2.7/dist-packages/pal_interaction_msgs/msg/_TtsAction.py)
Linked: (/home/samuel/tiago_public_ws/devel/.private/pal_interaction_msgs/lib/python2.7/dist-packages/pal_interaction_msgs/msg/_ASRLanguage.py, /home/samuel/tiago_public_ws/devel/lib/python2.7/dist-packages/pal_interaction_msgs/msg/_ASRLanguage.py)
Linked: (/home/samuel/tiago_public_ws/devel/.private/pal_interaction_msgs/lib/python2.7/dist-packages/pal_interaction_msgs/msg/_AudioPlayerState.py, /home/samuel/tiago_public_ws/devel/lib/python2.7/dist-packages/pal_interaction_msgs/msg/_AudioPlayerState.py)
Linked: (/home/samuel/tiago_public_ws/devel/.private/pal_interaction_msgs/lib/python2.7/dist-packages/pal_interaction_msgs/msg/_VoiceActivity.py, /home/samuel/tiago_public_ws/devel/lib/python2.7/dist-packages/pal_interaction_msgs/msg/_VoiceActivity.py)
Linked: (/home/samuel/tiago_public_ws/devel/.private/pal_interaction_msgs/lib/python2.7/dist-packages/pal_interaction_msgs/msg/_TtsResult.py, /home/samuel/tiago_public_ws/devel/lib/python2.7/dist-packages/pal_interaction_msgs/msg/_TtsResult.py)
Linked: (/home/samuel/tiago_public_ws/devel/.private/pal_interaction_msgs/lib/python2.7/dist-packages/pal_interaction_msgs/msg/_EnablingSoundLocalisation.py, /home/samuel/tiago_public_ws/devel/lib/python2.7/dist-packages/pal_interaction_msgs/msg/_EnablingSoundLocalisation.py)
Linked: (/home/samuel/tiago_public_ws/devel/.private/pal_interaction_msgs/lib/python2.7/dist-packages/pal_interaction_msgs/msg/_DirectionOfArrival.py, /home/samuel/tiago_public_ws/devel/lib/python2.7/dist-packages/pal_interaction_msgs/msg/_DirectionOfArrival.py)
Linked: (/home/samuel/tiago_public_ws/devel/.private/pal_interaction_msgs/lib/python2.7/dist-packages/pal_interaction_msgs/msg/_ASRFileGoal.py, /home/samuel/tiago_public_ws/devel/lib/python2.7/dist-packages/pal_interaction_msgs/msg/_ASRFileGoal.py)
Linked: (/home/samuel/tiago_public_ws/devel/.private/pal_interaction_msgs/lib/python2.7/dist-packages/pal_interaction_msgs/msg/_asrresult.py, /home/samuel/tiago_public_ws/devel/lib/python2.7/dist-packages/pal_interaction_msgs/msg/_asrresult.py)
Linked: (/home/samuel/tiago_public_ws/devel/.private/pal_interaction_msgs/lib/python2.7/dist-packages/pal_interaction_msgs/msg/_ASRFileActionGoal.py, /home/samuel/tiago_public_ws/devel/lib/python2.7/dist-packages/pal_interaction_msgs/msg/_ASRFileActionGoal.py)
Linked: (/home/samuel/tiago_public_ws/devel/.private/pal_interaction_msgs/lib/python2.7/dist-packages/pal_interaction_msgs/msg/_SoundFeedback.py, /home/samuel/tiago_public_ws/devel/lib/python2.7/dist-packages/pal_interaction_msgs/msg/_SoundFeedback.py)
Linked: (/home/samuel/tiago_public_ws/devel/.private/pal_interaction_msgs/lib/python2.7/dist-packages/pal_interaction_msgs/msg/_TtsGoal.py, /home/samuel/tiago_public_ws/devel/lib/python2.7/dist-packages/pal_interaction_msgs/msg/_TtsGoal.py)
Linked: (/home/samuel/tiago_public_ws/devel/.private/pal_interaction_msgs/lib/python2.7/dist-packages/pal_interaction_msgs/srv/_ASRService.py, /home/samuel/tiago_public_ws/devel/lib/python2.7/dist-packages/pal_interaction_msgs/srv/_ASRService.py)
Linked: (/home/samuel/tiago_public_ws/devel/.private/pal_interaction_msgs/lib/python2.7/dist-packages/pal_interaction_msgs/srv/_recognizerService.py, /home/samuel/tiago_public_ws/devel/lib/python2.7/dist-packages/pal_interaction_msgs/srv/_recognizerService.py)
Linked: (/home/samuel/tiago_public_ws/devel/.private/pal_interaction_msgs/lib/python2.7/dist-packages/pal_interaction_msgs/srv/__init__.py, /home/samuel/tiago_public_ws/devel/lib/python2.7/dist-packages/pal_interaction_msgs/srv/__init__.py)
Linked: (/home/samuel/tiago_public_ws/devel/.private/pal_interaction_msgs/lib/python2.7/dist-packages/pal_interaction_msgs/srv/_SoundLocalisationService.py, /home/samuel/tiago_public_ws/devel/lib/python2.7/dist-packages/pal_interaction_msgs/srv/_SoundLocalisationService.py)
Linked: (/home/samuel/tiago_public_ws/devel/.private/pal_interaction_msgs/include/pal_interaction_msgs/asrresult.h, /home/samuel/tiago_public_ws/devel/include/pal_interaction_msgs/asrresult.h)
Linked: (/home/samuel/tiago_public_ws/devel/.private/pal_interaction_msgs/include/pal_interaction_msgs/SoundActionResult.h, /home/samuel/tiago_public_ws/devel/include/pal_interaction_msgs/SoundActionResult.h)
Linked: (/home/samuel/tiago_public_ws/devel/.private/pal_interaction_msgs/include/pal_interaction_msgs/DirectionOfArrival.h, /home/samuel/tiago_public_ws/devel/include/pal_interaction_msgs/DirectionOfArrival.h)
Linked: (/home/samuel/tiago_public_ws/devel/.private/pal_interaction_msgs/include/pal_interaction_msgs/ASRStatus.h, /home/samuel/tiago_public_ws/devel/include/pal_interaction_msgs/ASRStatus.h)
Linked: (/home/samuel/tiago_public_ws/devel/.private/pal_interaction_msgs/include/pal_interaction_msgs/ASRService.h, /home/samuel/tiago_public_ws/devel/include/pal_interaction_msgs/ASRService.h)
Linked: (/home/samuel/tiago_public_ws/devel/.private/pal_interaction_msgs/include/pal_interaction_msgs/SoundLocalisationServiceRequest.h, /home/samuel/tiago_public_ws/devel/include/pal_interaction_msgs/SoundLocalisationServiceRequest.h)
Linked: (/home/samuel/tiago_public_ws/devel/.private/pal_interaction_msgs/include/pal_interaction_msgs/ASREvent.h, /home/samuel/tiago_public_ws/devel/include/pal_interaction_msgs/ASREvent.h)
Linked: (/home/samuel/tiago_public_ws/devel/.private/pal_interaction_msgs/include/pal_interaction_msgs/ASRFileActionFeedback.h, /home/samuel/tiago_public_ws/devel/include/pal_interaction_msgs/ASRFileActionFeedback.h)
Linked: (/home/samuel/tiago_public_ws/devel/.private/pal_interaction_msgs/include/pal_interaction_msgs/TtsActionResult.h, /home/samuel/tiago_public_ws/devel/include/pal_interaction_msgs/TtsActionResult.h)
Linked: (/home/samuel/tiago_public_ws/devel/.private/pal_interaction_msgs/include/pal_interaction_msgs/recognizerServiceRequest.h, /home/samuel/tiago_public_ws/devel/include/pal_interaction_msgs/recognizerServiceRequest.h)
Linked: (/home/samuel/tiago_public_ws/devel/.private/pal_interaction_msgs/include/pal_interaction_msgs/TtsText.h, /home/samuel/tiago_public_ws/devel/include/pal_interaction_msgs/TtsText.h)
Linked: (/home/samuel/tiago_public_ws/devel/.private/pal_interaction_msgs/include/pal_interaction_msgs/ASRFileResult.h, /home/samuel/tiago_public_ws/devel/include/pal_interaction_msgs/ASRFileResult.h)
Linked: (/home/samuel/tiago_public_ws/devel/.private/pal_interaction_msgs/include/pal_interaction_msgs/I18nArgument.h, /home/samuel/tiago_public_ws/devel/include/pal_interaction_msgs/I18nArgument.h)
Linked: (/home/samuel/tiago_public_ws/devel/.private/pal_interaction_msgs/include/pal_interaction_msgs/audiosignal.h, /home/samuel/tiago_public_ws/devel/include/pal_interaction_msgs/audiosignal.h)
Linked: (/home/samuel/tiago_public_ws/devel/.private/pal_interaction_msgs/include/pal_interaction_msgs/AudioPlayerState.h, /home/samuel/tiago_public_ws/devel/include/pal_interaction_msgs/AudioPlayerState.h)
Linked: (/home/samuel/tiago_public_ws/devel/.private/pal_interaction_msgs/include/pal_interaction_msgs/ASRSrvResponse.h, /home/samuel/tiago_public_ws/devel/include/pal_interaction_msgs/ASRSrvResponse.h)
Linked: (/home/samuel/tiago_public_ws/devel/.private/pal_interaction_msgs/include/pal_interaction_msgs/TtsAction.h, /home/samuel/tiago_public_ws/devel/include/pal_interaction_msgs/TtsAction.h)
Linked: (/home/samuel/tiago_public_ws/devel/.private/pal_interaction_msgs/include/pal_interaction_msgs/TtsGoal.h, /home/samuel/tiago_public_ws/devel/include/pal_interaction_msgs/TtsGoal.h)
Linked: (/home/samuel/tiago_public_ws/devel/.private/pal_interaction_msgs/include/pal_interaction_msgs/AudioDeviceDescription.h, /home/samuel/tiago_public_ws/devel/include/pal_interaction_msgs/AudioDeviceDescription.h)
Linked: (/home/samuel/tiago_public_ws/devel/.private/pal_interaction_msgs/include/pal_interaction_msgs/ASRServiceResponse.h, /home/samuel/tiago_public_ws/devel/include/pal_interaction_msgs/ASRServiceResponse.h)
Linked: (/home/samuel/tiago_public_ws/devel/.private/pal_interaction_msgs/include/pal_interaction_msgs/TtsActionGoal.h, /home/samuel/tiago_public_ws/devel/include/pal_interaction_msgs/TtsActionGoal.h)
Linked: (/home/samuel/tiago_public_ws/devel/.private/pal_interaction_msgs/include/pal_interaction_msgs/ASRFileGoal.h, /home/samuel/tiago_public_ws/devel/include/pal_interaction_msgs/ASRFileGoal.h)
Linked: (/home/samuel/tiago_public_ws/devel/.private/pal_interaction_msgs/include/pal_interaction_msgs/TtsActionFeedback.h, /home/samuel/tiago_public_ws/devel/include/pal_interaction_msgs/TtsActionFeedback.h)
Linked: (/home/samuel/tiago_public_ws/devel/.private/pal_interaction_msgs/include/pal_interaction_msgs/ASRFileAction.h, /home/samuel/tiago_public_ws/devel/include/pal_interaction_msgs/ASRFileAction.h)
Linked: (/home/samuel/tiago_public_ws/devel/.private/pal_interaction_msgs/include/pal_interaction_msgs/I18nText.h, /home/samuel/tiago_public_ws/devel/include/pal_interaction_msgs/I18nText.h)
Linked: (/home/samuel/tiago_public_ws/devel/.private/pal_interaction_msgs/include/pal_interaction_msgs/EnablingSoundLocalisation.h, /home/samuel/tiago_public_ws/devel/include/pal_interaction_msgs/EnablingSoundLocalisation.h)
Linked: (/home/samuel/tiago_public_ws/devel/.private/pal_interaction_msgs/include/pal_interaction_msgs/SoundResult.h, /home/samuel/tiago_public_ws/devel/include/pal_interaction_msgs/SoundResult.h)
Linked: (/home/samuel/tiago_public_ws/devel/.private/pal_interaction_msgs/include/pal_interaction_msgs/WebGuiEvent.h, /home/samuel/tiago_public_ws/devel/include/pal_interaction_msgs/WebGuiEvent.h)
Linked: (/home/samuel/tiago_public_ws/devel/.private/pal_interaction_msgs/include/pal_interaction_msgs/asrupdate.h, /home/samuel/tiago_public_ws/devel/include/pal_interaction_msgs/asrupdate.h)
Linked: (/home/samuel/tiago_public_ws/devel/.private/pal_interaction_msgs/include/pal_interaction_msgs/ASRLangModelMngmt.h, /home/samuel/tiago_public_ws/devel/include/pal_interaction_msgs/ASRLangModelMngmt.h)
Linked: (/home/samuel/tiago_public_ws/devel/.private/pal_interaction_msgs/include/pal_interaction_msgs/VoiceActivity.h, /home/samuel/tiago_public_ws/devel/include/pal_interaction_msgs/VoiceActivity.h)
Linked: (/home/samuel/tiago_public_ws/devel/.private/pal_interaction_msgs/include/pal_interaction_msgs/SoundAction.h, /home/samuel/tiago_public_ws/devel/include/pal_interaction_msgs/SoundAction.h)
Linked: (/home/samuel/tiago_public_ws/devel/.private/pal_interaction_msgs/include/pal_interaction_msgs/ASRServiceRequest.h, /home/samuel/tiago_public_ws/devel/include/pal_interaction_msgs/ASRServiceRequest.h)
Linked: (/home/samuel/tiago_public_ws/devel/.private/pal_interaction_msgs/include/pal_interaction_msgs/ASRActivation.h, /home/samuel/tiago_public_ws/devel/include/pal_interaction_msgs/ASRActivation.h)
Linked: (/home/samuel/tiago_public_ws/devel/.private/pal_interaction_msgs/include/pal_interaction_msgs/TtsFeedback.h, /home/samuel/tiago_public_ws/devel/include/pal_interaction_msgs/TtsFeedback.h)
Linked: (/home/samuel/tiago_public_ws/devel/.private/pal_interaction_msgs/include/pal_interaction_msgs/SoundActionGoal.h, /home/samuel/tiago_public_ws/devel/include/pal_interaction_msgs/SoundActionGoal.h)
Linked: (/home/samuel/tiago_public_ws/devel/.private/pal_interaction_msgs/include/pal_interaction_msgs/recognizerServiceResponse.h, /home/samuel/tiago_public_ws/devel/include/pal_interaction_msgs/recognizerServiceResponse.h)
Linked: (/home/samuel/tiago_public_ws/devel/.private/pal_interaction_msgs/include/pal_interaction_msgs/ASRSrvRequest.h, /home/samuel/tiago_public_ws/devel/include/pal_interaction_msgs/ASRSrvRequest.h)
Linked: (/home/samuel/tiago_public_ws/devel/.private/pal_interaction_msgs/include/pal_interaction_msgs/TtsMark.h, /home/samuel/tiago_public_ws/devel/include/pal_interaction_msgs/TtsMark.h)
Linked: (/home/samuel/tiago_public_ws/devel/.private/pal_interaction_msgs/include/pal_interaction_msgs/ASRFileActionResult.h, /home/samuel/tiago_public_ws/devel/include/pal_interaction_msgs/ASRFileActionResult.h)
Linked: (/home/samuel/tiago_public_ws/devel/.private/pal_interaction_msgs/include/pal_interaction_msgs/actiontag.h, /home/samuel/tiago_public_ws/devel/include/pal_interaction_msgs/actiontag.h)
Linked: (/home/samuel/tiago_public_ws/devel/.private/pal_interaction_msgs/include/pal_interaction_msgs/SoundFeedback.h, /home/samuel/tiago_public_ws/devel/include/pal_interaction_msgs/SoundFeedback.h)
Linked: (/home/samuel/tiago_public_ws/devel/.private/pal_interaction_msgs/include/pal_interaction_msgs/SoundActionFeedback.h, /home/samuel/tiago_public_ws/devel/include/pal_interaction_msgs/SoundActionFeedback.h)
Linked: (/home/samuel/tiago_public_ws/devel/.private/pal_interaction_msgs/include/pal_interaction_msgs/ASRFileFeedback.h, /home/samuel/tiago_public_ws/devel/include/pal_interaction_msgs/ASRFileFeedback.h)
Linked: (/home/samuel/tiago_public_ws/devel/.private/pal_interaction_msgs/include/pal_interaction_msgs/ASRFileActionGoal.h, /home/samuel/tiago_public_ws/devel/include/pal_interaction_msgs/ASRFileActionGoal.h)
Linked: (/home/samuel/tiago_public_ws/devel/.private/pal_interaction_msgs/include/pal_interaction_msgs/SoundLocalisationServiceResponse.h, /home/samuel/tiago_public_ws/devel/include/pal_interaction_msgs/SoundLocalisationServiceResponse.h)
Linked: (/home/samuel/tiago_public_ws/devel/.private/pal_interaction_msgs/include/pal_interaction_msgs/TtsResult.h, /home/samuel/tiago_public_ws/devel/include/pal_interaction_msgs/TtsResult.h)
Linked: (/home/samuel/tiago_public_ws/devel/.private/pal_interaction_msgs/include/pal_interaction_msgs/SoundLocalisationService.h, /home/samuel/tiago_public_ws/devel/include/pal_interaction_msgs/SoundLocalisationService.h)
Linked: (/home/samuel/tiago_public_ws/devel/.private/pal_interaction_msgs/include/pal_interaction_msgs/ASRLanguage.h, /home/samuel/tiago_public_ws/devel/include/pal_interaction_msgs/ASRLanguage.h)
Linked: (/home/samuel/tiago_public_ws/devel/.private/pal_interaction_msgs/include/pal_interaction_msgs/recognizerService.h, /home/samuel/tiago_public_ws/devel/include/pal_interaction_msgs/recognizerService.h)
Linked: (/home/samuel/tiago_public_ws/devel/.private/pal_interaction_msgs/include/pal_interaction_msgs/SoundGoal.h, /home/samuel/tiago_public_ws/devel/include/pal_interaction_msgs/SoundGoal.h)
Linked: (/home/samuel/tiago_public_ws/devel/.private/pal_interaction_msgs/include/pal_interaction_msgs/TTSstate.h, /home/samuel/tiago_public_ws/devel/include/pal_interaction_msgs/TTSstate.h)
Linked: (/home/samuel/tiago_public_ws/devel/.private/pal_interaction_msgs/share/pal_interaction_msgs/msg/TtsActionGoal.msg, /home/samuel/tiago_public_ws/devel/share/pal_interaction_msgs/msg/TtsActionGoal.msg)
Linked: (/home/samuel/tiago_public_ws/devel/.private/pal_interaction_msgs/share/pal_interaction_msgs/msg/ASRFileActionResult.msg, /home/samuel/tiago_public_ws/devel/share/pal_interaction_msgs/msg/ASRFileActionResult.msg)
Linked: (/home/samuel/tiago_public_ws/devel/.private/pal_interaction_msgs/share/pal_interaction_msgs/msg/SoundGoal.msg, /home/samuel/tiago_public_ws/devel/share/pal_interaction_msgs/msg/SoundGoal.msg)
Linked: (/home/samuel/tiago_public_ws/devel/.private/pal_interaction_msgs/share/pal_interaction_msgs/msg/ASRFileGoal.msg, /home/samuel/tiago_public_ws/devel/share/pal_interaction_msgs/msg/ASRFileGoal.msg)
Linked: (/home/samuel/tiago_public_ws/devel/.private/pal_interaction_msgs/share/pal_interaction_msgs/msg/ASRFileFeedback.msg, /home/samuel/tiago_public_ws/devel/share/pal_interaction_msgs/msg/ASRFileFeedback.msg)
Linked: (/home/samuel/tiago_public_ws/devel/.private/pal_interaction_msgs/share/pal_interaction_msgs/msg/SoundActionFeedback.msg, /home/samuel/tiago_public_ws/devel/share/pal_interaction_msgs/msg/SoundActionFeedback.msg)
Linked: (/home/samuel/tiago_public_ws/devel/.private/pal_interaction_msgs/share/pal_interaction_msgs/msg/ASRFileActionFeedback.msg, /home/samuel/tiago_public_ws/devel/share/pal_interaction_msgs/msg/ASRFileActionFeedback.msg)
Linked: (/home/samuel/tiago_public_ws/devel/.private/pal_interaction_msgs/share/pal_interaction_msgs/msg/SoundAction.msg, /home/samuel/tiago_public_ws/devel/share/pal_interaction_msgs/msg/SoundAction.msg)
Linked: (/home/samuel/tiago_public_ws/devel/.private/pal_interaction_msgs/share/pal_interaction_msgs/msg/ASRFileAction.msg, /home/samuel/tiago_public_ws/devel/share/pal_interaction_msgs/msg/ASRFileAction.msg)
Linked: (/home/samuel/tiago_public_ws/devel/.private/pal_interaction_msgs/share/pal_interaction_msgs/msg/ASRFileResult.msg, /home/samuel/tiago_public_ws/devel/share/pal_interaction_msgs/msg/ASRFileResult.msg)
Linked: (/home/samuel/tiago_public_ws/devel/.private/pal_interaction_msgs/share/pal_interaction_msgs/msg/TtsFeedback.msg, /home/samuel/tiago_public_ws/devel/share/pal_interaction_msgs/msg/TtsFeedback.msg)
Linked: (/home/samuel/tiago_public_ws/devel/.private/pal_interaction_msgs/share/pal_interaction_msgs/msg/SoundActionResult.msg, /home/samuel/tiago_public_ws/devel/share/pal_interaction_msgs/msg/SoundActionResult.msg)
Linked: (/home/samuel/tiago_public_ws/devel/.private/pal_interaction_msgs/share/pal_interaction_msgs/msg/SoundActionGoal.msg, /home/samuel/tiago_public_ws/devel/share/pal_interaction_msgs/msg/SoundActionGoal.msg)
Linked: (/home/samuel/tiago_public_ws/devel/.private/pal_interaction_msgs/share/pal_interaction_msgs/msg/TtsResult.msg, /home/samuel/tiago_public_ws/devel/share/pal_interaction_msgs/msg/TtsResult.msg)
Linked: (/home/samuel/tiago_public_ws/devel/.private/pal_interaction_msgs/share/pal_interaction_msgs/msg/TtsGoal.msg, /home/samuel/tiago_public_ws/devel/share/pal_interaction_msgs/msg/TtsGoal.msg)
Linked: (/home/samuel/tiago_public_ws/devel/.private/pal_interaction_msgs/share/pal_interaction_msgs/msg/TtsActionResult.msg, /home/samuel/tiago_public_ws/devel/share/pal_interaction_msgs/msg/TtsActionResult.msg)
Linked: (/home/samuel/tiago_public_ws/devel/.private/pal_interaction_msgs/share/pal_interaction_msgs/msg/SoundResult.msg, /home/samuel/tiago_public_ws/devel/share/pal_interaction_msgs/msg/SoundResult.msg)
Linked: (/home/samuel/tiago_public_ws/devel/.private/pal_interaction_msgs/share/pal_interaction_msgs/msg/SoundFeedback.msg, /home/samuel/tiago_public_ws/devel/share/pal_interaction_msgs/msg/SoundFeedback.msg)
Linked: (/home/samuel/tiago_public_ws/devel/.private/pal_interaction_msgs/share/pal_interaction_msgs/msg/ASRFileActionGoal.msg, /home/samuel/tiago_public_ws/devel/share/pal_interaction_msgs/msg/ASRFileActionGoal.msg)
Linked: (/home/samuel/tiago_public_ws/devel/.private/pal_interaction_msgs/share/pal_interaction_msgs/msg/TtsAction.msg, /home/samuel/tiago_public_ws/devel/share/pal_interaction_msgs/msg/TtsAction.msg)
Linked: (/home/samuel/tiago_public_ws/devel/.private/pal_interaction_msgs/share/pal_interaction_msgs/msg/TtsActionFeedback.msg, /home/samuel/tiago_public_ws/devel/share/pal_interaction_msgs/msg/TtsActionFeedback.msg)
Linked: (/home/samuel/tiago_public_ws/devel/.private/pal_interaction_msgs/share/pal_interaction_msgs/cmake/pal_interaction_msgs-msg-extras.cmake, /home/samuel/tiago_public_ws/devel/share/pal_interaction_msgs/cmake/pal_interaction_msgs-msg-extras.cmake)
Linked: (/home/samuel/tiago_public_ws/devel/.private/pal_interaction_msgs/share/pal_interaction_msgs/cmake/pal_interaction_msgsConfig-version.cmake, /home/samuel/tiago_public_ws/devel/share/pal_interaction_msgs/cmake/pal_interaction_msgsConfig-version.cmake)
Linked: (/home/samuel/tiago_public_ws/devel/.private/pal_interaction_msgs/share/pal_interaction_msgs/cmake/pal_interaction_msgsConfig.cmake, /home/samuel/tiago_public_ws/devel/share/pal_interaction_msgs/cmake/pal_interaction_msgsConfig.cmake)
Linked: (/home/samuel/tiago_public_ws/devel/.private/pal_interaction_msgs/share/pal_interaction_msgs/cmake/pal_interaction_msgs-msg-paths.cmake, /home/samuel/tiago_public_ws/devel/share/pal_interaction_msgs/cmake/pal_interaction_msgs-msg-paths.cmake)
Linked: (/home/samuel/tiago_public_ws/devel/.private/pal_interaction_msgs/share/common-lisp/ros/pal_interaction_msgs/msg/_package_asrupdate.lisp, /home/samuel/tiago_public_ws/devel/share/common-lisp/ros/pal_interaction_msgs/msg/_package_asrupdate.lisp)
Linked: (/home/samuel/tiago_public_ws/devel/.private/pal_interaction_msgs/share/common-lisp/ros/pal_interaction_msgs/msg/SoundResult.lisp, /home/samuel/tiago_public_ws/devel/share/common-lisp/ros/pal_interaction_msgs/msg/SoundResult.lisp)
Linked: (/home/samuel/tiago_public_ws/devel/.private/pal_interaction_msgs/share/common-lisp/ros/pal_interaction_msgs/msg/_package_EnablingSoundLocalisation.lisp, /home/samuel/tiago_public_ws/devel/share/common-lisp/ros/pal_interaction_msgs/msg/_package_EnablingSoundLocalisation.lisp)
Linked: (/home/samuel/tiago_public_ws/devel/.private/pal_interaction_msgs/share/common-lisp/ros/pal_interaction_msgs/msg/_package_SoundFeedback.lisp, /home/samuel/tiago_public_ws/devel/share/common-lisp/ros/pal_interaction_msgs/msg/_package_SoundFeedback.lisp)
Linked: (/home/samuel/tiago_public_ws/devel/.private/pal_interaction_msgs/share/common-lisp/ros/pal_interaction_msgs/msg/SoundAction.lisp, /home/samuel/tiago_public_ws/devel/share/common-lisp/ros/pal_interaction_msgs/msg/SoundAction.lisp)
Linked: (/home/samuel/tiago_public_ws/devel/.private/pal_interaction_msgs/share/common-lisp/ros/pal_interaction_msgs/msg/_package_ASRFileAction.lisp, /home/samuel/tiago_public_ws/devel/share/common-lisp/ros/pal_interaction_msgs/msg/_package_ASRFileAction.lisp)
Linked: (/home/samuel/tiago_public_ws/devel/.private/pal_interaction_msgs/share/common-lisp/ros/pal_interaction_msgs/msg/_package_SoundActionResult.lisp, /home/samuel/tiago_public_ws/devel/share/common-lisp/ros/pal_interaction_msgs/msg/_package_SoundActionResult.lisp)
Linked: (/home/samuel/tiago_public_ws/devel/.private/pal_interaction_msgs/share/common-lisp/ros/pal_interaction_msgs/msg/_package_ASRFileActionFeedback.lisp, /home/samuel/tiago_public_ws/devel/share/common-lisp/ros/pal_interaction_msgs/msg/_package_ASRFileActionFeedback.lisp)
Linked: (/home/samuel/tiago_public_ws/devel/.private/pal_interaction_msgs/share/common-lisp/ros/pal_interaction_msgs/msg/_package_TtsText.lisp, /home/samuel/tiago_public_ws/devel/share/common-lisp/ros/pal_interaction_msgs/msg/_package_TtsText.lisp)
Linked: (/home/samuel/tiago_public_ws/devel/.private/pal_interaction_msgs/share/common-lisp/ros/pal_interaction_msgs/msg/audiosignal.lisp, /home/samuel/tiago_public_ws/devel/share/common-lisp/ros/pal_interaction_msgs/msg/audiosignal.lisp)
Linked: (/home/samuel/tiago_public_ws/devel/.private/pal_interaction_msgs/share/common-lisp/ros/pal_interaction_msgs/msg/ASRFileFeedback.lisp, /home/samuel/tiago_public_ws/devel/share/common-lisp/ros/pal_interaction_msgs/msg/ASRFileFeedback.lisp)
Linked: (/home/samuel/tiago_public_ws/devel/.private/pal_interaction_msgs/share/common-lisp/ros/pal_interaction_msgs/msg/ASRLangModelMngmt.lisp, /home/samuel/tiago_public_ws/devel/share/common-lisp/ros/pal_interaction_msgs/msg/ASRLangModelMngmt.lisp)
Linked: (/home/samuel/tiago_public_ws/devel/.private/pal_interaction_msgs/share/common-lisp/ros/pal_interaction_msgs/msg/_package_SoundActionFeedback.lisp, /home/samuel/tiago_public_ws/devel/share/common-lisp/ros/pal_interaction_msgs/msg/_package_SoundActionFeedback.lisp)
Linked: (/home/samuel/tiago_public_ws/devel/.private/pal_interaction_msgs/share/common-lisp/ros/pal_interaction_msgs/msg/_package_TtsResult.lisp, /home/samuel/tiago_public_ws/devel/share/common-lisp/ros/pal_interaction_msgs/msg/_package_TtsResult.lisp)
Linked: (/home/samuel/tiago_public_ws/devel/.private/pal_interaction_msgs/share/common-lisp/ros/pal_interaction_msgs/msg/ASRFileActionResult.lisp, /home/samuel/tiago_public_ws/devel/share/common-lisp/ros/pal_interaction_msgs/msg/ASRFileActionResult.lisp)
Linked: (/home/samuel/tiago_public_ws/devel/.private/pal_interaction_msgs/share/common-lisp/ros/pal_interaction_msgs/msg/_package_TtsActionFeedback.lisp, /home/samuel/tiago_public_ws/devel/share/common-lisp/ros/pal_interaction_msgs/msg/_package_TtsActionFeedback.lisp)
Linked: (/home/samuel/tiago_public_ws/devel/.private/pal_interaction_msgs/share/common-lisp/ros/pal_interaction_msgs/msg/pal_interaction_msgs-msg.asd, /home/samuel/tiago_public_ws/devel/share/common-lisp/ros/pal_interaction_msgs/msg/pal_interaction_msgs-msg.asd)
Linked: (/home/samuel/tiago_public_ws/devel/.private/pal_interaction_msgs/share/common-lisp/ros/pal_interaction_msgs/msg/_package_ASRLanguage.lisp, /home/samuel/tiago_public_ws/devel/share/common-lisp/ros/pal_interaction_msgs/msg/_package_ASRLanguage.lisp)
Linked: (/home/samuel/tiago_public_ws/devel/.private/pal_interaction_msgs/share/common-lisp/ros/pal_interaction_msgs/msg/_package_AudioDeviceDescription.lisp, /home/samuel/tiago_public_ws/devel/share/common-lisp/ros/pal_interaction_msgs/msg/_package_AudioDeviceDescription.lisp)
Linked: (/home/samuel/tiago_public_ws/devel/.private/pal_interaction_msgs/share/common-lisp/ros/pal_interaction_msgs/msg/AudioPlayerState.lisp, /home/samuel/tiago_public_ws/devel/share/common-lisp/ros/pal_interaction_msgs/msg/AudioPlayerState.lisp)
Linked: (/home/samuel/tiago_public_ws/devel/.private/pal_interaction_msgs/share/common-lisp/ros/pal_interaction_msgs/msg/AudioDeviceDescription.lisp, /home/samuel/tiago_public_ws/devel/share/common-lisp/ros/pal_interaction_msgs/msg/AudioDeviceDescription.lisp)
Linked: (/home/samuel/tiago_public_ws/devel/.private/pal_interaction_msgs/share/common-lisp/ros/pal_interaction_msgs/msg/VoiceActivity.lisp, /home/samuel/tiago_public_ws/devel/share/common-lisp/ros/pal_interaction_msgs/msg/VoiceActivity.lisp)
Linked: (/home/samuel/tiago_public_ws/devel/.private/pal_interaction_msgs/share/common-lisp/ros/pal_interaction_msgs/msg/ASREvent.lisp, /home/samuel/tiago_public_ws/devel/share/common-lisp/ros/pal_interaction_msgs/msg/ASREvent.lisp)
Linked: (/home/samuel/tiago_public_ws/devel/.private/pal_interaction_msgs/share/common-lisp/ros/pal_interaction_msgs/msg/WebGuiEvent.lisp, /home/samuel/tiago_public_ws/devel/share/common-lisp/ros/pal_interaction_msgs/msg/WebGuiEvent.lisp)
Linked: (/home/samuel/tiago_public_ws/devel/.private/pal_interaction_msgs/share/common-lisp/ros/pal_interaction_msgs/msg/_package_ASRFileFeedback.lisp, /home/samuel/tiago_public_ws/devel/share/common-lisp/ros/pal_interaction_msgs/msg/_package_ASRFileFeedback.lisp)
Linked: (/home/samuel/tiago_public_ws/devel/.private/pal_interaction_msgs/share/common-lisp/ros/pal_interaction_msgs/msg/actiontag.lisp, /home/samuel/tiago_public_ws/devel/share/common-lisp/ros/pal_interaction_msgs/msg/actiontag.lisp)
Linked: (/home/samuel/tiago_public_ws/devel/.private/pal_interaction_msgs/share/common-lisp/ros/pal_interaction_msgs/msg/_package_TtsActionResult.lisp, /home/samuel/tiago_public_ws/devel/share/common-lisp/ros/pal_interaction_msgs/msg/_package_TtsActionResult.lisp)
Linked: (/home/samuel/tiago_public_ws/devel/.private/pal_interaction_msgs/share/common-lisp/ros/pal_interaction_msgs/msg/ASRFileResult.lisp, /home/samuel/tiago_public_ws/devel/share/common-lisp/ros/pal_interaction_msgs/msg/ASRFileResult.lisp)
Linked: (/home/samuel/tiago_public_ws/devel/.private/pal_interaction_msgs/share/common-lisp/ros/pal_interaction_msgs/msg/SoundFeedback.lisp, /home/samuel/tiago_public_ws/devel/share/common-lisp/ros/pal_interaction_msgs/msg/SoundFeedback.lisp)
Linked: (/home/samuel/tiago_public_ws/devel/.private/pal_interaction_msgs/share/common-lisp/ros/pal_interaction_msgs/msg/_package_AudioPlayerState.lisp, /home/samuel/tiago_public_ws/devel/share/common-lisp/ros/pal_interaction_msgs/msg/_package_AudioPlayerState.lisp)
Linked: (/home/samuel/tiago_public_ws/devel/.private/pal_interaction_msgs/share/common-lisp/ros/pal_interaction_msgs/msg/_package_ASRFileActionResult.lisp, /home/samuel/tiago_public_ws/devel/share/common-lisp/ros/pal_interaction_msgs/msg/_package_ASRFileActionResult.lisp)
Linked: (/home/samuel/tiago_public_ws/devel/.private/pal_interaction_msgs/share/common-lisp/ros/pal_interaction_msgs/msg/_package_actiontag.lisp, /home/samuel/tiago_public_ws/devel/share/common-lisp/ros/pal_interaction_msgs/msg/_package_actiontag.lisp)
Linked: (/home/samuel/tiago_public_ws/devel/.private/pal_interaction_msgs/share/common-lisp/ros/pal_interaction_msgs/msg/I18nArgument.lisp, /home/samuel/tiago_public_ws/devel/share/common-lisp/ros/pal_interaction_msgs/msg/I18nArgument.lisp)
Linked: (/home/samuel/tiago_public_ws/devel/.private/pal_interaction_msgs/share/common-lisp/ros/pal_interaction_msgs/msg/_package_ASRFileActionGoal.lisp, /home/samuel/tiago_public_ws/devel/share/common-lisp/ros/pal_interaction_msgs/msg/_package_ASRFileActionGoal.lisp)
Linked: (/home/samuel/tiago_public_ws/devel/.private/pal_interaction_msgs/share/common-lisp/ros/pal_interaction_msgs/msg/_package_SoundAction.lisp, /home/samuel/tiago_public_ws/devel/share/common-lisp/ros/pal_interaction_msgs/msg/_package_SoundAction.lisp)
Linked: (/home/samuel/tiago_public_ws/devel/.private/pal_interaction_msgs/share/common-lisp/ros/pal_interaction_msgs/msg/ASRSrvRequest.lisp, /home/samuel/tiago_public_ws/devel/share/common-lisp/ros/pal_interaction_msgs/msg/ASRSrvRequest.lisp)
Linked: (/home/samuel/tiago_public_ws/devel/.private/pal_interaction_msgs/share/common-lisp/ros/pal_interaction_msgs/msg/_package_ASRFileResult.lisp, /home/samuel/tiago_public_ws/devel/share/common-lisp/ros/pal_interaction_msgs/msg/_package_ASRFileResult.lisp)
Linked: (/home/samuel/tiago_public_ws/devel/.private/pal_interaction_msgs/share/common-lisp/ros/pal_interaction_msgs/msg/asrupdate.lisp, /home/samuel/tiago_public_ws/devel/share/common-lisp/ros/pal_interaction_msgs/msg/asrupdate.lisp)
Linked: (/home/samuel/tiago_public_ws/devel/.private/pal_interaction_msgs/share/common-lisp/ros/pal_interaction_msgs/msg/TTSstate.lisp, /home/samuel/tiago_public_ws/devel/share/common-lisp/ros/pal_interaction_msgs/msg/TTSstate.lisp)
Linked: (/home/samuel/tiago_public_ws/devel/.private/pal_interaction_msgs/share/common-lisp/ros/pal_interaction_msgs/msg/ASRActivation.lisp, /home/samuel/tiago_public_ws/devel/share/common-lisp/ros/pal_interaction_msgs/msg/ASRActivation.lisp)
Linked: (/home/samuel/tiago_public_ws/devel/.private/pal_interaction_msgs/share/common-lisp/ros/pal_interaction_msgs/msg/ASRStatus.lisp, /home/samuel/tiago_public_ws/devel/share/common-lisp/ros/pal_interaction_msgs/msg/ASRStatus.lisp)
Linked: (/home/samuel/tiago_public_ws/devel/.private/pal_interaction_msgs/share/common-lisp/ros/pal_interaction_msgs/msg/ASRSrvResponse.lisp, /home/samuel/tiago_public_ws/devel/share/common-lisp/ros/pal_interaction_msgs/msg/ASRSrvResponse.lisp)
Linked: (/home/samuel/tiago_public_ws/devel/.private/pal_interaction_msgs/share/common-lisp/ros/pal_interaction_msgs/msg/_package_SoundActionGoal.lisp, /home/samuel/tiago_public_ws/devel/share/common-lisp/ros/pal_interaction_msgs/msg/_package_SoundActionGoal.lisp)
Linked: (/home/samuel/tiago_public_ws/devel/.private/pal_interaction_msgs/share/common-lisp/ros/pal_interaction_msgs/msg/SoundActionGoal.lisp, /home/samuel/tiago_public_ws/devel/share/common-lisp/ros/pal_interaction_msgs/msg/SoundActionGoal.lisp)
Linked: (/home/samuel/tiago_public_ws/devel/.private/pal_interaction_msgs/share/common-lisp/ros/pal_interaction_msgs/msg/_package_ASREvent.lisp, /home/samuel/tiago_public_ws/devel/share/common-lisp/ros/pal_interaction_msgs/msg/_package_ASREvent.lisp)
Linked: (/home/samuel/tiago_public_ws/devel/.private/pal_interaction_msgs/share/common-lisp/ros/pal_interaction_msgs/msg/TtsResult.lisp, /home/samuel/tiago_public_ws/devel/share/common-lisp/ros/pal_interaction_msgs/msg/TtsResult.lisp)
Linked: (/home/samuel/tiago_public_ws/devel/.private/pal_interaction_msgs/share/common-lisp/ros/pal_interaction_msgs/msg/_package.lisp, /home/samuel/tiago_public_ws/devel/share/common-lisp/ros/pal_interaction_msgs/msg/_package.lisp)
Linked: (/home/samuel/tiago_public_ws/devel/.private/pal_interaction_msgs/share/common-lisp/ros/pal_interaction_msgs/msg/_package_ASRSrvRequest.lisp, /home/samuel/tiago_public_ws/devel/share/common-lisp/ros/pal_interaction_msgs/msg/_package_ASRSrvRequest.lisp)
Linked: (/home/samuel/tiago_public_ws/devel/.private/pal_interaction_msgs/share/common-lisp/ros/pal_interaction_msgs/msg/_package_ASRStatus.lisp, /home/samuel/tiago_public_ws/devel/share/common-lisp/ros/pal_interaction_msgs/msg/_package_ASRStatus.lisp)
Linked: (/home/samuel/tiago_public_ws/devel/.private/pal_interaction_msgs/share/common-lisp/ros/pal_interaction_msgs/msg/_package_TtsFeedback.lisp, /home/samuel/tiago_public_ws/devel/share/common-lisp/ros/pal_interaction_msgs/msg/_package_TtsFeedback.lisp)
Linked: (/home/samuel/tiago_public_ws/devel/.private/pal_interaction_msgs/share/common-lisp/ros/pal_interaction_msgs/msg/ASRLanguage.lisp, /home/samuel/tiago_public_ws/devel/share/common-lisp/ros/pal_interaction_msgs/msg/ASRLanguage.lisp)
Linked: (/home/samuel/tiago_public_ws/devel/.private/pal_interaction_msgs/share/common-lisp/ros/pal_interaction_msgs/msg/_package_asrresult.lisp, /home/samuel/tiago_public_ws/devel/share/common-lisp/ros/pal_interaction_msgs/msg/_package_asrresult.lisp)
Linked: (/home/samuel/tiago_public_ws/devel/.private/pal_interaction_msgs/share/common-lisp/ros/pal_interaction_msgs/msg/_package_WebGuiEvent.lisp, /home/samuel/tiago_public_ws/devel/share/common-lisp/ros/pal_interaction_msgs/msg/_package_WebGuiEvent.lisp)
Linked: (/home/samuel/tiago_public_ws/devel/.private/pal_interaction_msgs/share/common-lisp/ros/pal_interaction_msgs/msg/TtsActionGoal.lisp, /home/samuel/tiago_public_ws/devel/share/common-lisp/ros/pal_interaction_msgs/msg/TtsActionGoal.lisp)
Linked: (/home/samuel/tiago_public_ws/devel/.private/pal_interaction_msgs/share/common-lisp/ros/pal_interaction_msgs/msg/ASRFileAction.lisp, /home/samuel/tiago_public_ws/devel/share/common-lisp/ros/pal_interaction_msgs/msg/ASRFileAction.lisp)
Linked: (/home/samuel/tiago_public_ws/devel/.private/pal_interaction_msgs/share/common-lisp/ros/pal_interaction_msgs/msg/asrresult.lisp, /home/samuel/tiago_public_ws/devel/share/common-lisp/ros/pal_interaction_msgs/msg/asrresult.lisp)
Linked: (/home/samuel/tiago_public_ws/devel/.private/pal_interaction_msgs/share/common-lisp/ros/pal_interaction_msgs/msg/_package_TtsActionGoal.lisp, /home/samuel/tiago_public_ws/devel/share/common-lisp/ros/pal_interaction_msgs/msg/_package_TtsActionGoal.lisp)
Linked: (/home/samuel/tiago_public_ws/devel/.private/pal_interaction_msgs/share/common-lisp/ros/pal_interaction_msgs/msg/ASRFileGoal.lisp, /home/samuel/tiago_public_ws/devel/share/common-lisp/ros/pal_interaction_msgs/msg/ASRFileGoal.lisp)
Linked: (/home/samuel/tiago_public_ws/devel/.private/pal_interaction_msgs/share/common-lisp/ros/pal_interaction_msgs/msg/TtsActionResult.lisp, /home/samuel/tiago_public_ws/devel/share/common-lisp/ros/pal_interaction_msgs/msg/TtsActionResult.lisp)
Linked: (/home/samuel/tiago_public_ws/devel/.private/pal_interaction_msgs/share/common-lisp/ros/pal_interaction_msgs/msg/_package_TTSstate.lisp, /home/samuel/tiago_public_ws/devel/share/common-lisp/ros/pal_interaction_msgs/msg/_package_TTSstate.lisp)
Linked: (/home/samuel/tiago_public_ws/devel/.private/pal_interaction_msgs/share/common-lisp/ros/pal_interaction_msgs/msg/_package_I18nArgument.lisp, /home/samuel/tiago_public_ws/devel/share/common-lisp/ros/pal_interaction_msgs/msg/_package_I18nArgument.lisp)
Linked: (/home/samuel/tiago_public_ws/devel/.private/pal_interaction_msgs/share/common-lisp/ros/pal_interaction_msgs/msg/ASRFileActionGoal.lisp, /home/samuel/tiago_public_ws/devel/share/common-lisp/ros/pal_interaction_msgs/msg/ASRFileActionGoal.lisp)
Linked: (/home/samuel/tiago_public_ws/devel/.private/pal_interaction_msgs/share/common-lisp/ros/pal_interaction_msgs/msg/_package_audiosignal.lisp, /home/samuel/tiago_public_ws/devel/share/common-lisp/ros/pal_interaction_msgs/msg/_package_audiosignal.lisp)
Linked: (/home/samuel/tiago_public_ws/devel/.private/pal_interaction_msgs/share/common-lisp/ros/pal_interaction_msgs/msg/_package_ASRActivation.lisp, /home/samuel/tiago_public_ws/devel/share/common-lisp/ros/pal_interaction_msgs/msg/_package_ASRActivation.lisp)
Linked: (/home/samuel/tiago_public_ws/devel/.private/pal_interaction_msgs/share/common-lisp/ros/pal_interaction_msgs/msg/TtsGoal.lisp, /home/samuel/tiago_public_ws/devel/share/common-lisp/ros/pal_interaction_msgs/msg/TtsGoal.lisp)
Linked: (/home/samuel/tiago_public_ws/devel/.private/pal_interaction_msgs/share/common-lisp/ros/pal_interaction_msgs/msg/SoundGoal.lisp, /home/samuel/tiago_public_ws/devel/share/common-lisp/ros/pal_interaction_msgs/msg/SoundGoal.lisp)
Linked: (/home/samuel/tiago_public_ws/devel/.private/pal_interaction_msgs/share/common-lisp/ros/pal_interaction_msgs/msg/_package_TtsAction.lisp, /home/samuel/tiago_public_ws/devel/share/common-lisp/ros/pal_interaction_msgs/msg/_package_TtsAction.lisp)
Linked: (/home/samuel/tiago_public_ws/devel/.private/pal_interaction_msgs/share/common-lisp/ros/pal_interaction_msgs/msg/TtsAction.lisp, /home/samuel/tiago_public_ws/devel/share/common-lisp/ros/pal_interaction_msgs/msg/TtsAction.lisp)
Linked: (/home/samuel/tiago_public_ws/devel/.private/pal_interaction_msgs/share/common-lisp/ros/pal_interaction_msgs/msg/EnablingSoundLocalisation.lisp, /home/samuel/tiago_public_ws/devel/share/common-lisp/ros/pal_interaction_msgs/msg/EnablingSoundLocalisation.lisp)
Linked: (/home/samuel/tiago_public_ws/devel/.private/pal_interaction_msgs/share/common-lisp/ros/pal_interaction_msgs/msg/ASRFileActionFeedback.lisp, /home/samuel/tiago_public_ws/devel/share/common-lisp/ros/pal_interaction_msgs/msg/ASRFileActionFeedback.lisp)
Linked: (/home/samuel/tiago_public_ws/devel/.private/pal_interaction_msgs/share/common-lisp/ros/pal_interaction_msgs/msg/TtsText.lisp, /home/samuel/tiago_public_ws/devel/share/common-lisp/ros/pal_interaction_msgs/msg/TtsText.lisp)
Linked: (/home/samuel/tiago_public_ws/devel/.private/pal_interaction_msgs/share/common-lisp/ros/pal_interaction_msgs/msg/_package_VoiceActivity.lisp, /home/samuel/tiago_public_ws/devel/share/common-lisp/ros/pal_interaction_msgs/msg/_package_VoiceActivity.lisp)
Linked: (/home/samuel/tiago_public_ws/devel/.private/pal_interaction_msgs/share/common-lisp/ros/pal_interaction_msgs/msg/TtsFeedback.lisp, /home/samuel/tiago_public_ws/devel/share/common-lisp/ros/pal_interaction_msgs/msg/TtsFeedback.lisp)
Linked: (/home/samuel/tiago_public_ws/devel/.private/pal_interaction_msgs/share/common-lisp/ros/pal_interaction_msgs/msg/DirectionOfArrival.lisp, /home/samuel/tiago_public_ws/devel/share/common-lisp/ros/pal_interaction_msgs/msg/DirectionOfArrival.lisp)
Linked: (/home/samuel/tiago_public_ws/devel/.private/pal_interaction_msgs/share/common-lisp/ros/pal_interaction_msgs/msg/_package_TtsMark.lisp, /home/samuel/tiago_public_ws/devel/share/common-lisp/ros/pal_interaction_msgs/msg/_package_TtsMark.lisp)
Linked: (/home/samuel/tiago_public_ws/devel/.private/pal_interaction_msgs/share/common-lisp/ros/pal_interaction_msgs/msg/_package_SoundGoal.lisp, /home/samuel/tiago_public_ws/devel/share/common-lisp/ros/pal_interaction_msgs/msg/_package_SoundGoal.lisp)
Linked: (/home/samuel/tiago_public_ws/devel/.private/pal_interaction_msgs/share/common-lisp/ros/pal_interaction_msgs/msg/SoundActionFeedback.lisp, /home/samuel/tiago_public_ws/devel/share/common-lisp/ros/pal_interaction_msgs/msg/SoundActionFeedback.lisp)
Linked: (/home/samuel/tiago_public_ws/devel/.private/pal_interaction_msgs/share/common-lisp/ros/pal_interaction_msgs/msg/_package_I18nText.lisp, /home/samuel/tiago_public_ws/devel/share/common-lisp/ros/pal_interaction_msgs/msg/_package_I18nText.lisp)
Linked: (/home/samuel/tiago_public_ws/devel/.private/pal_interaction_msgs/share/common-lisp/ros/pal_interaction_msgs/msg/_package_ASRFileGoal.lisp, /home/samuel/tiago_public_ws/devel/share/common-lisp/ros/pal_interaction_msgs/msg/_package_ASRFileGoal.lisp)
Linked: (/home/samuel/tiago_public_ws/devel/.private/pal_interaction_msgs/share/common-lisp/ros/pal_interaction_msgs/msg/_package_TtsGoal.lisp, /home/samuel/tiago_public_ws/devel/share/common-lisp/ros/pal_interaction_msgs/msg/_package_TtsGoal.lisp)
Linked: (/home/samuel/tiago_public_ws/devel/.private/pal_interaction_msgs/share/common-lisp/ros/pal_interaction_msgs/msg/_package_ASRLangModelMngmt.lisp, /home/samuel/tiago_public_ws/devel/share/common-lisp/ros/pal_interaction_msgs/msg/_package_ASRLangModelMngmt.lisp)
Linked: (/home/samuel/tiago_public_ws/devel/.private/pal_interaction_msgs/share/common-lisp/ros/pal_interaction_msgs/msg/_package_ASRSrvResponse.lisp, /home/samuel/tiago_public_ws/devel/share/common-lisp/ros/pal_interaction_msgs/msg/_package_ASRSrvResponse.lisp)
Linked: (/home/samuel/tiago_public_ws/devel/.private/pal_interaction_msgs/share/common-lisp/ros/pal_interaction_msgs/msg/_package_DirectionOfArrival.lisp, /home/samuel/tiago_public_ws/devel/share/common-lisp/ros/pal_interaction_msgs/msg/_package_DirectionOfArrival.lisp)
Linked: (/home/samuel/tiago_public_ws/devel/.private/pal_interaction_msgs/share/common-lisp/ros/pal_interaction_msgs/msg/SoundActionResult.lisp, /home/samuel/tiago_public_ws/devel/share/common-lisp/ros/pal_interaction_msgs/msg/SoundActionResult.lisp)
Linked: (/home/samuel/tiago_public_ws/devel/.private/pal_interaction_msgs/share/common-lisp/ros/pal_interaction_msgs/msg/TtsMark.lisp, /home/samuel/tiago_public_ws/devel/share/common-lisp/ros/pal_interaction_msgs/msg/TtsMark.lisp)
Linked: (/home/samuel/tiago_public_ws/devel/.private/pal_interaction_msgs/share/common-lisp/ros/pal_interaction_msgs/msg/_package_SoundResult.lisp, /home/samuel/tiago_public_ws/devel/share/common-lisp/ros/pal_interaction_msgs/msg/_package_SoundResult.lisp)
Linked: (/home/samuel/tiago_public_ws/devel/.private/pal_interaction_msgs/share/common-lisp/ros/pal_interaction_msgs/msg/TtsActionFeedback.lisp, /home/samuel/tiago_public_ws/devel/share/common-lisp/ros/pal_interaction_msgs/msg/TtsActionFeedback.lisp)
Linked: (/home/samuel/tiago_public_ws/devel/.private/pal_interaction_msgs/share/common-lisp/ros/pal_interaction_msgs/msg/I18nText.lisp, /home/samuel/tiago_public_ws/devel/share/common-lisp/ros/pal_interaction_msgs/msg/I18nText.lisp)
Linked: (/home/samuel/tiago_public_ws/devel/.private/pal_interaction_msgs/share/common-lisp/ros/pal_interaction_msgs/srv/_package_recognizerService.lisp, /home/samuel/tiago_public_ws/devel/share/common-lisp/ros/pal_interaction_msgs/srv/_package_recognizerService.lisp)
Linked: (/home/samuel/tiago_public_ws/devel/.private/pal_interaction_msgs/share/common-lisp/ros/pal_interaction_msgs/srv/ASRService.lisp, /home/samuel/tiago_public_ws/devel/share/common-lisp/ros/pal_interaction_msgs/srv/ASRService.lisp)
Linked: (/home/samuel/tiago_public_ws/devel/.private/pal_interaction_msgs/share/common-lisp/ros/pal_interaction_msgs/srv/pal_interaction_msgs-srv.asd, /home/samuel/tiago_public_ws/devel/share/common-lisp/ros/pal_interaction_msgs/srv/pal_interaction_msgs-srv.asd)
Linked: (/home/samuel/tiago_public_ws/devel/.private/pal_interaction_msgs/share/common-lisp/ros/pal_interaction_msgs/srv/recognizerService.lisp, /home/samuel/tiago_public_ws/devel/share/common-lisp/ros/pal_interaction_msgs/srv/recognizerService.lisp)
Linked: (/home/samuel/tiago_public_ws/devel/.private/pal_interaction_msgs/share/common-lisp/ros/pal_interaction_msgs/srv/_package.lisp, /home/samuel/tiago_public_ws/devel/share/common-lisp/ros/pal_interaction_msgs/srv/_package.lisp)
Linked: (/home/samuel/tiago_public_ws/devel/.private/pal_interaction_msgs/share/common-lisp/ros/pal_interaction_msgs/srv/_package_ASRService.lisp, /home/samuel/tiago_public_ws/devel/share/common-lisp/ros/pal_interaction_msgs/srv/_package_ASRService.lisp)
Linked: (/home/samuel/tiago_public_ws/devel/.private/pal_interaction_msgs/share/common-lisp/ros/pal_interaction_msgs/srv/SoundLocalisationService.lisp, /home/samuel/tiago_public_ws/devel/share/common-lisp/ros/pal_interaction_msgs/srv/SoundLocalisationService.lisp)
Linked: (/home/samuel/tiago_public_ws/devel/.private/pal_interaction_msgs/share/common-lisp/ros/pal_interaction_msgs/srv/_package_SoundLocalisationService.lisp, /home/samuel/tiago_public_ws/devel/share/common-lisp/ros/pal_interaction_msgs/srv/_package_SoundLocalisationService.lisp)
