Linked: (/home/samuel/tiago_public_ws/devel/.private/pal_motion_model_msgs/lib/pkgconfig/pal_motion_model_msgs.pc, /home/samuel/tiago_public_ws/devel/lib/pkgconfig/pal_motion_model_msgs.pc)
Linked: (/home/samuel/tiago_public_ws/devel/.private/pal_motion_model_msgs/lib/python2.7/dist-packages/pal_motion_model_msgs/__init__.py, /home/samuel/tiago_public_ws/devel/lib/python2.7/dist-packages/pal_motion_model_msgs/__init__.py)
Linked: (/home/samuel/tiago_public_ws/devel/.private/pal_motion_model_msgs/lib/python2.7/dist-packages/pal_motion_model_msgs/msg/__init__.py, /home/samuel/tiago_public_ws/devel/lib/python2.7/dist-packages/pal_motion_model_msgs/msg/__init__.py)
Linked: (/home/samuel/tiago_public_ws/devel/.private/pal_motion_model_msgs/lib/python2.7/dist-packages/pal_motion_model_msgs/msg/_MotionModel.py, /home/samuel/tiago_public_ws/devel/lib/python2.7/dist-packages/pal_motion_model_msgs/msg/_MotionModel.py)
Linked: (/home/samuel/tiago_public_ws/devel/.private/pal_motion_model_msgs/lib/python2.7/dist-packages/pal_motion_model_msgs/msg/_MotionModelList.py, /home/samuel/tiago_public_ws/devel/lib/python2.7/dist-packages/pal_motion_model_msgs/msg/_MotionModelList.py)
Linked: (/home/samuel/tiago_public_ws/devel/.private/pal_motion_model_msgs/lib/python2.7/dist-packages/pal_motion_model_msgs/msg/_MotionModelMap.py, /home/samuel/tiago_public_ws/devel/lib/python2.7/dist-packages/pal_motion_model_msgs/msg/_MotionModelMap.py)
Linked: (/home/samuel/tiago_public_ws/devel/.private/pal_motion_model_msgs/lib/python2.7/dist-packages/pal_motion_model_msgs/srv/__init__.py, /home/samuel/tiago_public_ws/devel/lib/python2.7/dist-packages/pal_motion_model_msgs/srv/__init__.py)
Linked: (/home/samuel/tiago_public_ws/devel/.private/pal_motion_model_msgs/lib/python2.7/dist-packages/pal_motion_model_msgs/srv/_GetMotionMap.py, /home/samuel/tiago_public_ws/devel/lib/python2.7/dist-packages/pal_motion_model_msgs/srv/_GetMotionMap.py)
Linked: (/home/samuel/tiago_public_ws/devel/.private/pal_motion_model_msgs/include/pal_motion_model_msgs/MotionModelMap.h, /home/samuel/tiago_public_ws/devel/include/pal_motion_model_msgs/MotionModelMap.h)
Linked: (/home/samuel/tiago_public_ws/devel/.private/pal_motion_model_msgs/include/pal_motion_model_msgs/GetMotionMapRequest.h, /home/samuel/tiago_public_ws/devel/include/pal_motion_model_msgs/GetMotionMapRequest.h)
Linked: (/home/samuel/tiago_public_ws/devel/.private/pal_motion_model_msgs/include/pal_motion_model_msgs/MotionModel.h, /home/samuel/tiago_public_ws/devel/include/pal_motion_model_msgs/MotionModel.h)
Linked: (/home/samuel/tiago_public_ws/devel/.private/pal_motion_model_msgs/include/pal_motion_model_msgs/MotionModelList.h, /home/samuel/tiago_public_ws/devel/include/pal_motion_model_msgs/MotionModelList.h)
Linked: (/home/samuel/tiago_public_ws/devel/.private/pal_motion_model_msgs/include/pal_motion_model_msgs/GetMotionMapResponse.h, /home/samuel/tiago_public_ws/devel/include/pal_motion_model_msgs/GetMotionMapResponse.h)
Linked: (/home/samuel/tiago_public_ws/devel/.private/pal_motion_model_msgs/include/pal_motion_model_msgs/GetMotionMap.h, /home/samuel/tiago_public_ws/devel/include/pal_motion_model_msgs/GetMotionMap.h)
Linked: (/home/samuel/tiago_public_ws/devel/.private/pal_motion_model_msgs/share/pal_motion_model_msgs/cmake/pal_motion_model_msgs-msg-paths.cmake, /home/samuel/tiago_public_ws/devel/share/pal_motion_model_msgs/cmake/pal_motion_model_msgs-msg-paths.cmake)
Linked: (/home/samuel/tiago_public_ws/devel/.private/pal_motion_model_msgs/share/pal_motion_model_msgs/cmake/pal_motion_model_msgs-msg-extras.cmake, /home/samuel/tiago_public_ws/devel/share/pal_motion_model_msgs/cmake/pal_motion_model_msgs-msg-extras.cmake)
Linked: (/home/samuel/tiago_public_ws/devel/.private/pal_motion_model_msgs/share/pal_motion_model_msgs/cmake/pal_motion_model_msgsConfig.cmake, /home/samuel/tiago_public_ws/devel/share/pal_motion_model_msgs/cmake/pal_motion_model_msgsConfig.cmake)
Linked: (/home/samuel/tiago_public_ws/devel/.private/pal_motion_model_msgs/share/pal_motion_model_msgs/cmake/pal_motion_model_msgsConfig-version.cmake, /home/samuel/tiago_public_ws/devel/share/pal_motion_model_msgs/cmake/pal_motion_model_msgsConfig-version.cmake)
Linked: (/home/samuel/tiago_public_ws/devel/.private/pal_motion_model_msgs/share/common-lisp/ros/pal_motion_model_msgs/msg/MotionModel.lisp, /home/samuel/tiago_public_ws/devel/share/common-lisp/ros/pal_motion_model_msgs/msg/MotionModel.lisp)
Linked: (/home/samuel/tiago_public_ws/devel/.private/pal_motion_model_msgs/share/common-lisp/ros/pal_motion_model_msgs/msg/pal_motion_model_msgs-msg.asd, /home/samuel/tiago_public_ws/devel/share/common-lisp/ros/pal_motion_model_msgs/msg/pal_motion_model_msgs-msg.asd)
Linked: (/home/samuel/tiago_public_ws/devel/.private/pal_motion_model_msgs/share/common-lisp/ros/pal_motion_model_msgs/msg/_package_MotionModelMap.lisp, /home/samuel/tiago_public_ws/devel/share/common-lisp/ros/pal_motion_model_msgs/msg/_package_MotionModelMap.lisp)
Linked: (/home/samuel/tiago_public_ws/devel/.private/pal_motion_model_msgs/share/common-lisp/ros/pal_motion_model_msgs/msg/_package_MotionModel.lisp, /home/samuel/tiago_public_ws/devel/share/common-lisp/ros/pal_motion_model_msgs/msg/_package_MotionModel.lisp)
Linked: (/home/samuel/tiago_public_ws/devel/.private/pal_motion_model_msgs/share/common-lisp/ros/pal_motion_model_msgs/msg/MotionModelMap.lisp, /home/samuel/tiago_public_ws/devel/share/common-lisp/ros/pal_motion_model_msgs/msg/MotionModelMap.lisp)
Linked: (/home/samuel/tiago_public_ws/devel/.private/pal_motion_model_msgs/share/common-lisp/ros/pal_motion_model_msgs/msg/_package.lisp, /home/samuel/tiago_public_ws/devel/share/common-lisp/ros/pal_motion_model_msgs/msg/_package.lisp)
Linked: (/home/samuel/tiago_public_ws/devel/.private/pal_motion_model_msgs/share/common-lisp/ros/pal_motion_model_msgs/msg/_package_MotionModelList.lisp, /home/samuel/tiago_public_ws/devel/share/common-lisp/ros/pal_motion_model_msgs/msg/_package_MotionModelList.lisp)
Linked: (/home/samuel/tiago_public_ws/devel/.private/pal_motion_model_msgs/share/common-lisp/ros/pal_motion_model_msgs/msg/MotionModelList.lisp, /home/samuel/tiago_public_ws/devel/share/common-lisp/ros/pal_motion_model_msgs/msg/MotionModelList.lisp)
Linked: (/home/samuel/tiago_public_ws/devel/.private/pal_motion_model_msgs/share/common-lisp/ros/pal_motion_model_msgs/srv/pal_motion_model_msgs-srv.asd, /home/samuel/tiago_public_ws/devel/share/common-lisp/ros/pal_motion_model_msgs/srv/pal_motion_model_msgs-srv.asd)
Linked: (/home/samuel/tiago_public_ws/devel/.private/pal_motion_model_msgs/share/common-lisp/ros/pal_motion_model_msgs/srv/_package.lisp, /home/samuel/tiago_public_ws/devel/share/common-lisp/ros/pal_motion_model_msgs/srv/_package.lisp)
Linked: (/home/samuel/tiago_public_ws/devel/.private/pal_motion_model_msgs/share/common-lisp/ros/pal_motion_model_msgs/srv/_package_GetMotionMap.lisp, /home/samuel/tiago_public_ws/devel/share/common-lisp/ros/pal_motion_model_msgs/srv/_package_GetMotionMap.lisp)
Linked: (/home/samuel/tiago_public_ws/devel/.private/pal_motion_model_msgs/share/common-lisp/ros/pal_motion_model_msgs/srv/GetMotionMap.lisp, /home/samuel/tiago_public_ws/devel/share/common-lisp/ros/pal_motion_model_msgs/srv/GetMotionMap.lisp)
