Linked: (/home/samuel/tiago_public_ws/devel/.private/pal_common_msgs/lib/pkgconfig/pal_common_msgs.pc, /home/samuel/tiago_public_ws/devel/lib/pkgconfig/pal_common_msgs.pc)
Linked: (/home/samuel/tiago_public_ws/devel/.private/pal_common_msgs/lib/python2.7/dist-packages/pal_common_msgs/__init__.py, /home/samuel/tiago_public_ws/devel/lib/python2.7/dist-packages/pal_common_msgs/__init__.py)
Linked: (/home/samuel/tiago_public_ws/devel/.private/pal_common_msgs/lib/python2.7/dist-packages/pal_common_msgs/msg/_DisableActionFeedback.py, /home/samuel/tiago_public_ws/devel/lib/python2.7/dist-packages/pal_common_msgs/msg/_DisableActionFeedback.py)
Linked: (/home/samuel/tiago_public_ws/devel/.private/pal_common_msgs/lib/python2.7/dist-packages/pal_common_msgs/msg/_EmptyActionFeedback.py, /home/samuel/tiago_public_ws/devel/lib/python2.7/dist-packages/pal_common_msgs/msg/_EmptyActionFeedback.py)
Linked: (/home/samuel/tiago_public_ws/devel/.private/pal_common_msgs/lib/python2.7/dist-packages/pal_common_msgs/msg/__init__.py, /home/samuel/tiago_public_ws/devel/lib/python2.7/dist-packages/pal_common_msgs/msg/__init__.py)
Linked: (/home/samuel/tiago_public_ws/devel/.private/pal_common_msgs/lib/python2.7/dist-packages/pal_common_msgs/msg/_JointCurrent.py, /home/samuel/tiago_public_ws/devel/lib/python2.7/dist-packages/pal_common_msgs/msg/_JointCurrent.py)
Linked: (/home/samuel/tiago_public_ws/devel/.private/pal_common_msgs/lib/python2.7/dist-packages/pal_common_msgs/msg/_EmptyAction.py, /home/samuel/tiago_public_ws/devel/lib/python2.7/dist-packages/pal_common_msgs/msg/_EmptyAction.py)
Linked: (/home/samuel/tiago_public_ws/devel/.private/pal_common_msgs/lib/python2.7/dist-packages/pal_common_msgs/msg/_DisableAction.py, /home/samuel/tiago_public_ws/devel/lib/python2.7/dist-packages/pal_common_msgs/msg/_DisableAction.py)
Linked: (/home/samuel/tiago_public_ws/devel/.private/pal_common_msgs/lib/python2.7/dist-packages/pal_common_msgs/msg/_DisableResult.py, /home/samuel/tiago_public_ws/devel/lib/python2.7/dist-packages/pal_common_msgs/msg/_DisableResult.py)
Linked: (/home/samuel/tiago_public_ws/devel/.private/pal_common_msgs/lib/python2.7/dist-packages/pal_common_msgs/msg/_EmptyResult.py, /home/samuel/tiago_public_ws/devel/lib/python2.7/dist-packages/pal_common_msgs/msg/_EmptyResult.py)
Linked: (/home/samuel/tiago_public_ws/devel/.private/pal_common_msgs/lib/python2.7/dist-packages/pal_common_msgs/msg/_DisableFeedback.py, /home/samuel/tiago_public_ws/devel/lib/python2.7/dist-packages/pal_common_msgs/msg/_DisableFeedback.py)
Linked: (/home/samuel/tiago_public_ws/devel/.private/pal_common_msgs/lib/python2.7/dist-packages/pal_common_msgs/msg/_DisableActionResult.py, /home/samuel/tiago_public_ws/devel/lib/python2.7/dist-packages/pal_common_msgs/msg/_DisableActionResult.py)
Linked: (/home/samuel/tiago_public_ws/devel/.private/pal_common_msgs/lib/python2.7/dist-packages/pal_common_msgs/msg/_DisableActionGoal.py, /home/samuel/tiago_public_ws/devel/lib/python2.7/dist-packages/pal_common_msgs/msg/_DisableActionGoal.py)
Linked: (/home/samuel/tiago_public_ws/devel/.private/pal_common_msgs/lib/python2.7/dist-packages/pal_common_msgs/msg/_EmptyActionGoal.py, /home/samuel/tiago_public_ws/devel/lib/python2.7/dist-packages/pal_common_msgs/msg/_EmptyActionGoal.py)
Linked: (/home/samuel/tiago_public_ws/devel/.private/pal_common_msgs/lib/python2.7/dist-packages/pal_common_msgs/msg/_EmptyGoal.py, /home/samuel/tiago_public_ws/devel/lib/python2.7/dist-packages/pal_common_msgs/msg/_EmptyGoal.py)
Linked: (/home/samuel/tiago_public_ws/devel/.private/pal_common_msgs/lib/python2.7/dist-packages/pal_common_msgs/msg/_EmptyActionResult.py, /home/samuel/tiago_public_ws/devel/lib/python2.7/dist-packages/pal_common_msgs/msg/_EmptyActionResult.py)
Linked: (/home/samuel/tiago_public_ws/devel/.private/pal_common_msgs/lib/python2.7/dist-packages/pal_common_msgs/msg/_DisableGoal.py, /home/samuel/tiago_public_ws/devel/lib/python2.7/dist-packages/pal_common_msgs/msg/_DisableGoal.py)
Linked: (/home/samuel/tiago_public_ws/devel/.private/pal_common_msgs/lib/python2.7/dist-packages/pal_common_msgs/msg/_EmptyFeedback.py, /home/samuel/tiago_public_ws/devel/lib/python2.7/dist-packages/pal_common_msgs/msg/_EmptyFeedback.py)
Linked: (/home/samuel/tiago_public_ws/devel/.private/pal_common_msgs/include/pal_common_msgs/DisableGoal.h, /home/samuel/tiago_public_ws/devel/include/pal_common_msgs/DisableGoal.h)
Linked: (/home/samuel/tiago_public_ws/devel/.private/pal_common_msgs/include/pal_common_msgs/DisableResult.h, /home/samuel/tiago_public_ws/devel/include/pal_common_msgs/DisableResult.h)
Linked: (/home/samuel/tiago_public_ws/devel/.private/pal_common_msgs/include/pal_common_msgs/DisableFeedback.h, /home/samuel/tiago_public_ws/devel/include/pal_common_msgs/DisableFeedback.h)
Linked: (/home/samuel/tiago_public_ws/devel/.private/pal_common_msgs/include/pal_common_msgs/EmptyResult.h, /home/samuel/tiago_public_ws/devel/include/pal_common_msgs/EmptyResult.h)
Linked: (/home/samuel/tiago_public_ws/devel/.private/pal_common_msgs/include/pal_common_msgs/JointCurrent.h, /home/samuel/tiago_public_ws/devel/include/pal_common_msgs/JointCurrent.h)
Linked: (/home/samuel/tiago_public_ws/devel/.private/pal_common_msgs/include/pal_common_msgs/EmptyGoal.h, /home/samuel/tiago_public_ws/devel/include/pal_common_msgs/EmptyGoal.h)
Linked: (/home/samuel/tiago_public_ws/devel/.private/pal_common_msgs/include/pal_common_msgs/DisableActionFeedback.h, /home/samuel/tiago_public_ws/devel/include/pal_common_msgs/DisableActionFeedback.h)
Linked: (/home/samuel/tiago_public_ws/devel/.private/pal_common_msgs/include/pal_common_msgs/EmptyActionFeedback.h, /home/samuel/tiago_public_ws/devel/include/pal_common_msgs/EmptyActionFeedback.h)
Linked: (/home/samuel/tiago_public_ws/devel/.private/pal_common_msgs/include/pal_common_msgs/DisableAction.h, /home/samuel/tiago_public_ws/devel/include/pal_common_msgs/DisableAction.h)
Linked: (/home/samuel/tiago_public_ws/devel/.private/pal_common_msgs/include/pal_common_msgs/EmptyFeedback.h, /home/samuel/tiago_public_ws/devel/include/pal_common_msgs/EmptyFeedback.h)
Linked: (/home/samuel/tiago_public_ws/devel/.private/pal_common_msgs/include/pal_common_msgs/EmptyActionResult.h, /home/samuel/tiago_public_ws/devel/include/pal_common_msgs/EmptyActionResult.h)
Linked: (/home/samuel/tiago_public_ws/devel/.private/pal_common_msgs/include/pal_common_msgs/EmptyAction.h, /home/samuel/tiago_public_ws/devel/include/pal_common_msgs/EmptyAction.h)
Linked: (/home/samuel/tiago_public_ws/devel/.private/pal_common_msgs/include/pal_common_msgs/DisableActionGoal.h, /home/samuel/tiago_public_ws/devel/include/pal_common_msgs/DisableActionGoal.h)
Linked: (/home/samuel/tiago_public_ws/devel/.private/pal_common_msgs/include/pal_common_msgs/DisableActionResult.h, /home/samuel/tiago_public_ws/devel/include/pal_common_msgs/DisableActionResult.h)
Linked: (/home/samuel/tiago_public_ws/devel/.private/pal_common_msgs/include/pal_common_msgs/EmptyActionGoal.h, /home/samuel/tiago_public_ws/devel/include/pal_common_msgs/EmptyActionGoal.h)
Linked: (/home/samuel/tiago_public_ws/devel/.private/pal_common_msgs/share/pal_common_msgs/msg/EmptyResult.msg, /home/samuel/tiago_public_ws/devel/share/pal_common_msgs/msg/EmptyResult.msg)
Linked: (/home/samuel/tiago_public_ws/devel/.private/pal_common_msgs/share/pal_common_msgs/msg/DisableActionFeedback.msg, /home/samuel/tiago_public_ws/devel/share/pal_common_msgs/msg/DisableActionFeedback.msg)
Linked: (/home/samuel/tiago_public_ws/devel/.private/pal_common_msgs/share/pal_common_msgs/msg/DisableAction.msg, /home/samuel/tiago_public_ws/devel/share/pal_common_msgs/msg/DisableAction.msg)
Linked: (/home/samuel/tiago_public_ws/devel/.private/pal_common_msgs/share/pal_common_msgs/msg/EmptyActionFeedback.msg, /home/samuel/tiago_public_ws/devel/share/pal_common_msgs/msg/EmptyActionFeedback.msg)
Linked: (/home/samuel/tiago_public_ws/devel/.private/pal_common_msgs/share/pal_common_msgs/msg/DisableActionGoal.msg, /home/samuel/tiago_public_ws/devel/share/pal_common_msgs/msg/DisableActionGoal.msg)
Linked: (/home/samuel/tiago_public_ws/devel/.private/pal_common_msgs/share/pal_common_msgs/msg/EmptyActionResult.msg, /home/samuel/tiago_public_ws/devel/share/pal_common_msgs/msg/EmptyActionResult.msg)
Linked: (/home/samuel/tiago_public_ws/devel/.private/pal_common_msgs/share/pal_common_msgs/msg/EmptyActionGoal.msg, /home/samuel/tiago_public_ws/devel/share/pal_common_msgs/msg/EmptyActionGoal.msg)
Linked: (/home/samuel/tiago_public_ws/devel/.private/pal_common_msgs/share/pal_common_msgs/msg/DisableGoal.msg, /home/samuel/tiago_public_ws/devel/share/pal_common_msgs/msg/DisableGoal.msg)
Linked: (/home/samuel/tiago_public_ws/devel/.private/pal_common_msgs/share/pal_common_msgs/msg/DisableResult.msg, /home/samuel/tiago_public_ws/devel/share/pal_common_msgs/msg/DisableResult.msg)
Linked: (/home/samuel/tiago_public_ws/devel/.private/pal_common_msgs/share/pal_common_msgs/msg/EmptyAction.msg, /home/samuel/tiago_public_ws/devel/share/pal_common_msgs/msg/EmptyAction.msg)
Linked: (/home/samuel/tiago_public_ws/devel/.private/pal_common_msgs/share/pal_common_msgs/msg/EmptyFeedback.msg, /home/samuel/tiago_public_ws/devel/share/pal_common_msgs/msg/EmptyFeedback.msg)
Linked: (/home/samuel/tiago_public_ws/devel/.private/pal_common_msgs/share/pal_common_msgs/msg/DisableActionResult.msg, /home/samuel/tiago_public_ws/devel/share/pal_common_msgs/msg/DisableActionResult.msg)
Linked: (/home/samuel/tiago_public_ws/devel/.private/pal_common_msgs/share/pal_common_msgs/msg/EmptyGoal.msg, /home/samuel/tiago_public_ws/devel/share/pal_common_msgs/msg/EmptyGoal.msg)
Linked: (/home/samuel/tiago_public_ws/devel/.private/pal_common_msgs/share/pal_common_msgs/msg/DisableFeedback.msg, /home/samuel/tiago_public_ws/devel/share/pal_common_msgs/msg/DisableFeedback.msg)
Linked: (/home/samuel/tiago_public_ws/devel/.private/pal_common_msgs/share/pal_common_msgs/cmake/pal_common_msgsConfig-version.cmake, /home/samuel/tiago_public_ws/devel/share/pal_common_msgs/cmake/pal_common_msgsConfig-version.cmake)
Linked: (/home/samuel/tiago_public_ws/devel/.private/pal_common_msgs/share/pal_common_msgs/cmake/pal_common_msgs-msg-extras.cmake, /home/samuel/tiago_public_ws/devel/share/pal_common_msgs/cmake/pal_common_msgs-msg-extras.cmake)
Linked: (/home/samuel/tiago_public_ws/devel/.private/pal_common_msgs/share/pal_common_msgs/cmake/pal_common_msgsConfig.cmake, /home/samuel/tiago_public_ws/devel/share/pal_common_msgs/cmake/pal_common_msgsConfig.cmake)
Linked: (/home/samuel/tiago_public_ws/devel/.private/pal_common_msgs/share/pal_common_msgs/cmake/pal_common_msgs-msg-paths.cmake, /home/samuel/tiago_public_ws/devel/share/pal_common_msgs/cmake/pal_common_msgs-msg-paths.cmake)
Linked: (/home/samuel/tiago_public_ws/devel/.private/pal_common_msgs/share/common-lisp/ros/pal_common_msgs/msg/DisableActionResult.lisp, /home/samuel/tiago_public_ws/devel/share/common-lisp/ros/pal_common_msgs/msg/DisableActionResult.lisp)
Linked: (/home/samuel/tiago_public_ws/devel/.private/pal_common_msgs/share/common-lisp/ros/pal_common_msgs/msg/EmptyActionGoal.lisp, /home/samuel/tiago_public_ws/devel/share/common-lisp/ros/pal_common_msgs/msg/EmptyActionGoal.lisp)
Linked: (/home/samuel/tiago_public_ws/devel/.private/pal_common_msgs/share/common-lisp/ros/pal_common_msgs/msg/_package_DisableActionFeedback.lisp, /home/samuel/tiago_public_ws/devel/share/common-lisp/ros/pal_common_msgs/msg/_package_DisableActionFeedback.lisp)
Linked: (/home/samuel/tiago_public_ws/devel/.private/pal_common_msgs/share/common-lisp/ros/pal_common_msgs/msg/DisableAction.lisp, /home/samuel/tiago_public_ws/devel/share/common-lisp/ros/pal_common_msgs/msg/DisableAction.lisp)
Linked: (/home/samuel/tiago_public_ws/devel/.private/pal_common_msgs/share/common-lisp/ros/pal_common_msgs/msg/JointCurrent.lisp, /home/samuel/tiago_public_ws/devel/share/common-lisp/ros/pal_common_msgs/msg/JointCurrent.lisp)
Linked: (/home/samuel/tiago_public_ws/devel/.private/pal_common_msgs/share/common-lisp/ros/pal_common_msgs/msg/EmptyFeedback.lisp, /home/samuel/tiago_public_ws/devel/share/common-lisp/ros/pal_common_msgs/msg/EmptyFeedback.lisp)
Linked: (/home/samuel/tiago_public_ws/devel/.private/pal_common_msgs/share/common-lisp/ros/pal_common_msgs/msg/EmptyAction.lisp, /home/samuel/tiago_public_ws/devel/share/common-lisp/ros/pal_common_msgs/msg/EmptyAction.lisp)
Linked: (/home/samuel/tiago_public_ws/devel/.private/pal_common_msgs/share/common-lisp/ros/pal_common_msgs/msg/_package_EmptyResult.lisp, /home/samuel/tiago_public_ws/devel/share/common-lisp/ros/pal_common_msgs/msg/_package_EmptyResult.lisp)
Linked: (/home/samuel/tiago_public_ws/devel/.private/pal_common_msgs/share/common-lisp/ros/pal_common_msgs/msg/_package_EmptyGoal.lisp, /home/samuel/tiago_public_ws/devel/share/common-lisp/ros/pal_common_msgs/msg/_package_EmptyGoal.lisp)
Linked: (/home/samuel/tiago_public_ws/devel/.private/pal_common_msgs/share/common-lisp/ros/pal_common_msgs/msg/_package_EmptyActionResult.lisp, /home/samuel/tiago_public_ws/devel/share/common-lisp/ros/pal_common_msgs/msg/_package_EmptyActionResult.lisp)
Linked: (/home/samuel/tiago_public_ws/devel/.private/pal_common_msgs/share/common-lisp/ros/pal_common_msgs/msg/_package_EmptyActionGoal.lisp, /home/samuel/tiago_public_ws/devel/share/common-lisp/ros/pal_common_msgs/msg/_package_EmptyActionGoal.lisp)
Linked: (/home/samuel/tiago_public_ws/devel/.private/pal_common_msgs/share/common-lisp/ros/pal_common_msgs/msg/_package_DisableGoal.lisp, /home/samuel/tiago_public_ws/devel/share/common-lisp/ros/pal_common_msgs/msg/_package_DisableGoal.lisp)
Linked: (/home/samuel/tiago_public_ws/devel/.private/pal_common_msgs/share/common-lisp/ros/pal_common_msgs/msg/DisableActionFeedback.lisp, /home/samuel/tiago_public_ws/devel/share/common-lisp/ros/pal_common_msgs/msg/DisableActionFeedback.lisp)
Linked: (/home/samuel/tiago_public_ws/devel/.private/pal_common_msgs/share/common-lisp/ros/pal_common_msgs/msg/DisableResult.lisp, /home/samuel/tiago_public_ws/devel/share/common-lisp/ros/pal_common_msgs/msg/DisableResult.lisp)
Linked: (/home/samuel/tiago_public_ws/devel/.private/pal_common_msgs/share/common-lisp/ros/pal_common_msgs/msg/EmptyResult.lisp, /home/samuel/tiago_public_ws/devel/share/common-lisp/ros/pal_common_msgs/msg/EmptyResult.lisp)
Linked: (/home/samuel/tiago_public_ws/devel/.private/pal_common_msgs/share/common-lisp/ros/pal_common_msgs/msg/_package_DisableResult.lisp, /home/samuel/tiago_public_ws/devel/share/common-lisp/ros/pal_common_msgs/msg/_package_DisableResult.lisp)
Linked: (/home/samuel/tiago_public_ws/devel/.private/pal_common_msgs/share/common-lisp/ros/pal_common_msgs/msg/EmptyActionResult.lisp, /home/samuel/tiago_public_ws/devel/share/common-lisp/ros/pal_common_msgs/msg/EmptyActionResult.lisp)
Linked: (/home/samuel/tiago_public_ws/devel/.private/pal_common_msgs/share/common-lisp/ros/pal_common_msgs/msg/_package.lisp, /home/samuel/tiago_public_ws/devel/share/common-lisp/ros/pal_common_msgs/msg/_package.lisp)
Linked: (/home/samuel/tiago_public_ws/devel/.private/pal_common_msgs/share/common-lisp/ros/pal_common_msgs/msg/_package_DisableActionGoal.lisp, /home/samuel/tiago_public_ws/devel/share/common-lisp/ros/pal_common_msgs/msg/_package_DisableActionGoal.lisp)
Linked: (/home/samuel/tiago_public_ws/devel/.private/pal_common_msgs/share/common-lisp/ros/pal_common_msgs/msg/_package_EmptyFeedback.lisp, /home/samuel/tiago_public_ws/devel/share/common-lisp/ros/pal_common_msgs/msg/_package_EmptyFeedback.lisp)
Linked: (/home/samuel/tiago_public_ws/devel/.private/pal_common_msgs/share/common-lisp/ros/pal_common_msgs/msg/_package_JointCurrent.lisp, /home/samuel/tiago_public_ws/devel/share/common-lisp/ros/pal_common_msgs/msg/_package_JointCurrent.lisp)
Linked: (/home/samuel/tiago_public_ws/devel/.private/pal_common_msgs/share/common-lisp/ros/pal_common_msgs/msg/_package_EmptyActionFeedback.lisp, /home/samuel/tiago_public_ws/devel/share/common-lisp/ros/pal_common_msgs/msg/_package_EmptyActionFeedback.lisp)
Linked: (/home/samuel/tiago_public_ws/devel/.private/pal_common_msgs/share/common-lisp/ros/pal_common_msgs/msg/_package_DisableAction.lisp, /home/samuel/tiago_public_ws/devel/share/common-lisp/ros/pal_common_msgs/msg/_package_DisableAction.lisp)
Linked: (/home/samuel/tiago_public_ws/devel/.private/pal_common_msgs/share/common-lisp/ros/pal_common_msgs/msg/DisableActionGoal.lisp, /home/samuel/tiago_public_ws/devel/share/common-lisp/ros/pal_common_msgs/msg/DisableActionGoal.lisp)
Linked: (/home/samuel/tiago_public_ws/devel/.private/pal_common_msgs/share/common-lisp/ros/pal_common_msgs/msg/EmptyActionFeedback.lisp, /home/samuel/tiago_public_ws/devel/share/common-lisp/ros/pal_common_msgs/msg/EmptyActionFeedback.lisp)
Linked: (/home/samuel/tiago_public_ws/devel/.private/pal_common_msgs/share/common-lisp/ros/pal_common_msgs/msg/pal_common_msgs-msg.asd, /home/samuel/tiago_public_ws/devel/share/common-lisp/ros/pal_common_msgs/msg/pal_common_msgs-msg.asd)
Linked: (/home/samuel/tiago_public_ws/devel/.private/pal_common_msgs/share/common-lisp/ros/pal_common_msgs/msg/DisableGoal.lisp, /home/samuel/tiago_public_ws/devel/share/common-lisp/ros/pal_common_msgs/msg/DisableGoal.lisp)
Linked: (/home/samuel/tiago_public_ws/devel/.private/pal_common_msgs/share/common-lisp/ros/pal_common_msgs/msg/_package_EmptyAction.lisp, /home/samuel/tiago_public_ws/devel/share/common-lisp/ros/pal_common_msgs/msg/_package_EmptyAction.lisp)
Linked: (/home/samuel/tiago_public_ws/devel/.private/pal_common_msgs/share/common-lisp/ros/pal_common_msgs/msg/_package_DisableActionResult.lisp, /home/samuel/tiago_public_ws/devel/share/common-lisp/ros/pal_common_msgs/msg/_package_DisableActionResult.lisp)
Linked: (/home/samuel/tiago_public_ws/devel/.private/pal_common_msgs/share/common-lisp/ros/pal_common_msgs/msg/DisableFeedback.lisp, /home/samuel/tiago_public_ws/devel/share/common-lisp/ros/pal_common_msgs/msg/DisableFeedback.lisp)
Linked: (/home/samuel/tiago_public_ws/devel/.private/pal_common_msgs/share/common-lisp/ros/pal_common_msgs/msg/_package_DisableFeedback.lisp, /home/samuel/tiago_public_ws/devel/share/common-lisp/ros/pal_common_msgs/msg/_package_DisableFeedback.lisp)
Linked: (/home/samuel/tiago_public_ws/devel/.private/pal_common_msgs/share/common-lisp/ros/pal_common_msgs/msg/EmptyGoal.lisp, /home/samuel/tiago_public_ws/devel/share/common-lisp/ros/pal_common_msgs/msg/EmptyGoal.lisp)
