Determining if the pthread_create exist failed with the following output:
Change Dir: /home/samuel/tiago_public_ws/build/tf_lookup/CMakeFiles/CMakeTmp

Run Build Command:"/usr/bin/make" "cmTC_d094b/fast"
/usr/bin/make -f CMakeFiles/cmTC_d094b.dir/build.make CMakeFiles/cmTC_d094b.dir/build
make[1]: Entrando no diretório `/home/samuel/tiago_public_ws/build/tf_lookup/CMakeFiles/CMakeTmp'
Building C object CMakeFiles/cmTC_d094b.dir/CheckSymbolExists.c.o
/usr/bin/cc     -o CMakeFiles/cmTC_d094b.dir/CheckSymbolExists.c.o   -c /home/samuel/tiago_public_ws/build/tf_lookup/CMakeFiles/CMakeTmp/CheckSymbolExists.c
Linking C executable cmTC_d094b
/usr/local/bin/cmake -E cmake_link_script CMakeFiles/cmTC_d094b.dir/link.txt --verbose=1
/usr/bin/cc       CMakeFiles/cmTC_d094b.dir/CheckSymbolExists.c.o  -o cmTC_d094b -rdynamic 
CMakeFiles/cmTC_d094b.dir/CheckSymbolExists.c.o: na função `main':
CheckSymbolExists.c:(.text+0x16): referência indefinida para `pthread_create'
collect2: error: ld returned 1 exit status
make[1]: Saindo do diretório `/home/samuel/tiago_public_ws/build/tf_lookup/CMakeFiles/CMakeTmp'
make[1]: ** [cmTC_d094b] Erro 1
make: ** [cmTC_d094b/fast] Erro 2

File /home/samuel/tiago_public_ws/build/tf_lookup/CMakeFiles/CMakeTmp/CheckSymbolExists.c:
/* */
#include <pthread.h>

int main(int argc, char** argv)
{
  (void)argv;
#ifndef pthread_create
  return ((int*)(&pthread_create))[argc];
#else
  (void)argc;
  return 0;
#endif
}

Determining if the function pthread_create exists in the pthreads failed with the following output:
Change Dir: /home/samuel/tiago_public_ws/build/tf_lookup/CMakeFiles/CMakeTmp

Run Build Command:"/usr/bin/make" "cmTC_7d825/fast"
/usr/bin/make -f CMakeFiles/cmTC_7d825.dir/build.make CMakeFiles/cmTC_7d825.dir/build
make[1]: Entrando no diretório `/home/samuel/tiago_public_ws/build/tf_lookup/CMakeFiles/CMakeTmp'
Building C object CMakeFiles/cmTC_7d825.dir/CheckFunctionExists.c.o
/usr/bin/cc    -DCHECK_FUNCTION_EXISTS=pthread_create   -o CMakeFiles/cmTC_7d825.dir/CheckFunctionExists.c.o   -c /usr/local/share/cmake-3.4/Modules/CheckFunctionExists.c
Linking C executable cmTC_7d825
/usr/local/bin/cmake -E cmake_link_script CMakeFiles/cmTC_7d825.dir/link.txt --verbose=1
/usr/bin/cc   -DCHECK_FUNCTION_EXISTS=pthread_create    CMakeFiles/cmTC_7d825.dir/CheckFunctionExists.c.o  -o cmTC_7d825 -rdynamic -lpthreads 
/usr/bin/ld: não foi possível encontrar -lpthreads
collect2: error: ld returned 1 exit status
make[1]: Saindo do diretório `/home/samuel/tiago_public_ws/build/tf_lookup/CMakeFiles/CMakeTmp'
make[1]: ** [cmTC_7d825] Erro 1
make: ** [cmTC_7d825/fast] Erro 2


