Linked: (/home/samuel/tiago_public_ws/devel/.private/pal_visual_localization_msgs/lib/pkgconfig/pal_visual_localization_msgs.pc, /home/samuel/tiago_public_ws/devel/lib/pkgconfig/pal_visual_localization_msgs.pc)
Linked: (/home/samuel/tiago_public_ws/devel/.private/pal_visual_localization_msgs/lib/python2.7/dist-packages/pal_visual_localization_msgs/__init__.py, /home/samuel/tiago_public_ws/devel/lib/python2.7/dist-packages/pal_visual_localization_msgs/__init__.py)
Linked: (/home/samuel/tiago_public_ws/devel/.private/pal_visual_localization_msgs/lib/python2.7/dist-packages/pal_visual_localization_msgs/msg/_VisualLocRecognizeResult.py, /home/samuel/tiago_public_ws/devel/lib/python2.7/dist-packages/pal_visual_localization_msgs/msg/_VisualLocRecognizeResult.py)
Linked: (/home/samuel/tiago_public_ws/devel/.private/pal_visual_localization_msgs/lib/python2.7/dist-packages/pal_visual_localization_msgs/msg/_VisualLocAddPlaceActionResult.py, /home/samuel/tiago_public_ws/devel/lib/python2.7/dist-packages/pal_visual_localization_msgs/msg/_VisualLocAddPlaceActionResult.py)
Linked: (/home/samuel/tiago_public_ws/devel/.private/pal_visual_localization_msgs/lib/python2.7/dist-packages/pal_visual_localization_msgs/msg/_VisualLocAddPlaceResult.py, /home/samuel/tiago_public_ws/devel/lib/python2.7/dist-packages/pal_visual_localization_msgs/msg/_VisualLocAddPlaceResult.py)
Linked: (/home/samuel/tiago_public_ws/devel/.private/pal_visual_localization_msgs/lib/python2.7/dist-packages/pal_visual_localization_msgs/msg/__init__.py, /home/samuel/tiago_public_ws/devel/lib/python2.7/dist-packages/pal_visual_localization_msgs/msg/__init__.py)
Linked: (/home/samuel/tiago_public_ws/devel/.private/pal_visual_localization_msgs/lib/python2.7/dist-packages/pal_visual_localization_msgs/msg/_VisualLocAddPlaceFeedback.py, /home/samuel/tiago_public_ws/devel/lib/python2.7/dist-packages/pal_visual_localization_msgs/msg/_VisualLocAddPlaceFeedback.py)
Linked: (/home/samuel/tiago_public_ws/devel/.private/pal_visual_localization_msgs/lib/python2.7/dist-packages/pal_visual_localization_msgs/msg/_VisualLocRecognizeActionResult.py, /home/samuel/tiago_public_ws/devel/lib/python2.7/dist-packages/pal_visual_localization_msgs/msg/_VisualLocRecognizeActionResult.py)
Linked: (/home/samuel/tiago_public_ws/devel/.private/pal_visual_localization_msgs/lib/python2.7/dist-packages/pal_visual_localization_msgs/msg/_VisualLocRecognizeAction.py, /home/samuel/tiago_public_ws/devel/lib/python2.7/dist-packages/pal_visual_localization_msgs/msg/_VisualLocRecognizeAction.py)
Linked: (/home/samuel/tiago_public_ws/devel/.private/pal_visual_localization_msgs/lib/python2.7/dist-packages/pal_visual_localization_msgs/msg/_VisualLocRecognizeActionFeedback.py, /home/samuel/tiago_public_ws/devel/lib/python2.7/dist-packages/pal_visual_localization_msgs/msg/_VisualLocRecognizeActionFeedback.py)
Linked: (/home/samuel/tiago_public_ws/devel/.private/pal_visual_localization_msgs/lib/python2.7/dist-packages/pal_visual_localization_msgs/msg/_VisualLocRecognizeActionGoal.py, /home/samuel/tiago_public_ws/devel/lib/python2.7/dist-packages/pal_visual_localization_msgs/msg/_VisualLocRecognizeActionGoal.py)
Linked: (/home/samuel/tiago_public_ws/devel/.private/pal_visual_localization_msgs/lib/python2.7/dist-packages/pal_visual_localization_msgs/msg/_VisualLocRecognizeGoal.py, /home/samuel/tiago_public_ws/devel/lib/python2.7/dist-packages/pal_visual_localization_msgs/msg/_VisualLocRecognizeGoal.py)
Linked: (/home/samuel/tiago_public_ws/devel/.private/pal_visual_localization_msgs/lib/python2.7/dist-packages/pal_visual_localization_msgs/msg/_VisualLocAddPlaceActionFeedback.py, /home/samuel/tiago_public_ws/devel/lib/python2.7/dist-packages/pal_visual_localization_msgs/msg/_VisualLocAddPlaceActionFeedback.py)
Linked: (/home/samuel/tiago_public_ws/devel/.private/pal_visual_localization_msgs/lib/python2.7/dist-packages/pal_visual_localization_msgs/msg/_VisualLocAddPlaceGoal.py, /home/samuel/tiago_public_ws/devel/lib/python2.7/dist-packages/pal_visual_localization_msgs/msg/_VisualLocAddPlaceGoal.py)
Linked: (/home/samuel/tiago_public_ws/devel/.private/pal_visual_localization_msgs/lib/python2.7/dist-packages/pal_visual_localization_msgs/msg/_VisualLocAddPlaceAction.py, /home/samuel/tiago_public_ws/devel/lib/python2.7/dist-packages/pal_visual_localization_msgs/msg/_VisualLocAddPlaceAction.py)
Linked: (/home/samuel/tiago_public_ws/devel/.private/pal_visual_localization_msgs/lib/python2.7/dist-packages/pal_visual_localization_msgs/msg/_VisualLocRecognizeFeedback.py, /home/samuel/tiago_public_ws/devel/lib/python2.7/dist-packages/pal_visual_localization_msgs/msg/_VisualLocRecognizeFeedback.py)
Linked: (/home/samuel/tiago_public_ws/devel/.private/pal_visual_localization_msgs/lib/python2.7/dist-packages/pal_visual_localization_msgs/msg/_VisualLocAddPlaceActionGoal.py, /home/samuel/tiago_public_ws/devel/lib/python2.7/dist-packages/pal_visual_localization_msgs/msg/_VisualLocAddPlaceActionGoal.py)
Linked: (/home/samuel/tiago_public_ws/devel/.private/pal_visual_localization_msgs/include/pal_visual_localization_msgs/VisualLocAddPlaceGoal.h, /home/samuel/tiago_public_ws/devel/include/pal_visual_localization_msgs/VisualLocAddPlaceGoal.h)
Linked: (/home/samuel/tiago_public_ws/devel/.private/pal_visual_localization_msgs/include/pal_visual_localization_msgs/VisualLocRecognizeActionResult.h, /home/samuel/tiago_public_ws/devel/include/pal_visual_localization_msgs/VisualLocRecognizeActionResult.h)
Linked: (/home/samuel/tiago_public_ws/devel/.private/pal_visual_localization_msgs/include/pal_visual_localization_msgs/VisualLocRecognizeActionGoal.h, /home/samuel/tiago_public_ws/devel/include/pal_visual_localization_msgs/VisualLocRecognizeActionGoal.h)
Linked: (/home/samuel/tiago_public_ws/devel/.private/pal_visual_localization_msgs/include/pal_visual_localization_msgs/VisualLocRecognizeActionFeedback.h, /home/samuel/tiago_public_ws/devel/include/pal_visual_localization_msgs/VisualLocRecognizeActionFeedback.h)
Linked: (/home/samuel/tiago_public_ws/devel/.private/pal_visual_localization_msgs/include/pal_visual_localization_msgs/VisualLocRecognizeResult.h, /home/samuel/tiago_public_ws/devel/include/pal_visual_localization_msgs/VisualLocRecognizeResult.h)
Linked: (/home/samuel/tiago_public_ws/devel/.private/pal_visual_localization_msgs/include/pal_visual_localization_msgs/VisualLocRecognizeAction.h, /home/samuel/tiago_public_ws/devel/include/pal_visual_localization_msgs/VisualLocRecognizeAction.h)
Linked: (/home/samuel/tiago_public_ws/devel/.private/pal_visual_localization_msgs/include/pal_visual_localization_msgs/VisualLocAddPlaceActionGoal.h, /home/samuel/tiago_public_ws/devel/include/pal_visual_localization_msgs/VisualLocAddPlaceActionGoal.h)
Linked: (/home/samuel/tiago_public_ws/devel/.private/pal_visual_localization_msgs/include/pal_visual_localization_msgs/VisualLocAddPlaceActionResult.h, /home/samuel/tiago_public_ws/devel/include/pal_visual_localization_msgs/VisualLocAddPlaceActionResult.h)
Linked: (/home/samuel/tiago_public_ws/devel/.private/pal_visual_localization_msgs/include/pal_visual_localization_msgs/VisualLocAddPlaceActionFeedback.h, /home/samuel/tiago_public_ws/devel/include/pal_visual_localization_msgs/VisualLocAddPlaceActionFeedback.h)
Linked: (/home/samuel/tiago_public_ws/devel/.private/pal_visual_localization_msgs/include/pal_visual_localization_msgs/VisualLocAddPlaceFeedback.h, /home/samuel/tiago_public_ws/devel/include/pal_visual_localization_msgs/VisualLocAddPlaceFeedback.h)
Linked: (/home/samuel/tiago_public_ws/devel/.private/pal_visual_localization_msgs/include/pal_visual_localization_msgs/VisualLocRecognizeGoal.h, /home/samuel/tiago_public_ws/devel/include/pal_visual_localization_msgs/VisualLocRecognizeGoal.h)
Linked: (/home/samuel/tiago_public_ws/devel/.private/pal_visual_localization_msgs/include/pal_visual_localization_msgs/VisualLocAddPlaceResult.h, /home/samuel/tiago_public_ws/devel/include/pal_visual_localization_msgs/VisualLocAddPlaceResult.h)
Linked: (/home/samuel/tiago_public_ws/devel/.private/pal_visual_localization_msgs/include/pal_visual_localization_msgs/VisualLocRecognizeFeedback.h, /home/samuel/tiago_public_ws/devel/include/pal_visual_localization_msgs/VisualLocRecognizeFeedback.h)
Linked: (/home/samuel/tiago_public_ws/devel/.private/pal_visual_localization_msgs/include/pal_visual_localization_msgs/VisualLocAddPlaceAction.h, /home/samuel/tiago_public_ws/devel/include/pal_visual_localization_msgs/VisualLocAddPlaceAction.h)
Linked: (/home/samuel/tiago_public_ws/devel/.private/pal_visual_localization_msgs/share/pal_visual_localization_msgs/msg/VisualLocRecognizeAction.msg, /home/samuel/tiago_public_ws/devel/share/pal_visual_localization_msgs/msg/VisualLocRecognizeAction.msg)
Linked: (/home/samuel/tiago_public_ws/devel/.private/pal_visual_localization_msgs/share/pal_visual_localization_msgs/msg/VisualLocAddPlaceGoal.msg, /home/samuel/tiago_public_ws/devel/share/pal_visual_localization_msgs/msg/VisualLocAddPlaceGoal.msg)
Linked: (/home/samuel/tiago_public_ws/devel/.private/pal_visual_localization_msgs/share/pal_visual_localization_msgs/msg/VisualLocAddPlaceActionGoal.msg, /home/samuel/tiago_public_ws/devel/share/pal_visual_localization_msgs/msg/VisualLocAddPlaceActionGoal.msg)
Linked: (/home/samuel/tiago_public_ws/devel/.private/pal_visual_localization_msgs/share/pal_visual_localization_msgs/msg/VisualLocAddPlaceActionResult.msg, /home/samuel/tiago_public_ws/devel/share/pal_visual_localization_msgs/msg/VisualLocAddPlaceActionResult.msg)
Linked: (/home/samuel/tiago_public_ws/devel/.private/pal_visual_localization_msgs/share/pal_visual_localization_msgs/msg/VisualLocRecognizeFeedback.msg, /home/samuel/tiago_public_ws/devel/share/pal_visual_localization_msgs/msg/VisualLocRecognizeFeedback.msg)
Linked: (/home/samuel/tiago_public_ws/devel/.private/pal_visual_localization_msgs/share/pal_visual_localization_msgs/msg/VisualLocRecognizeGoal.msg, /home/samuel/tiago_public_ws/devel/share/pal_visual_localization_msgs/msg/VisualLocRecognizeGoal.msg)
Linked: (/home/samuel/tiago_public_ws/devel/.private/pal_visual_localization_msgs/share/pal_visual_localization_msgs/msg/VisualLocAddPlaceFeedback.msg, /home/samuel/tiago_public_ws/devel/share/pal_visual_localization_msgs/msg/VisualLocAddPlaceFeedback.msg)
Linked: (/home/samuel/tiago_public_ws/devel/.private/pal_visual_localization_msgs/share/pal_visual_localization_msgs/msg/VisualLocRecognizeActionResult.msg, /home/samuel/tiago_public_ws/devel/share/pal_visual_localization_msgs/msg/VisualLocRecognizeActionResult.msg)
Linked: (/home/samuel/tiago_public_ws/devel/.private/pal_visual_localization_msgs/share/pal_visual_localization_msgs/msg/VisualLocRecognizeActionGoal.msg, /home/samuel/tiago_public_ws/devel/share/pal_visual_localization_msgs/msg/VisualLocRecognizeActionGoal.msg)
Linked: (/home/samuel/tiago_public_ws/devel/.private/pal_visual_localization_msgs/share/pal_visual_localization_msgs/msg/VisualLocAddPlaceActionFeedback.msg, /home/samuel/tiago_public_ws/devel/share/pal_visual_localization_msgs/msg/VisualLocAddPlaceActionFeedback.msg)
Linked: (/home/samuel/tiago_public_ws/devel/.private/pal_visual_localization_msgs/share/pal_visual_localization_msgs/msg/VisualLocRecognizeResult.msg, /home/samuel/tiago_public_ws/devel/share/pal_visual_localization_msgs/msg/VisualLocRecognizeResult.msg)
Linked: (/home/samuel/tiago_public_ws/devel/.private/pal_visual_localization_msgs/share/pal_visual_localization_msgs/msg/VisualLocAddPlaceResult.msg, /home/samuel/tiago_public_ws/devel/share/pal_visual_localization_msgs/msg/VisualLocAddPlaceResult.msg)
Linked: (/home/samuel/tiago_public_ws/devel/.private/pal_visual_localization_msgs/share/pal_visual_localization_msgs/msg/VisualLocRecognizeActionFeedback.msg, /home/samuel/tiago_public_ws/devel/share/pal_visual_localization_msgs/msg/VisualLocRecognizeActionFeedback.msg)
Linked: (/home/samuel/tiago_public_ws/devel/.private/pal_visual_localization_msgs/share/pal_visual_localization_msgs/msg/VisualLocAddPlaceAction.msg, /home/samuel/tiago_public_ws/devel/share/pal_visual_localization_msgs/msg/VisualLocAddPlaceAction.msg)
Linked: (/home/samuel/tiago_public_ws/devel/.private/pal_visual_localization_msgs/share/pal_visual_localization_msgs/cmake/pal_visual_localization_msgs-msg-extras.cmake, /home/samuel/tiago_public_ws/devel/share/pal_visual_localization_msgs/cmake/pal_visual_localization_msgs-msg-extras.cmake)
Linked: (/home/samuel/tiago_public_ws/devel/.private/pal_visual_localization_msgs/share/pal_visual_localization_msgs/cmake/pal_visual_localization_msgsConfig.cmake, /home/samuel/tiago_public_ws/devel/share/pal_visual_localization_msgs/cmake/pal_visual_localization_msgsConfig.cmake)
Linked: (/home/samuel/tiago_public_ws/devel/.private/pal_visual_localization_msgs/share/pal_visual_localization_msgs/cmake/pal_visual_localization_msgs-msg-paths.cmake, /home/samuel/tiago_public_ws/devel/share/pal_visual_localization_msgs/cmake/pal_visual_localization_msgs-msg-paths.cmake)
Linked: (/home/samuel/tiago_public_ws/devel/.private/pal_visual_localization_msgs/share/pal_visual_localization_msgs/cmake/pal_visual_localization_msgsConfig-version.cmake, /home/samuel/tiago_public_ws/devel/share/pal_visual_localization_msgs/cmake/pal_visual_localization_msgsConfig-version.cmake)
Linked: (/home/samuel/tiago_public_ws/devel/.private/pal_visual_localization_msgs/share/common-lisp/ros/pal_visual_localization_msgs/msg/VisualLocRecognizeActionFeedback.lisp, /home/samuel/tiago_public_ws/devel/share/common-lisp/ros/pal_visual_localization_msgs/msg/VisualLocRecognizeActionFeedback.lisp)
Linked: (/home/samuel/tiago_public_ws/devel/.private/pal_visual_localization_msgs/share/common-lisp/ros/pal_visual_localization_msgs/msg/_package_VisualLocRecognizeResult.lisp, /home/samuel/tiago_public_ws/devel/share/common-lisp/ros/pal_visual_localization_msgs/msg/_package_VisualLocRecognizeResult.lisp)
Linked: (/home/samuel/tiago_public_ws/devel/.private/pal_visual_localization_msgs/share/common-lisp/ros/pal_visual_localization_msgs/msg/VisualLocAddPlaceAction.lisp, /home/samuel/tiago_public_ws/devel/share/common-lisp/ros/pal_visual_localization_msgs/msg/VisualLocAddPlaceAction.lisp)
Linked: (/home/samuel/tiago_public_ws/devel/.private/pal_visual_localization_msgs/share/common-lisp/ros/pal_visual_localization_msgs/msg/VisualLocAddPlaceGoal.lisp, /home/samuel/tiago_public_ws/devel/share/common-lisp/ros/pal_visual_localization_msgs/msg/VisualLocAddPlaceGoal.lisp)
Linked: (/home/samuel/tiago_public_ws/devel/.private/pal_visual_localization_msgs/share/common-lisp/ros/pal_visual_localization_msgs/msg/VisualLocRecognizeAction.lisp, /home/samuel/tiago_public_ws/devel/share/common-lisp/ros/pal_visual_localization_msgs/msg/VisualLocRecognizeAction.lisp)
Linked: (/home/samuel/tiago_public_ws/devel/.private/pal_visual_localization_msgs/share/common-lisp/ros/pal_visual_localization_msgs/msg/_package_VisualLocRecognizeActionFeedback.lisp, /home/samuel/tiago_public_ws/devel/share/common-lisp/ros/pal_visual_localization_msgs/msg/_package_VisualLocRecognizeActionFeedback.lisp)
Linked: (/home/samuel/tiago_public_ws/devel/.private/pal_visual_localization_msgs/share/common-lisp/ros/pal_visual_localization_msgs/msg/VisualLocAddPlaceActionFeedback.lisp, /home/samuel/tiago_public_ws/devel/share/common-lisp/ros/pal_visual_localization_msgs/msg/VisualLocAddPlaceActionFeedback.lisp)
Linked: (/home/samuel/tiago_public_ws/devel/.private/pal_visual_localization_msgs/share/common-lisp/ros/pal_visual_localization_msgs/msg/_package_VisualLocAddPlaceActionResult.lisp, /home/samuel/tiago_public_ws/devel/share/common-lisp/ros/pal_visual_localization_msgs/msg/_package_VisualLocAddPlaceActionResult.lisp)
Linked: (/home/samuel/tiago_public_ws/devel/.private/pal_visual_localization_msgs/share/common-lisp/ros/pal_visual_localization_msgs/msg/_package_VisualLocRecognizeActionResult.lisp, /home/samuel/tiago_public_ws/devel/share/common-lisp/ros/pal_visual_localization_msgs/msg/_package_VisualLocRecognizeActionResult.lisp)
Linked: (/home/samuel/tiago_public_ws/devel/.private/pal_visual_localization_msgs/share/common-lisp/ros/pal_visual_localization_msgs/msg/_package_VisualLocAddPlaceGoal.lisp, /home/samuel/tiago_public_ws/devel/share/common-lisp/ros/pal_visual_localization_msgs/msg/_package_VisualLocAddPlaceGoal.lisp)
Linked: (/home/samuel/tiago_public_ws/devel/.private/pal_visual_localization_msgs/share/common-lisp/ros/pal_visual_localization_msgs/msg/_package_VisualLocAddPlaceResult.lisp, /home/samuel/tiago_public_ws/devel/share/common-lisp/ros/pal_visual_localization_msgs/msg/_package_VisualLocAddPlaceResult.lisp)
Linked: (/home/samuel/tiago_public_ws/devel/.private/pal_visual_localization_msgs/share/common-lisp/ros/pal_visual_localization_msgs/msg/_package_VisualLocRecognizeAction.lisp, /home/samuel/tiago_public_ws/devel/share/common-lisp/ros/pal_visual_localization_msgs/msg/_package_VisualLocRecognizeAction.lisp)
Linked: (/home/samuel/tiago_public_ws/devel/.private/pal_visual_localization_msgs/share/common-lisp/ros/pal_visual_localization_msgs/msg/VisualLocAddPlaceFeedback.lisp, /home/samuel/tiago_public_ws/devel/share/common-lisp/ros/pal_visual_localization_msgs/msg/VisualLocAddPlaceFeedback.lisp)
Linked: (/home/samuel/tiago_public_ws/devel/.private/pal_visual_localization_msgs/share/common-lisp/ros/pal_visual_localization_msgs/msg/_package_VisualLocAddPlaceFeedback.lisp, /home/samuel/tiago_public_ws/devel/share/common-lisp/ros/pal_visual_localization_msgs/msg/_package_VisualLocAddPlaceFeedback.lisp)
Linked: (/home/samuel/tiago_public_ws/devel/.private/pal_visual_localization_msgs/share/common-lisp/ros/pal_visual_localization_msgs/msg/VisualLocRecognizeResult.lisp, /home/samuel/tiago_public_ws/devel/share/common-lisp/ros/pal_visual_localization_msgs/msg/VisualLocRecognizeResult.lisp)
Linked: (/home/samuel/tiago_public_ws/devel/.private/pal_visual_localization_msgs/share/common-lisp/ros/pal_visual_localization_msgs/msg/VisualLocAddPlaceActionGoal.lisp, /home/samuel/tiago_public_ws/devel/share/common-lisp/ros/pal_visual_localization_msgs/msg/VisualLocAddPlaceActionGoal.lisp)
Linked: (/home/samuel/tiago_public_ws/devel/.private/pal_visual_localization_msgs/share/common-lisp/ros/pal_visual_localization_msgs/msg/_package_VisualLocRecognizeGoal.lisp, /home/samuel/tiago_public_ws/devel/share/common-lisp/ros/pal_visual_localization_msgs/msg/_package_VisualLocRecognizeGoal.lisp)
Linked: (/home/samuel/tiago_public_ws/devel/.private/pal_visual_localization_msgs/share/common-lisp/ros/pal_visual_localization_msgs/msg/_package_VisualLocRecognizeActionGoal.lisp, /home/samuel/tiago_public_ws/devel/share/common-lisp/ros/pal_visual_localization_msgs/msg/_package_VisualLocRecognizeActionGoal.lisp)
Linked: (/home/samuel/tiago_public_ws/devel/.private/pal_visual_localization_msgs/share/common-lisp/ros/pal_visual_localization_msgs/msg/VisualLocRecognizeFeedback.lisp, /home/samuel/tiago_public_ws/devel/share/common-lisp/ros/pal_visual_localization_msgs/msg/VisualLocRecognizeFeedback.lisp)
Linked: (/home/samuel/tiago_public_ws/devel/.private/pal_visual_localization_msgs/share/common-lisp/ros/pal_visual_localization_msgs/msg/_package_VisualLocAddPlaceActionGoal.lisp, /home/samuel/tiago_public_ws/devel/share/common-lisp/ros/pal_visual_localization_msgs/msg/_package_VisualLocAddPlaceActionGoal.lisp)
Linked: (/home/samuel/tiago_public_ws/devel/.private/pal_visual_localization_msgs/share/common-lisp/ros/pal_visual_localization_msgs/msg/pal_visual_localization_msgs-msg.asd, /home/samuel/tiago_public_ws/devel/share/common-lisp/ros/pal_visual_localization_msgs/msg/pal_visual_localization_msgs-msg.asd)
Linked: (/home/samuel/tiago_public_ws/devel/.private/pal_visual_localization_msgs/share/common-lisp/ros/pal_visual_localization_msgs/msg/VisualLocAddPlaceResult.lisp, /home/samuel/tiago_public_ws/devel/share/common-lisp/ros/pal_visual_localization_msgs/msg/VisualLocAddPlaceResult.lisp)
Linked: (/home/samuel/tiago_public_ws/devel/.private/pal_visual_localization_msgs/share/common-lisp/ros/pal_visual_localization_msgs/msg/VisualLocRecognizeActionGoal.lisp, /home/samuel/tiago_public_ws/devel/share/common-lisp/ros/pal_visual_localization_msgs/msg/VisualLocRecognizeActionGoal.lisp)
Linked: (/home/samuel/tiago_public_ws/devel/.private/pal_visual_localization_msgs/share/common-lisp/ros/pal_visual_localization_msgs/msg/_package.lisp, /home/samuel/tiago_public_ws/devel/share/common-lisp/ros/pal_visual_localization_msgs/msg/_package.lisp)
Linked: (/home/samuel/tiago_public_ws/devel/.private/pal_visual_localization_msgs/share/common-lisp/ros/pal_visual_localization_msgs/msg/VisualLocRecognizeActionResult.lisp, /home/samuel/tiago_public_ws/devel/share/common-lisp/ros/pal_visual_localization_msgs/msg/VisualLocRecognizeActionResult.lisp)
Linked: (/home/samuel/tiago_public_ws/devel/.private/pal_visual_localization_msgs/share/common-lisp/ros/pal_visual_localization_msgs/msg/_package_VisualLocAddPlaceActionFeedback.lisp, /home/samuel/tiago_public_ws/devel/share/common-lisp/ros/pal_visual_localization_msgs/msg/_package_VisualLocAddPlaceActionFeedback.lisp)
Linked: (/home/samuel/tiago_public_ws/devel/.private/pal_visual_localization_msgs/share/common-lisp/ros/pal_visual_localization_msgs/msg/VisualLocAddPlaceActionResult.lisp, /home/samuel/tiago_public_ws/devel/share/common-lisp/ros/pal_visual_localization_msgs/msg/VisualLocAddPlaceActionResult.lisp)
Linked: (/home/samuel/tiago_public_ws/devel/.private/pal_visual_localization_msgs/share/common-lisp/ros/pal_visual_localization_msgs/msg/_package_VisualLocAddPlaceAction.lisp, /home/samuel/tiago_public_ws/devel/share/common-lisp/ros/pal_visual_localization_msgs/msg/_package_VisualLocAddPlaceAction.lisp)
Linked: (/home/samuel/tiago_public_ws/devel/.private/pal_visual_localization_msgs/share/common-lisp/ros/pal_visual_localization_msgs/msg/_package_VisualLocRecognizeFeedback.lisp, /home/samuel/tiago_public_ws/devel/share/common-lisp/ros/pal_visual_localization_msgs/msg/_package_VisualLocRecognizeFeedback.lisp)
Linked: (/home/samuel/tiago_public_ws/devel/.private/pal_visual_localization_msgs/share/common-lisp/ros/pal_visual_localization_msgs/msg/VisualLocRecognizeGoal.lisp, /home/samuel/tiago_public_ws/devel/share/common-lisp/ros/pal_visual_localization_msgs/msg/VisualLocRecognizeGoal.lisp)
