[  0%] Built target _tf_lookup_generate_messages_check_deps_TfStreamActionGoal
[  0%] Built target _tf_lookup_generate_messages_check_deps_Subscription
[  0%] Built target _tf_lookup_generate_messages_check_deps_TfStreamActionFeedback
[  0%] Built target _tf_lookup_generate_messages_check_deps_TfLookupGoal
[  0%] Built target _tf_lookup_generate_messages_check_deps_TfLookupActionGoal
[  0%] Built target _tf_lookup_generate_messages_check_deps_TfStreamAction
[  0%] Built target _tf_lookup_generate_messages_check_deps_TfStreamGoal
[  0%] Built target _tf_lookup_generate_messages_check_deps_TfStreamResult
[  0%] Built target _tf_lookup_generate_messages_check_deps_TfStreamActionResult
[  0%] Built target _tf_lookup_generate_messages_check_deps_TfLookupAction
[  0%] Built target _tf_lookup_generate_messages_check_deps_TfLookupActionFeedback
[  0%] Built target actionlib_msgs_generate_messages_cpp
[  0%] Built target _tf_lookup_generate_messages_check_deps_TfStreamFeedback
[  0%] Built target _tf_lookup_generate_messages_check_deps_lookupTransform
[  0%] Built target _tf_lookup_generate_messages_check_deps_TfLookupResult
[  0%] Built target geometry_msgs_generate_messages_cpp
[  0%] Built target geometry_msgs_generate_messages_py
[  0%] Built target actionlib_msgs_generate_messages_py
[  0%] Built target _tf_lookup_generate_messages_check_deps_TfLookupFeedback
[  0%] Built target actionlib_msgs_generate_messages_lisp
[  0%] Built target geometry_msgs_generate_messages_lisp
[  0%] Built target _tf_lookup_generate_messages_check_deps_TfLookupActionResult
[ 29%] Built target tf_lookup_generate_messages_cpp
[ 61%] Built target tf_lookup_generate_messages_py
[ 90%] Built target tf_lookup_generate_messages_lisp
[ 90%] Built target tf_lookup_gencpp
[ 90%] Built target tf_lookup_generate_messages
[100%] Built target tf_lookup
