Determining if the pthread_create exist failed with the following output:
Change Dir: /home/samuel/tiago_public_ws/build/pal_multirobot_msgs/CMakeFiles/CMakeTmp

Run Build Command:"/usr/bin/make" "cmTC_ae711/fast"
/usr/bin/make -f CMakeFiles/cmTC_ae711.dir/build.make CMakeFiles/cmTC_ae711.dir/build
make[1]: Entrando no diretório `/home/samuel/tiago_public_ws/build/pal_multirobot_msgs/CMakeFiles/CMakeTmp'
Building C object CMakeFiles/cmTC_ae711.dir/CheckSymbolExists.c.o
/usr/bin/cc     -o CMakeFiles/cmTC_ae711.dir/CheckSymbolExists.c.o   -c /home/samuel/tiago_public_ws/build/pal_multirobot_msgs/CMakeFiles/CMakeTmp/CheckSymbolExists.c
Linking C executable cmTC_ae711
/usr/local/bin/cmake -E cmake_link_script CMakeFiles/cmTC_ae711.dir/link.txt --verbose=1
/usr/bin/cc       CMakeFiles/cmTC_ae711.dir/CheckSymbolExists.c.o  -o cmTC_ae711 -rdynamic 
CMakeFiles/cmTC_ae711.dir/CheckSymbolExists.c.o: na função `main':
CheckSymbolExists.c:(.text+0x16): referência indefinida para `pthread_create'
make[1]: Saindo do diretório `/home/samuel/tiago_public_ws/build/pal_multirobot_msgs/CMakeFiles/CMakeTmp'
collect2: error: ld returned 1 exit status
make[1]: ** [cmTC_ae711] Erro 1
make: ** [cmTC_ae711/fast] Erro 2

File /home/samuel/tiago_public_ws/build/pal_multirobot_msgs/CMakeFiles/CMakeTmp/CheckSymbolExists.c:
/* */
#include <pthread.h>

int main(int argc, char** argv)
{
  (void)argv;
#ifndef pthread_create
  return ((int*)(&pthread_create))[argc];
#else
  (void)argc;
  return 0;
#endif
}

Determining if the function pthread_create exists in the pthreads failed with the following output:
Change Dir: /home/samuel/tiago_public_ws/build/pal_multirobot_msgs/CMakeFiles/CMakeTmp

Run Build Command:"/usr/bin/make" "cmTC_4a73c/fast"
/usr/bin/make -f CMakeFiles/cmTC_4a73c.dir/build.make CMakeFiles/cmTC_4a73c.dir/build
make[1]: Entrando no diretório `/home/samuel/tiago_public_ws/build/pal_multirobot_msgs/CMakeFiles/CMakeTmp'
Building C object CMakeFiles/cmTC_4a73c.dir/CheckFunctionExists.c.o
/usr/bin/cc    -DCHECK_FUNCTION_EXISTS=pthread_create   -o CMakeFiles/cmTC_4a73c.dir/CheckFunctionExists.c.o   -c /usr/local/share/cmake-3.4/Modules/CheckFunctionExists.c
Linking C executable cmTC_4a73c
/usr/local/bin/cmake -E cmake_link_script CMakeFiles/cmTC_4a73c.dir/link.txt --verbose=1
/usr/bin/cc   -DCHECK_FUNCTION_EXISTS=pthread_create    CMakeFiles/cmTC_4a73c.dir/CheckFunctionExists.c.o  -o cmTC_4a73c -rdynamic -lpthreads 
/usr/bin/ld: não foi possível encontrar -lpthreads
collect2: error: ld returned 1 exit status
make[1]: Saindo do diretório `/home/samuel/tiago_public_ws/build/pal_multirobot_msgs/CMakeFiles/CMakeTmp'
make[1]: ** [cmTC_4a73c] Erro 1
make: ** [cmTC_4a73c/fast] Erro 2


