Determining if the pthread_create exist failed with the following output:
Change Dir: /home/samuel/tiago_public_ws/build/tiago_bringup/CMakeFiles/CMakeTmp

Run Build Command:"/usr/bin/make" "cmTC_43d22/fast"
/usr/bin/make -f CMakeFiles/cmTC_43d22.dir/build.make CMakeFiles/cmTC_43d22.dir/build
make[1]: Entrando no diretório `/home/samuel/tiago_public_ws/build/tiago_bringup/CMakeFiles/CMakeTmp'
Building C object CMakeFiles/cmTC_43d22.dir/CheckSymbolExists.c.o
/usr/bin/cc     -o CMakeFiles/cmTC_43d22.dir/CheckSymbolExists.c.o   -c /home/samuel/tiago_public_ws/build/tiago_bringup/CMakeFiles/CMakeTmp/CheckSymbolExists.c
Linking C executable cmTC_43d22
/usr/local/bin/cmake -E cmake_link_script CMakeFiles/cmTC_43d22.dir/link.txt --verbose=1
/usr/bin/cc       CMakeFiles/cmTC_43d22.dir/CheckSymbolExists.c.o  -o cmTC_43d22 -rdynamic 
CMakeFiles/cmTC_43d22.dir/CheckSymbolExists.c.o: na função `main':
CheckSymbolExists.c:(.text+0x16): referência indefinida para `pthread_create'
collect2: error: ld returned 1 exit status
make[1]: Saindo do diretório `/home/samuel/tiago_public_ws/build/tiago_bringup/CMakeFiles/CMakeTmp'
make[1]: ** [cmTC_43d22] Erro 1
make: ** [cmTC_43d22/fast] Erro 2

File /home/samuel/tiago_public_ws/build/tiago_bringup/CMakeFiles/CMakeTmp/CheckSymbolExists.c:
/* */
#include <pthread.h>

int main(int argc, char** argv)
{
  (void)argv;
#ifndef pthread_create
  return ((int*)(&pthread_create))[argc];
#else
  (void)argc;
  return 0;
#endif
}

Determining if the function pthread_create exists in the pthreads failed with the following output:
Change Dir: /home/samuel/tiago_public_ws/build/tiago_bringup/CMakeFiles/CMakeTmp

Run Build Command:"/usr/bin/make" "cmTC_b12a3/fast"
/usr/bin/make -f CMakeFiles/cmTC_b12a3.dir/build.make CMakeFiles/cmTC_b12a3.dir/build
make[1]: Entrando no diretório `/home/samuel/tiago_public_ws/build/tiago_bringup/CMakeFiles/CMakeTmp'
Building C object CMakeFiles/cmTC_b12a3.dir/CheckFunctionExists.c.o
/usr/bin/cc    -DCHECK_FUNCTION_EXISTS=pthread_create   -o CMakeFiles/cmTC_b12a3.dir/CheckFunctionExists.c.o   -c /usr/local/share/cmake-3.4/Modules/CheckFunctionExists.c
Linking C executable cmTC_b12a3
/usr/local/bin/cmake -E cmake_link_script CMakeFiles/cmTC_b12a3.dir/link.txt --verbose=1
/usr/bin/cc   -DCHECK_FUNCTION_EXISTS=pthread_create    CMakeFiles/cmTC_b12a3.dir/CheckFunctionExists.c.o  -o cmTC_b12a3 -rdynamic -lpthreads 
/usr/bin/ld: não foi possível encontrar -lpthreads
collect2: error: ld returned 1 exit status
make[1]: Saindo do diretório `/home/samuel/tiago_public_ws/build/tiago_bringup/CMakeFiles/CMakeTmp'
make[1]: ** [cmTC_b12a3] Erro 1
make: ** [cmTC_b12a3/fast] Erro 2


