Determining if the pthread_create exist failed with the following output:
Change Dir: /home/samuel/tiago_public_ws/build/rviz_plugin_covariance/CMakeFiles/CMakeTmp

Run Build Command:"/usr/bin/make" "cmTC_1f92b/fast"
/usr/bin/make -f CMakeFiles/cmTC_1f92b.dir/build.make CMakeFiles/cmTC_1f92b.dir/build
make[1]: Entrando no diretório `/home/samuel/tiago_public_ws/build/rviz_plugin_covariance/CMakeFiles/CMakeTmp'
Building C object CMakeFiles/cmTC_1f92b.dir/CheckSymbolExists.c.o
/usr/bin/cc     -o CMakeFiles/cmTC_1f92b.dir/CheckSymbolExists.c.o   -c /home/samuel/tiago_public_ws/build/rviz_plugin_covariance/CMakeFiles/CMakeTmp/CheckSymbolExists.c
Linking C executable cmTC_1f92b
/usr/local/bin/cmake -E cmake_link_script CMakeFiles/cmTC_1f92b.dir/link.txt --verbose=1
/usr/bin/cc       CMakeFiles/cmTC_1f92b.dir/CheckSymbolExists.c.o  -o cmTC_1f92b -rdynamic 
CMakeFiles/cmTC_1f92b.dir/CheckSymbolExists.c.o: na função `main':
CheckSymbolExists.c:(.text+0x16): referência indefinida para `pthread_create'
collect2: error: ld returned 1 exit status
make[1]: Saindo do diretório `/home/samuel/tiago_public_ws/build/rviz_plugin_covariance/CMakeFiles/CMakeTmp'
make[1]: ** [cmTC_1f92b] Erro 1
make: ** [cmTC_1f92b/fast] Erro 2

File /home/samuel/tiago_public_ws/build/rviz_plugin_covariance/CMakeFiles/CMakeTmp/CheckSymbolExists.c:
/* */
#include <pthread.h>

int main(int argc, char** argv)
{
  (void)argv;
#ifndef pthread_create
  return ((int*)(&pthread_create))[argc];
#else
  (void)argc;
  return 0;
#endif
}

Determining if the function pthread_create exists in the pthreads failed with the following output:
Change Dir: /home/samuel/tiago_public_ws/build/rviz_plugin_covariance/CMakeFiles/CMakeTmp

Run Build Command:"/usr/bin/make" "cmTC_1824f/fast"
/usr/bin/make -f CMakeFiles/cmTC_1824f.dir/build.make CMakeFiles/cmTC_1824f.dir/build
make[1]: Entrando no diretório `/home/samuel/tiago_public_ws/build/rviz_plugin_covariance/CMakeFiles/CMakeTmp'
Building C object CMakeFiles/cmTC_1824f.dir/CheckFunctionExists.c.o
/usr/bin/cc    -DCHECK_FUNCTION_EXISTS=pthread_create   -o CMakeFiles/cmTC_1824f.dir/CheckFunctionExists.c.o   -c /usr/local/share/cmake-3.4/Modules/CheckFunctionExists.c
Linking C executable cmTC_1824f
/usr/local/bin/cmake -E cmake_link_script CMakeFiles/cmTC_1824f.dir/link.txt --verbose=1
/usr/bin/cc   -DCHECK_FUNCTION_EXISTS=pthread_create    CMakeFiles/cmTC_1824f.dir/CheckFunctionExists.c.o  -o cmTC_1824f -rdynamic -lpthreads 
/usr/bin/ld: não foi possível encontrar -lpthreads
collect2: error: ld returned 1 exit status
make[1]: Saindo do diretório `/home/samuel/tiago_public_ws/build/rviz_plugin_covariance/CMakeFiles/CMakeTmp'
make[1]: ** [cmTC_1824f] Erro 1
make: ** [cmTC_1824f/fast] Erro 2


Determining if the Q_WS_WIN exist failed with the following output:
Change Dir: /home/samuel/tiago_public_ws/build/rviz_plugin_covariance/CMakeFiles/CMakeTmp

Run Build Command:"/usr/bin/make" "cmTC_54134/fast"
/usr/bin/make -f CMakeFiles/cmTC_54134.dir/build.make CMakeFiles/cmTC_54134.dir/build
make[1]: Entrando no diretório `/home/samuel/tiago_public_ws/build/rviz_plugin_covariance/CMakeFiles/CMakeTmp'
Building CXX object CMakeFiles/cmTC_54134.dir/CheckSymbolExists.cxx.o
/usr/bin/c++    -I/usr/include/qt4   -o CMakeFiles/cmTC_54134.dir/CheckSymbolExists.cxx.o -c /home/samuel/tiago_public_ws/build/rviz_plugin_covariance/CMakeFiles/CMakeTmp/CheckSymbolExists.cxx
/home/samuel/tiago_public_ws/build/rviz_plugin_covariance/CMakeFiles/CMakeTmp/CheckSymbolExists.cxx: In function ‘int main(int, char**)’:
/home/samuel/tiago_public_ws/build/rviz_plugin_covariance/CMakeFiles/CMakeTmp/CheckSymbolExists.cxx:8:19: error: ‘Q_WS_WIN’ was not declared in this scope
   return ((int*)(&Q_WS_WIN))[argc];
                   ^~~~~~~~
/home/samuel/tiago_public_ws/build/rviz_plugin_covariance/CMakeFiles/CMakeTmp/CheckSymbolExists.cxx:8:19: note: suggested alternative: ‘Q_WS_X11’
   return ((int*)(&Q_WS_WIN))[argc];
                   ^~~~~~~~
                   Q_WS_X11
make[1]: Saindo do diretório `/home/samuel/tiago_public_ws/build/rviz_plugin_covariance/CMakeFiles/CMakeTmp'
make[1]: ** [CMakeFiles/cmTC_54134.dir/CheckSymbolExists.cxx.o] Erro 1
make: ** [cmTC_54134/fast] Erro 2

File /home/samuel/tiago_public_ws/build/rviz_plugin_covariance/CMakeFiles/CMakeTmp/CheckSymbolExists.cxx:
/* */
#include <QtCore/qglobal.h>

int main(int argc, char** argv)
{
  (void)argv;
#ifndef Q_WS_WIN
  return ((int*)(&Q_WS_WIN))[argc];
#else
  (void)argc;
  return 0;
#endif
}

Determining if the Q_WS_QWS exist failed with the following output:
Change Dir: /home/samuel/tiago_public_ws/build/rviz_plugin_covariance/CMakeFiles/CMakeTmp

Run Build Command:"/usr/bin/make" "cmTC_4b27c/fast"
/usr/bin/make -f CMakeFiles/cmTC_4b27c.dir/build.make CMakeFiles/cmTC_4b27c.dir/build
make[1]: Entrando no diretório `/home/samuel/tiago_public_ws/build/rviz_plugin_covariance/CMakeFiles/CMakeTmp'
Building CXX object CMakeFiles/cmTC_4b27c.dir/CheckSymbolExists.cxx.o
/usr/bin/c++    -I/usr/include/qt4   -o CMakeFiles/cmTC_4b27c.dir/CheckSymbolExists.cxx.o -c /home/samuel/tiago_public_ws/build/rviz_plugin_covariance/CMakeFiles/CMakeTmp/CheckSymbolExists.cxx
/home/samuel/tiago_public_ws/build/rviz_plugin_covariance/CMakeFiles/CMakeTmp/CheckSymbolExists.cxx: In function ‘int main(int, char**)’:
/home/samuel/tiago_public_ws/build/rviz_plugin_covariance/CMakeFiles/CMakeTmp/CheckSymbolExists.cxx:8:19: error: ‘Q_WS_QWS’ was not declared in this scope
   return ((int*)(&Q_WS_QWS))[argc];
                   ^~~~~~~~
/home/samuel/tiago_public_ws/build/rviz_plugin_covariance/CMakeFiles/CMakeTmp/CheckSymbolExists.cxx:8:19: note: suggested alternative: ‘Q_WS_X11’
   return ((int*)(&Q_WS_QWS))[argc];
                   ^~~~~~~~
                   Q_WS_X11
make[1]: Saindo do diretório `/home/samuel/tiago_public_ws/build/rviz_plugin_covariance/CMakeFiles/CMakeTmp'
make[1]: ** [CMakeFiles/cmTC_4b27c.dir/CheckSymbolExists.cxx.o] Erro 1
make: ** [cmTC_4b27c/fast] Erro 2

File /home/samuel/tiago_public_ws/build/rviz_plugin_covariance/CMakeFiles/CMakeTmp/CheckSymbolExists.cxx:
/* */
#include <QtCore/qglobal.h>

int main(int argc, char** argv)
{
  (void)argv;
#ifndef Q_WS_QWS
  return ((int*)(&Q_WS_QWS))[argc];
#else
  (void)argc;
  return 0;
#endif
}

Determining if the Q_WS_MAC exist failed with the following output:
Change Dir: /home/samuel/tiago_public_ws/build/rviz_plugin_covariance/CMakeFiles/CMakeTmp

Run Build Command:"/usr/bin/make" "cmTC_5d7d5/fast"
/usr/bin/make -f CMakeFiles/cmTC_5d7d5.dir/build.make CMakeFiles/cmTC_5d7d5.dir/build
make[1]: Entrando no diretório `/home/samuel/tiago_public_ws/build/rviz_plugin_covariance/CMakeFiles/CMakeTmp'
Building CXX object CMakeFiles/cmTC_5d7d5.dir/CheckSymbolExists.cxx.o
/usr/bin/c++    -I/usr/include/qt4   -o CMakeFiles/cmTC_5d7d5.dir/CheckSymbolExists.cxx.o -c /home/samuel/tiago_public_ws/build/rviz_plugin_covariance/CMakeFiles/CMakeTmp/CheckSymbolExists.cxx
/home/samuel/tiago_public_ws/build/rviz_plugin_covariance/CMakeFiles/CMakeTmp/CheckSymbolExists.cxx: In function ‘int main(int, char**)’:
/home/samuel/tiago_public_ws/build/rviz_plugin_covariance/CMakeFiles/CMakeTmp/CheckSymbolExists.cxx:8:19: error: ‘Q_WS_MAC’ was not declared in this scope
   return ((int*)(&Q_WS_MAC))[argc];
                   ^~~~~~~~
/home/samuel/tiago_public_ws/build/rviz_plugin_covariance/CMakeFiles/CMakeTmp/CheckSymbolExists.cxx:8:19: note: suggested alternative: ‘Q_WS_X11’
   return ((int*)(&Q_WS_MAC))[argc];
                   ^~~~~~~~
                   Q_WS_X11
make[1]: Saindo do diretório `/home/samuel/tiago_public_ws/build/rviz_plugin_covariance/CMakeFiles/CMakeTmp'
make[1]: ** [CMakeFiles/cmTC_5d7d5.dir/CheckSymbolExists.cxx.o] Erro 1
make: ** [cmTC_5d7d5/fast] Erro 2

File /home/samuel/tiago_public_ws/build/rviz_plugin_covariance/CMakeFiles/CMakeTmp/CheckSymbolExists.cxx:
/* */
#include <QtCore/qglobal.h>

int main(int argc, char** argv)
{
  (void)argv;
#ifndef Q_WS_MAC
  return ((int*)(&Q_WS_MAC))[argc];
#else
  (void)argc;
  return 0;
#endif
}

