Determining if the pthread_create exist failed with the following output:
Change Dir: /home/samuel/tiago_public_ws/build/pal_behaviour_msgs/CMakeFiles/CMakeTmp

Run Build Command:"/usr/bin/make" "cmTC_89c8d/fast"
/usr/bin/make -f CMakeFiles/cmTC_89c8d.dir/build.make CMakeFiles/cmTC_89c8d.dir/build
make[1]: Entrando no diretório `/home/samuel/tiago_public_ws/build/pal_behaviour_msgs/CMakeFiles/CMakeTmp'
Building C object CMakeFiles/cmTC_89c8d.dir/CheckSymbolExists.c.o
/usr/bin/cc     -o CMakeFiles/cmTC_89c8d.dir/CheckSymbolExists.c.o   -c /home/samuel/tiago_public_ws/build/pal_behaviour_msgs/CMakeFiles/CMakeTmp/CheckSymbolExists.c
Linking C executable cmTC_89c8d
/usr/local/bin/cmake -E cmake_link_script CMakeFiles/cmTC_89c8d.dir/link.txt --verbose=1
/usr/bin/cc       CMakeFiles/cmTC_89c8d.dir/CheckSymbolExists.c.o  -o cmTC_89c8d -rdynamic 
CMakeFiles/cmTC_89c8d.dir/CheckSymbolExists.c.o: na função `main':
CheckSymbolExists.c:(.text+0x16): referência indefinida para `pthread_create'
collect2: error: ld returned 1 exit status
make[1]: ** [cmTC_89c8d] Erro 1
make[1]: Saindo do diretório `/home/samuel/tiago_public_ws/build/pal_behaviour_msgs/CMakeFiles/CMakeTmp'
make: ** [cmTC_89c8d/fast] Erro 2

File /home/samuel/tiago_public_ws/build/pal_behaviour_msgs/CMakeFiles/CMakeTmp/CheckSymbolExists.c:
/* */
#include <pthread.h>

int main(int argc, char** argv)
{
  (void)argv;
#ifndef pthread_create
  return ((int*)(&pthread_create))[argc];
#else
  (void)argc;
  return 0;
#endif
}

Determining if the function pthread_create exists in the pthreads failed with the following output:
Change Dir: /home/samuel/tiago_public_ws/build/pal_behaviour_msgs/CMakeFiles/CMakeTmp

Run Build Command:"/usr/bin/make" "cmTC_f055a/fast"
/usr/bin/make -f CMakeFiles/cmTC_f055a.dir/build.make CMakeFiles/cmTC_f055a.dir/build
make[1]: Entrando no diretório `/home/samuel/tiago_public_ws/build/pal_behaviour_msgs/CMakeFiles/CMakeTmp'
Building C object CMakeFiles/cmTC_f055a.dir/CheckFunctionExists.c.o
/usr/bin/cc    -DCHECK_FUNCTION_EXISTS=pthread_create   -o CMakeFiles/cmTC_f055a.dir/CheckFunctionExists.c.o   -c /usr/local/share/cmake-3.4/Modules/CheckFunctionExists.c
Linking C executable cmTC_f055a
/usr/local/bin/cmake -E cmake_link_script CMakeFiles/cmTC_f055a.dir/link.txt --verbose=1
/usr/bin/cc   -DCHECK_FUNCTION_EXISTS=pthread_create    CMakeFiles/cmTC_f055a.dir/CheckFunctionExists.c.o  -o cmTC_f055a -rdynamic -lpthreads 
/usr/bin/ld: não foi possível encontrar -lpthreads
collect2: error: ld returned 1 exit status
make[1]: ** [cmTC_f055a] Erro 1
make[1]: Saindo do diretório `/home/samuel/tiago_public_ws/build/pal_behaviour_msgs/CMakeFiles/CMakeTmp'
make: ** [cmTC_f055a/fast] Erro 2


Determining if the pthread_create exist failed with the following output:
Change Dir: /home/samuel/tiago_public_ws/build/pal_behaviour_msgs/CMakeFiles/CMakeTmp

Run Build Command:"/usr/bin/make" "cmTC_d6ea0/fast"
/usr/bin/make -f CMakeFiles/cmTC_d6ea0.dir/build.make CMakeFiles/cmTC_d6ea0.dir/build
make[1]: Entrando no diretório `/home/samuel/tiago_public_ws/build/pal_behaviour_msgs/CMakeFiles/CMakeTmp'
Building C object CMakeFiles/cmTC_d6ea0.dir/CheckSymbolExists.c.o
/usr/bin/cc     -o CMakeFiles/cmTC_d6ea0.dir/CheckSymbolExists.c.o   -c /home/samuel/tiago_public_ws/build/pal_behaviour_msgs/CMakeFiles/CMakeTmp/CheckSymbolExists.c
Linking C executable cmTC_d6ea0
/usr/local/bin/cmake -E cmake_link_script CMakeFiles/cmTC_d6ea0.dir/link.txt --verbose=1
/usr/bin/cc       CMakeFiles/cmTC_d6ea0.dir/CheckSymbolExists.c.o  -o cmTC_d6ea0 -rdynamic 
CMakeFiles/cmTC_d6ea0.dir/CheckSymbolExists.c.o: na função `main':
CheckSymbolExists.c:(.text+0x16): referência indefinida para `pthread_create'
collect2: error: ld returned 1 exit status
make[1]: ** [cmTC_d6ea0] Erro 1
make[1]: Saindo do diretório `/home/samuel/tiago_public_ws/build/pal_behaviour_msgs/CMakeFiles/CMakeTmp'
make: ** [cmTC_d6ea0/fast] Erro 2

File /home/samuel/tiago_public_ws/build/pal_behaviour_msgs/CMakeFiles/CMakeTmp/CheckSymbolExists.c:
/* */
#include <pthread.h>

int main(int argc, char** argv)
{
  (void)argv;
#ifndef pthread_create
  return ((int*)(&pthread_create))[argc];
#else
  (void)argc;
  return 0;
#endif
}

Determining if the function pthread_create exists in the pthreads failed with the following output:
Change Dir: /home/samuel/tiago_public_ws/build/pal_behaviour_msgs/CMakeFiles/CMakeTmp

Run Build Command:"/usr/bin/make" "cmTC_87b19/fast"
/usr/bin/make -f CMakeFiles/cmTC_87b19.dir/build.make CMakeFiles/cmTC_87b19.dir/build
make[1]: Entrando no diretório `/home/samuel/tiago_public_ws/build/pal_behaviour_msgs/CMakeFiles/CMakeTmp'
Building C object CMakeFiles/cmTC_87b19.dir/CheckFunctionExists.c.o
/usr/bin/cc    -DCHECK_FUNCTION_EXISTS=pthread_create   -o CMakeFiles/cmTC_87b19.dir/CheckFunctionExists.c.o   -c /usr/local/share/cmake-3.4/Modules/CheckFunctionExists.c
Linking C executable cmTC_87b19
/usr/local/bin/cmake -E cmake_link_script CMakeFiles/cmTC_87b19.dir/link.txt --verbose=1
/usr/bin/cc   -DCHECK_FUNCTION_EXISTS=pthread_create    CMakeFiles/cmTC_87b19.dir/CheckFunctionExists.c.o  -o cmTC_87b19 -rdynamic -lpthreads 
/usr/bin/ld: não foi possível encontrar -lpthreads
collect2: error: ld returned 1 exit status
make[1]: ** [cmTC_87b19] Erro 1
make[1]: Saindo do diretório `/home/samuel/tiago_public_ws/build/pal_behaviour_msgs/CMakeFiles/CMakeTmp'
make: ** [cmTC_87b19/fast] Erro 2


