Linked: (/home/samuel/tiago_public_ws/devel/.private/pal_walking_msgs/lib/pkgconfig/pal_walking_msgs.pc, /home/samuel/tiago_public_ws/devel/lib/pkgconfig/pal_walking_msgs.pc)
Linked: (/home/samuel/tiago_public_ws/devel/.private/pal_walking_msgs/lib/python2.7/dist-packages/pal_walking_msgs/__init__.py, /home/samuel/tiago_public_ws/devel/lib/python2.7/dist-packages/pal_walking_msgs/__init__.py)
Linked: (/home/samuel/tiago_public_ws/devel/.private/pal_walking_msgs/lib/python2.7/dist-packages/pal_walking_msgs/msg/__init__.py, /home/samuel/tiago_public_ws/devel/lib/python2.7/dist-packages/pal_walking_msgs/msg/__init__.py)
Linked: (/home/samuel/tiago_public_ws/devel/.private/pal_walking_msgs/lib/python2.7/dist-packages/pal_walking_msgs/msg/_WalkingStatus.py, /home/samuel/tiago_public_ws/devel/lib/python2.7/dist-packages/pal_walking_msgs/msg/_WalkingStatus.py)
Linked: (/home/samuel/tiago_public_ws/devel/.private/pal_walking_msgs/lib/python2.7/dist-packages/pal_walking_msgs/msg/_WalkingStep.py, /home/samuel/tiago_public_ws/devel/lib/python2.7/dist-packages/pal_walking_msgs/msg/_WalkingStep.py)
Linked: (/home/samuel/tiago_public_ws/devel/.private/pal_walking_msgs/lib/python2.7/dist-packages/pal_walking_msgs/srv/_WalkSteps.py, /home/samuel/tiago_public_ws/devel/lib/python2.7/dist-packages/pal_walking_msgs/srv/_WalkSteps.py)
Linked: (/home/samuel/tiago_public_ws/devel/.private/pal_walking_msgs/lib/python2.7/dist-packages/pal_walking_msgs/srv/__init__.py, /home/samuel/tiago_public_ws/devel/lib/python2.7/dist-packages/pal_walking_msgs/srv/__init__.py)
Linked: (/home/samuel/tiago_public_ws/devel/.private/pal_walking_msgs/include/pal_walking_msgs/WalkSteps.h, /home/samuel/tiago_public_ws/devel/include/pal_walking_msgs/WalkSteps.h)
Linked: (/home/samuel/tiago_public_ws/devel/.private/pal_walking_msgs/include/pal_walking_msgs/WalkStepsRequest.h, /home/samuel/tiago_public_ws/devel/include/pal_walking_msgs/WalkStepsRequest.h)
Linked: (/home/samuel/tiago_public_ws/devel/.private/pal_walking_msgs/include/pal_walking_msgs/WalkStepsResponse.h, /home/samuel/tiago_public_ws/devel/include/pal_walking_msgs/WalkStepsResponse.h)
Linked: (/home/samuel/tiago_public_ws/devel/.private/pal_walking_msgs/include/pal_walking_msgs/WalkingStep.h, /home/samuel/tiago_public_ws/devel/include/pal_walking_msgs/WalkingStep.h)
Linked: (/home/samuel/tiago_public_ws/devel/.private/pal_walking_msgs/include/pal_walking_msgs/WalkingStatus.h, /home/samuel/tiago_public_ws/devel/include/pal_walking_msgs/WalkingStatus.h)
Linked: (/home/samuel/tiago_public_ws/devel/.private/pal_walking_msgs/share/common-lisp/ros/pal_walking_msgs/msg/pal_walking_msgs-msg.asd, /home/samuel/tiago_public_ws/devel/share/common-lisp/ros/pal_walking_msgs/msg/pal_walking_msgs-msg.asd)
Linked: (/home/samuel/tiago_public_ws/devel/.private/pal_walking_msgs/share/common-lisp/ros/pal_walking_msgs/msg/_package_WalkingStep.lisp, /home/samuel/tiago_public_ws/devel/share/common-lisp/ros/pal_walking_msgs/msg/_package_WalkingStep.lisp)
Linked: (/home/samuel/tiago_public_ws/devel/.private/pal_walking_msgs/share/common-lisp/ros/pal_walking_msgs/msg/_package.lisp, /home/samuel/tiago_public_ws/devel/share/common-lisp/ros/pal_walking_msgs/msg/_package.lisp)
Linked: (/home/samuel/tiago_public_ws/devel/.private/pal_walking_msgs/share/common-lisp/ros/pal_walking_msgs/msg/WalkingStatus.lisp, /home/samuel/tiago_public_ws/devel/share/common-lisp/ros/pal_walking_msgs/msg/WalkingStatus.lisp)
Linked: (/home/samuel/tiago_public_ws/devel/.private/pal_walking_msgs/share/common-lisp/ros/pal_walking_msgs/msg/_package_WalkingStatus.lisp, /home/samuel/tiago_public_ws/devel/share/common-lisp/ros/pal_walking_msgs/msg/_package_WalkingStatus.lisp)
Linked: (/home/samuel/tiago_public_ws/devel/.private/pal_walking_msgs/share/common-lisp/ros/pal_walking_msgs/msg/WalkingStep.lisp, /home/samuel/tiago_public_ws/devel/share/common-lisp/ros/pal_walking_msgs/msg/WalkingStep.lisp)
Linked: (/home/samuel/tiago_public_ws/devel/.private/pal_walking_msgs/share/common-lisp/ros/pal_walking_msgs/srv/pal_walking_msgs-srv.asd, /home/samuel/tiago_public_ws/devel/share/common-lisp/ros/pal_walking_msgs/srv/pal_walking_msgs-srv.asd)
Linked: (/home/samuel/tiago_public_ws/devel/.private/pal_walking_msgs/share/common-lisp/ros/pal_walking_msgs/srv/WalkSteps.lisp, /home/samuel/tiago_public_ws/devel/share/common-lisp/ros/pal_walking_msgs/srv/WalkSteps.lisp)
Linked: (/home/samuel/tiago_public_ws/devel/.private/pal_walking_msgs/share/common-lisp/ros/pal_walking_msgs/srv/_package.lisp, /home/samuel/tiago_public_ws/devel/share/common-lisp/ros/pal_walking_msgs/srv/_package.lisp)
Linked: (/home/samuel/tiago_public_ws/devel/.private/pal_walking_msgs/share/common-lisp/ros/pal_walking_msgs/srv/_package_WalkSteps.lisp, /home/samuel/tiago_public_ws/devel/share/common-lisp/ros/pal_walking_msgs/srv/_package_WalkSteps.lisp)
Linked: (/home/samuel/tiago_public_ws/devel/.private/pal_walking_msgs/share/pal_walking_msgs/cmake/pal_walking_msgsConfig-version.cmake, /home/samuel/tiago_public_ws/devel/share/pal_walking_msgs/cmake/pal_walking_msgsConfig-version.cmake)
Linked: (/home/samuel/tiago_public_ws/devel/.private/pal_walking_msgs/share/pal_walking_msgs/cmake/pal_walking_msgsConfig.cmake, /home/samuel/tiago_public_ws/devel/share/pal_walking_msgs/cmake/pal_walking_msgsConfig.cmake)
Linked: (/home/samuel/tiago_public_ws/devel/.private/pal_walking_msgs/share/pal_walking_msgs/cmake/pal_walking_msgs-msg-extras.cmake, /home/samuel/tiago_public_ws/devel/share/pal_walking_msgs/cmake/pal_walking_msgs-msg-extras.cmake)
Linked: (/home/samuel/tiago_public_ws/devel/.private/pal_walking_msgs/share/pal_walking_msgs/cmake/pal_walking_msgs-msg-paths.cmake, /home/samuel/tiago_public_ws/devel/share/pal_walking_msgs/cmake/pal_walking_msgs-msg-paths.cmake)
