Linked: (/home/samuel/tiago_public_ws/devel/.private/pal_control_msgs/lib/pkgconfig/pal_control_msgs.pc, /home/samuel/tiago_public_ws/devel/lib/pkgconfig/pal_control_msgs.pc)
Linked: (/home/samuel/tiago_public_ws/devel/.private/pal_control_msgs/lib/python2.7/dist-packages/pal_control_msgs/__init__.py, /home/samuel/tiago_public_ws/devel/lib/python2.7/dist-packages/pal_control_msgs/__init__.py)
Linked: (/home/samuel/tiago_public_ws/devel/.private/pal_control_msgs/lib/python2.7/dist-packages/pal_control_msgs/msg/_MotionManagerActionFeedback.py, /home/samuel/tiago_public_ws/devel/lib/python2.7/dist-packages/pal_control_msgs/msg/_MotionManagerActionFeedback.py)
Linked: (/home/samuel/tiago_public_ws/devel/.private/pal_control_msgs/lib/python2.7/dist-packages/pal_control_msgs/msg/_MotionManagerResult.py, /home/samuel/tiago_public_ws/devel/lib/python2.7/dist-packages/pal_control_msgs/msg/_MotionManagerResult.py)
Linked: (/home/samuel/tiago_public_ws/devel/.private/pal_control_msgs/lib/python2.7/dist-packages/pal_control_msgs/msg/_MotionManagerFeedback.py, /home/samuel/tiago_public_ws/devel/lib/python2.7/dist-packages/pal_control_msgs/msg/_MotionManagerFeedback.py)
Linked: (/home/samuel/tiago_public_ws/devel/.private/pal_control_msgs/lib/python2.7/dist-packages/pal_control_msgs/msg/__init__.py, /home/samuel/tiago_public_ws/devel/lib/python2.7/dist-packages/pal_control_msgs/msg/__init__.py)
Linked: (/home/samuel/tiago_public_ws/devel/.private/pal_control_msgs/lib/python2.7/dist-packages/pal_control_msgs/msg/_MotionManagerAction.py, /home/samuel/tiago_public_ws/devel/lib/python2.7/dist-packages/pal_control_msgs/msg/_MotionManagerAction.py)
Linked: (/home/samuel/tiago_public_ws/devel/.private/pal_control_msgs/lib/python2.7/dist-packages/pal_control_msgs/msg/_MotionManagerActionResult.py, /home/samuel/tiago_public_ws/devel/lib/python2.7/dist-packages/pal_control_msgs/msg/_MotionManagerActionResult.py)
Linked: (/home/samuel/tiago_public_ws/devel/.private/pal_control_msgs/lib/python2.7/dist-packages/pal_control_msgs/msg/_MotionManagerGoal.py, /home/samuel/tiago_public_ws/devel/lib/python2.7/dist-packages/pal_control_msgs/msg/_MotionManagerGoal.py)
Linked: (/home/samuel/tiago_public_ws/devel/.private/pal_control_msgs/lib/python2.7/dist-packages/pal_control_msgs/msg/_ActuatorCurrentLimit.py, /home/samuel/tiago_public_ws/devel/lib/python2.7/dist-packages/pal_control_msgs/msg/_ActuatorCurrentLimit.py)
Linked: (/home/samuel/tiago_public_ws/devel/.private/pal_control_msgs/lib/python2.7/dist-packages/pal_control_msgs/msg/_MotionManagerActionGoal.py, /home/samuel/tiago_public_ws/devel/lib/python2.7/dist-packages/pal_control_msgs/msg/_MotionManagerActionGoal.py)
Linked: (/home/samuel/tiago_public_ws/devel/.private/pal_control_msgs/lib/python2.7/dist-packages/pal_control_msgs/srv/_CurrentLimit.py, /home/samuel/tiago_public_ws/devel/lib/python2.7/dist-packages/pal_control_msgs/srv/_CurrentLimit.py)
Linked: (/home/samuel/tiago_public_ws/devel/.private/pal_control_msgs/lib/python2.7/dist-packages/pal_control_msgs/srv/__init__.py, /home/samuel/tiago_public_ws/devel/lib/python2.7/dist-packages/pal_control_msgs/srv/__init__.py)
Linked: (/home/samuel/tiago_public_ws/devel/.private/pal_control_msgs/include/pal_control_msgs/CurrentLimitResponse.h, /home/samuel/tiago_public_ws/devel/include/pal_control_msgs/CurrentLimitResponse.h)
Linked: (/home/samuel/tiago_public_ws/devel/.private/pal_control_msgs/include/pal_control_msgs/CurrentLimitRequest.h, /home/samuel/tiago_public_ws/devel/include/pal_control_msgs/CurrentLimitRequest.h)
Linked: (/home/samuel/tiago_public_ws/devel/.private/pal_control_msgs/include/pal_control_msgs/MotionManagerResult.h, /home/samuel/tiago_public_ws/devel/include/pal_control_msgs/MotionManagerResult.h)
Linked: (/home/samuel/tiago_public_ws/devel/.private/pal_control_msgs/include/pal_control_msgs/MotionManagerActionResult.h, /home/samuel/tiago_public_ws/devel/include/pal_control_msgs/MotionManagerActionResult.h)
Linked: (/home/samuel/tiago_public_ws/devel/.private/pal_control_msgs/include/pal_control_msgs/MotionManagerGoal.h, /home/samuel/tiago_public_ws/devel/include/pal_control_msgs/MotionManagerGoal.h)
Linked: (/home/samuel/tiago_public_ws/devel/.private/pal_control_msgs/include/pal_control_msgs/MotionManagerAction.h, /home/samuel/tiago_public_ws/devel/include/pal_control_msgs/MotionManagerAction.h)
Linked: (/home/samuel/tiago_public_ws/devel/.private/pal_control_msgs/include/pal_control_msgs/CurrentLimit.h, /home/samuel/tiago_public_ws/devel/include/pal_control_msgs/CurrentLimit.h)
Linked: (/home/samuel/tiago_public_ws/devel/.private/pal_control_msgs/include/pal_control_msgs/MotionManagerActionFeedback.h, /home/samuel/tiago_public_ws/devel/include/pal_control_msgs/MotionManagerActionFeedback.h)
Linked: (/home/samuel/tiago_public_ws/devel/.private/pal_control_msgs/include/pal_control_msgs/ActuatorCurrentLimit.h, /home/samuel/tiago_public_ws/devel/include/pal_control_msgs/ActuatorCurrentLimit.h)
Linked: (/home/samuel/tiago_public_ws/devel/.private/pal_control_msgs/include/pal_control_msgs/MotionManagerActionGoal.h, /home/samuel/tiago_public_ws/devel/include/pal_control_msgs/MotionManagerActionGoal.h)
Linked: (/home/samuel/tiago_public_ws/devel/.private/pal_control_msgs/include/pal_control_msgs/MotionManagerFeedback.h, /home/samuel/tiago_public_ws/devel/include/pal_control_msgs/MotionManagerFeedback.h)
Linked: (/home/samuel/tiago_public_ws/devel/.private/pal_control_msgs/share/pal_control_msgs/msg/MotionManagerActionFeedback.msg, /home/samuel/tiago_public_ws/devel/share/pal_control_msgs/msg/MotionManagerActionFeedback.msg)
Linked: (/home/samuel/tiago_public_ws/devel/.private/pal_control_msgs/share/pal_control_msgs/msg/MotionManagerGoal.msg, /home/samuel/tiago_public_ws/devel/share/pal_control_msgs/msg/MotionManagerGoal.msg)
Linked: (/home/samuel/tiago_public_ws/devel/.private/pal_control_msgs/share/pal_control_msgs/msg/MotionManagerFeedback.msg, /home/samuel/tiago_public_ws/devel/share/pal_control_msgs/msg/MotionManagerFeedback.msg)
Linked: (/home/samuel/tiago_public_ws/devel/.private/pal_control_msgs/share/pal_control_msgs/msg/MotionManagerActionResult.msg, /home/samuel/tiago_public_ws/devel/share/pal_control_msgs/msg/MotionManagerActionResult.msg)
Linked: (/home/samuel/tiago_public_ws/devel/.private/pal_control_msgs/share/pal_control_msgs/msg/MotionManagerActionGoal.msg, /home/samuel/tiago_public_ws/devel/share/pal_control_msgs/msg/MotionManagerActionGoal.msg)
Linked: (/home/samuel/tiago_public_ws/devel/.private/pal_control_msgs/share/pal_control_msgs/msg/MotionManagerResult.msg, /home/samuel/tiago_public_ws/devel/share/pal_control_msgs/msg/MotionManagerResult.msg)
Linked: (/home/samuel/tiago_public_ws/devel/.private/pal_control_msgs/share/pal_control_msgs/msg/MotionManagerAction.msg, /home/samuel/tiago_public_ws/devel/share/pal_control_msgs/msg/MotionManagerAction.msg)
Linked: (/home/samuel/tiago_public_ws/devel/.private/pal_control_msgs/share/pal_control_msgs/cmake/pal_control_msgsConfig.cmake, /home/samuel/tiago_public_ws/devel/share/pal_control_msgs/cmake/pal_control_msgsConfig.cmake)
Linked: (/home/samuel/tiago_public_ws/devel/.private/pal_control_msgs/share/pal_control_msgs/cmake/pal_control_msgs-msg-extras.cmake, /home/samuel/tiago_public_ws/devel/share/pal_control_msgs/cmake/pal_control_msgs-msg-extras.cmake)
Linked: (/home/samuel/tiago_public_ws/devel/.private/pal_control_msgs/share/pal_control_msgs/cmake/pal_control_msgs-msg-paths.cmake, /home/samuel/tiago_public_ws/devel/share/pal_control_msgs/cmake/pal_control_msgs-msg-paths.cmake)
Linked: (/home/samuel/tiago_public_ws/devel/.private/pal_control_msgs/share/pal_control_msgs/cmake/pal_control_msgsConfig-version.cmake, /home/samuel/tiago_public_ws/devel/share/pal_control_msgs/cmake/pal_control_msgsConfig-version.cmake)
Linked: (/home/samuel/tiago_public_ws/devel/.private/pal_control_msgs/share/common-lisp/ros/pal_control_msgs/msg/MotionManagerResult.lisp, /home/samuel/tiago_public_ws/devel/share/common-lisp/ros/pal_control_msgs/msg/MotionManagerResult.lisp)
Linked: (/home/samuel/tiago_public_ws/devel/.private/pal_control_msgs/share/common-lisp/ros/pal_control_msgs/msg/MotionManagerGoal.lisp, /home/samuel/tiago_public_ws/devel/share/common-lisp/ros/pal_control_msgs/msg/MotionManagerGoal.lisp)
Linked: (/home/samuel/tiago_public_ws/devel/.private/pal_control_msgs/share/common-lisp/ros/pal_control_msgs/msg/MotionManagerActionResult.lisp, /home/samuel/tiago_public_ws/devel/share/common-lisp/ros/pal_control_msgs/msg/MotionManagerActionResult.lisp)
Linked: (/home/samuel/tiago_public_ws/devel/.private/pal_control_msgs/share/common-lisp/ros/pal_control_msgs/msg/ActuatorCurrentLimit.lisp, /home/samuel/tiago_public_ws/devel/share/common-lisp/ros/pal_control_msgs/msg/ActuatorCurrentLimit.lisp)
Linked: (/home/samuel/tiago_public_ws/devel/.private/pal_control_msgs/share/common-lisp/ros/pal_control_msgs/msg/_package_MotionManagerAction.lisp, /home/samuel/tiago_public_ws/devel/share/common-lisp/ros/pal_control_msgs/msg/_package_MotionManagerAction.lisp)
Linked: (/home/samuel/tiago_public_ws/devel/.private/pal_control_msgs/share/common-lisp/ros/pal_control_msgs/msg/_package_MotionManagerActionFeedback.lisp, /home/samuel/tiago_public_ws/devel/share/common-lisp/ros/pal_control_msgs/msg/_package_MotionManagerActionFeedback.lisp)
Linked: (/home/samuel/tiago_public_ws/devel/.private/pal_control_msgs/share/common-lisp/ros/pal_control_msgs/msg/_package_MotionManagerActionResult.lisp, /home/samuel/tiago_public_ws/devel/share/common-lisp/ros/pal_control_msgs/msg/_package_MotionManagerActionResult.lisp)
Linked: (/home/samuel/tiago_public_ws/devel/.private/pal_control_msgs/share/common-lisp/ros/pal_control_msgs/msg/MotionManagerActionGoal.lisp, /home/samuel/tiago_public_ws/devel/share/common-lisp/ros/pal_control_msgs/msg/MotionManagerActionGoal.lisp)
Linked: (/home/samuel/tiago_public_ws/devel/.private/pal_control_msgs/share/common-lisp/ros/pal_control_msgs/msg/MotionManagerFeedback.lisp, /home/samuel/tiago_public_ws/devel/share/common-lisp/ros/pal_control_msgs/msg/MotionManagerFeedback.lisp)
Linked: (/home/samuel/tiago_public_ws/devel/.private/pal_control_msgs/share/common-lisp/ros/pal_control_msgs/msg/_package_ActuatorCurrentLimit.lisp, /home/samuel/tiago_public_ws/devel/share/common-lisp/ros/pal_control_msgs/msg/_package_ActuatorCurrentLimit.lisp)
Linked: (/home/samuel/tiago_public_ws/devel/.private/pal_control_msgs/share/common-lisp/ros/pal_control_msgs/msg/_package_MotionManagerActionGoal.lisp, /home/samuel/tiago_public_ws/devel/share/common-lisp/ros/pal_control_msgs/msg/_package_MotionManagerActionGoal.lisp)
Linked: (/home/samuel/tiago_public_ws/devel/.private/pal_control_msgs/share/common-lisp/ros/pal_control_msgs/msg/_package_MotionManagerFeedback.lisp, /home/samuel/tiago_public_ws/devel/share/common-lisp/ros/pal_control_msgs/msg/_package_MotionManagerFeedback.lisp)
Linked: (/home/samuel/tiago_public_ws/devel/.private/pal_control_msgs/share/common-lisp/ros/pal_control_msgs/msg/_package.lisp, /home/samuel/tiago_public_ws/devel/share/common-lisp/ros/pal_control_msgs/msg/_package.lisp)
Linked: (/home/samuel/tiago_public_ws/devel/.private/pal_control_msgs/share/common-lisp/ros/pal_control_msgs/msg/_package_MotionManagerResult.lisp, /home/samuel/tiago_public_ws/devel/share/common-lisp/ros/pal_control_msgs/msg/_package_MotionManagerResult.lisp)
Linked: (/home/samuel/tiago_public_ws/devel/.private/pal_control_msgs/share/common-lisp/ros/pal_control_msgs/msg/MotionManagerAction.lisp, /home/samuel/tiago_public_ws/devel/share/common-lisp/ros/pal_control_msgs/msg/MotionManagerAction.lisp)
Linked: (/home/samuel/tiago_public_ws/devel/.private/pal_control_msgs/share/common-lisp/ros/pal_control_msgs/msg/MotionManagerActionFeedback.lisp, /home/samuel/tiago_public_ws/devel/share/common-lisp/ros/pal_control_msgs/msg/MotionManagerActionFeedback.lisp)
Linked: (/home/samuel/tiago_public_ws/devel/.private/pal_control_msgs/share/common-lisp/ros/pal_control_msgs/msg/pal_control_msgs-msg.asd, /home/samuel/tiago_public_ws/devel/share/common-lisp/ros/pal_control_msgs/msg/pal_control_msgs-msg.asd)
Linked: (/home/samuel/tiago_public_ws/devel/.private/pal_control_msgs/share/common-lisp/ros/pal_control_msgs/msg/_package_MotionManagerGoal.lisp, /home/samuel/tiago_public_ws/devel/share/common-lisp/ros/pal_control_msgs/msg/_package_MotionManagerGoal.lisp)
Linked: (/home/samuel/tiago_public_ws/devel/.private/pal_control_msgs/share/common-lisp/ros/pal_control_msgs/srv/pal_control_msgs-srv.asd, /home/samuel/tiago_public_ws/devel/share/common-lisp/ros/pal_control_msgs/srv/pal_control_msgs-srv.asd)
Linked: (/home/samuel/tiago_public_ws/devel/.private/pal_control_msgs/share/common-lisp/ros/pal_control_msgs/srv/CurrentLimit.lisp, /home/samuel/tiago_public_ws/devel/share/common-lisp/ros/pal_control_msgs/srv/CurrentLimit.lisp)
Linked: (/home/samuel/tiago_public_ws/devel/.private/pal_control_msgs/share/common-lisp/ros/pal_control_msgs/srv/_package.lisp, /home/samuel/tiago_public_ws/devel/share/common-lisp/ros/pal_control_msgs/srv/_package.lisp)
Linked: (/home/samuel/tiago_public_ws/devel/.private/pal_control_msgs/share/common-lisp/ros/pal_control_msgs/srv/_package_CurrentLimit.lisp, /home/samuel/tiago_public_ws/devel/share/common-lisp/ros/pal_control_msgs/srv/_package_CurrentLimit.lisp)
