Linked: (/home/samuel/tiago_public_ws/devel/.private/pal_vision_msgs/lib/pkgconfig/pal_vision_msgs.pc, /home/samuel/tiago_public_ws/devel/lib/pkgconfig/pal_vision_msgs.pc)
Linked: (/home/samuel/tiago_public_ws/devel/.private/pal_vision_msgs/lib/python2.7/dist-packages/pal_vision_msgs/__init__.py, /home/samuel/tiago_public_ws/devel/lib/python2.7/dist-packages/pal_vision_msgs/__init__.py)
Linked: (/home/samuel/tiago_public_ws/devel/.private/pal_vision_msgs/lib/python2.7/dist-packages/pal_vision_msgs/msg/_FaceDetections.py, /home/samuel/tiago_public_ws/devel/lib/python2.7/dist-packages/pal_vision_msgs/msg/_FaceDetections.py)
Linked: (/home/samuel/tiago_public_ws/devel/.private/pal_vision_msgs/lib/python2.7/dist-packages/pal_vision_msgs/msg/_FaceRecognitionFeedback.py, /home/samuel/tiago_public_ws/devel/lib/python2.7/dist-packages/pal_vision_msgs/msg/_FaceRecognitionFeedback.py)
Linked: (/home/samuel/tiago_public_ws/devel/.private/pal_vision_msgs/lib/python2.7/dist-packages/pal_vision_msgs/msg/_HogDetections.py, /home/samuel/tiago_public_ws/devel/lib/python2.7/dist-packages/pal_vision_msgs/msg/_HogDetections.py)
Linked: (/home/samuel/tiago_public_ws/devel/.private/pal_vision_msgs/lib/python2.7/dist-packages/pal_vision_msgs/msg/_FaceRecognitionActionResult.py, /home/samuel/tiago_public_ws/devel/lib/python2.7/dist-packages/pal_vision_msgs/msg/_FaceRecognitionActionResult.py)
Linked: (/home/samuel/tiago_public_ws/devel/.private/pal_vision_msgs/lib/python2.7/dist-packages/pal_vision_msgs/msg/_FaceRecognitionGoal.py, /home/samuel/tiago_public_ws/devel/lib/python2.7/dist-packages/pal_vision_msgs/msg/_FaceRecognitionGoal.py)
Linked: (/home/samuel/tiago_public_ws/devel/.private/pal_vision_msgs/lib/python2.7/dist-packages/pal_vision_msgs/msg/_HeadPanTilt.py, /home/samuel/tiago_public_ws/devel/lib/python2.7/dist-packages/pal_vision_msgs/msg/_HeadPanTilt.py)
Linked: (/home/samuel/tiago_public_ws/devel/.private/pal_vision_msgs/lib/python2.7/dist-packages/pal_vision_msgs/msg/__init__.py, /home/samuel/tiago_public_ws/devel/lib/python2.7/dist-packages/pal_vision_msgs/msg/__init__.py)
Linked: (/home/samuel/tiago_public_ws/devel/.private/pal_vision_msgs/lib/python2.7/dist-packages/pal_vision_msgs/msg/_DetectedObject.py, /home/samuel/tiago_public_ws/devel/lib/python2.7/dist-packages/pal_vision_msgs/msg/_DetectedObject.py)
Linked: (/home/samuel/tiago_public_ws/devel/.private/pal_vision_msgs/lib/python2.7/dist-packages/pal_vision_msgs/msg/_DetectedPerson.py, /home/samuel/tiago_public_ws/devel/lib/python2.7/dist-packages/pal_vision_msgs/msg/_DetectedPerson.py)
Linked: (/home/samuel/tiago_public_ws/devel/.private/pal_vision_msgs/lib/python2.7/dist-packages/pal_vision_msgs/msg/_HogDetection.py, /home/samuel/tiago_public_ws/devel/lib/python2.7/dist-packages/pal_vision_msgs/msg/_HogDetection.py)
Linked: (/home/samuel/tiago_public_ws/devel/.private/pal_vision_msgs/lib/python2.7/dist-packages/pal_vision_msgs/msg/_FaceRecognitionActionFeedback.py, /home/samuel/tiago_public_ws/devel/lib/python2.7/dist-packages/pal_vision_msgs/msg/_FaceRecognitionActionFeedback.py)
Linked: (/home/samuel/tiago_public_ws/devel/.private/pal_vision_msgs/lib/python2.7/dist-packages/pal_vision_msgs/msg/_FaceRecognitionAction.py, /home/samuel/tiago_public_ws/devel/lib/python2.7/dist-packages/pal_vision_msgs/msg/_FaceRecognitionAction.py)
Linked: (/home/samuel/tiago_public_ws/devel/.private/pal_vision_msgs/lib/python2.7/dist-packages/pal_vision_msgs/msg/_FaceRecognitionResult.py, /home/samuel/tiago_public_ws/devel/lib/python2.7/dist-packages/pal_vision_msgs/msg/_FaceRecognitionResult.py)
Linked: (/home/samuel/tiago_public_ws/devel/.private/pal_vision_msgs/lib/python2.7/dist-packages/pal_vision_msgs/msg/_LegDetections.py, /home/samuel/tiago_public_ws/devel/lib/python2.7/dist-packages/pal_vision_msgs/msg/_LegDetections.py)
Linked: (/home/samuel/tiago_public_ws/devel/.private/pal_vision_msgs/lib/python2.7/dist-packages/pal_vision_msgs/msg/_Rectangle.py, /home/samuel/tiago_public_ws/devel/lib/python2.7/dist-packages/pal_vision_msgs/msg/_Rectangle.py)
Linked: (/home/samuel/tiago_public_ws/devel/.private/pal_vision_msgs/lib/python2.7/dist-packages/pal_vision_msgs/msg/_FaceRecognitionActionGoal.py, /home/samuel/tiago_public_ws/devel/lib/python2.7/dist-packages/pal_vision_msgs/msg/_FaceRecognitionActionGoal.py)
Linked: (/home/samuel/tiago_public_ws/devel/.private/pal_vision_msgs/lib/python2.7/dist-packages/pal_vision_msgs/msg/_Gesture.py, /home/samuel/tiago_public_ws/devel/lib/python2.7/dist-packages/pal_vision_msgs/msg/_Gesture.py)
Linked: (/home/samuel/tiago_public_ws/devel/.private/pal_vision_msgs/lib/python2.7/dist-packages/pal_vision_msgs/msg/_FollowMeResponse.py, /home/samuel/tiago_public_ws/devel/lib/python2.7/dist-packages/pal_vision_msgs/msg/_FollowMeResponse.py)
Linked: (/home/samuel/tiago_public_ws/devel/.private/pal_vision_msgs/lib/python2.7/dist-packages/pal_vision_msgs/msg/_FaceDetection.py, /home/samuel/tiago_public_ws/devel/lib/python2.7/dist-packages/pal_vision_msgs/msg/_FaceDetection.py)
Linked: (/home/samuel/tiago_public_ws/devel/.private/pal_vision_msgs/lib/python2.7/dist-packages/pal_vision_msgs/srv/_FollowMeStop.py, /home/samuel/tiago_public_ws/devel/lib/python2.7/dist-packages/pal_vision_msgs/srv/_FollowMeStop.py)
Linked: (/home/samuel/tiago_public_ws/devel/.private/pal_vision_msgs/lib/python2.7/dist-packages/pal_vision_msgs/srv/__init__.py, /home/samuel/tiago_public_ws/devel/lib/python2.7/dist-packages/pal_vision_msgs/srv/__init__.py)
Linked: (/home/samuel/tiago_public_ws/devel/.private/pal_vision_msgs/lib/python2.7/dist-packages/pal_vision_msgs/srv/_LookToPixel.py, /home/samuel/tiago_public_ws/devel/lib/python2.7/dist-packages/pal_vision_msgs/srv/_LookToPixel.py)
Linked: (/home/samuel/tiago_public_ws/devel/.private/pal_vision_msgs/lib/python2.7/dist-packages/pal_vision_msgs/srv/_FaceTrackingStart.py, /home/samuel/tiago_public_ws/devel/lib/python2.7/dist-packages/pal_vision_msgs/srv/_FaceTrackingStart.py)
Linked: (/home/samuel/tiago_public_ws/devel/.private/pal_vision_msgs/lib/python2.7/dist-packages/pal_vision_msgs/srv/_FaceTrackingStop.py, /home/samuel/tiago_public_ws/devel/lib/python2.7/dist-packages/pal_vision_msgs/srv/_FaceTrackingStop.py)
Linked: (/home/samuel/tiago_public_ws/devel/.private/pal_vision_msgs/lib/python2.7/dist-packages/pal_vision_msgs/srv/_FollowMeStart.py, /home/samuel/tiago_public_ws/devel/lib/python2.7/dist-packages/pal_vision_msgs/srv/_FollowMeStart.py)
Linked: (/home/samuel/tiago_public_ws/devel/.private/pal_vision_msgs/include/pal_vision_msgs/DetectedPerson.h, /home/samuel/tiago_public_ws/devel/include/pal_vision_msgs/DetectedPerson.h)
Linked: (/home/samuel/tiago_public_ws/devel/.private/pal_vision_msgs/include/pal_vision_msgs/FaceRecognitionActionResult.h, /home/samuel/tiago_public_ws/devel/include/pal_vision_msgs/FaceRecognitionActionResult.h)
Linked: (/home/samuel/tiago_public_ws/devel/.private/pal_vision_msgs/include/pal_vision_msgs/FaceTrackingStart.h, /home/samuel/tiago_public_ws/devel/include/pal_vision_msgs/FaceTrackingStart.h)
Linked: (/home/samuel/tiago_public_ws/devel/.private/pal_vision_msgs/include/pal_vision_msgs/FaceTrackingStop.h, /home/samuel/tiago_public_ws/devel/include/pal_vision_msgs/FaceTrackingStop.h)
Linked: (/home/samuel/tiago_public_ws/devel/.private/pal_vision_msgs/include/pal_vision_msgs/FollowMeStartResponse.h, /home/samuel/tiago_public_ws/devel/include/pal_vision_msgs/FollowMeStartResponse.h)
Linked: (/home/samuel/tiago_public_ws/devel/.private/pal_vision_msgs/include/pal_vision_msgs/FollowMeStopResponse.h, /home/samuel/tiago_public_ws/devel/include/pal_vision_msgs/FollowMeStopResponse.h)
Linked: (/home/samuel/tiago_public_ws/devel/.private/pal_vision_msgs/include/pal_vision_msgs/FollowMeStop.h, /home/samuel/tiago_public_ws/devel/include/pal_vision_msgs/FollowMeStop.h)
Linked: (/home/samuel/tiago_public_ws/devel/.private/pal_vision_msgs/include/pal_vision_msgs/FaceTrackingStartRequest.h, /home/samuel/tiago_public_ws/devel/include/pal_vision_msgs/FaceTrackingStartRequest.h)
Linked: (/home/samuel/tiago_public_ws/devel/.private/pal_vision_msgs/include/pal_vision_msgs/LegDetections.h, /home/samuel/tiago_public_ws/devel/include/pal_vision_msgs/LegDetections.h)
Linked: (/home/samuel/tiago_public_ws/devel/.private/pal_vision_msgs/include/pal_vision_msgs/Rectangle.h, /home/samuel/tiago_public_ws/devel/include/pal_vision_msgs/Rectangle.h)
Linked: (/home/samuel/tiago_public_ws/devel/.private/pal_vision_msgs/include/pal_vision_msgs/FollowMeStopRequest.h, /home/samuel/tiago_public_ws/devel/include/pal_vision_msgs/FollowMeStopRequest.h)
Linked: (/home/samuel/tiago_public_ws/devel/.private/pal_vision_msgs/include/pal_vision_msgs/LookToPixelResponse.h, /home/samuel/tiago_public_ws/devel/include/pal_vision_msgs/LookToPixelResponse.h)
Linked: (/home/samuel/tiago_public_ws/devel/.private/pal_vision_msgs/include/pal_vision_msgs/HogDetections.h, /home/samuel/tiago_public_ws/devel/include/pal_vision_msgs/HogDetections.h)
Linked: (/home/samuel/tiago_public_ws/devel/.private/pal_vision_msgs/include/pal_vision_msgs/LookToPixel.h, /home/samuel/tiago_public_ws/devel/include/pal_vision_msgs/LookToPixel.h)
Linked: (/home/samuel/tiago_public_ws/devel/.private/pal_vision_msgs/include/pal_vision_msgs/FollowMeStart.h, /home/samuel/tiago_public_ws/devel/include/pal_vision_msgs/FollowMeStart.h)
Linked: (/home/samuel/tiago_public_ws/devel/.private/pal_vision_msgs/include/pal_vision_msgs/FaceRecognitionAction.h, /home/samuel/tiago_public_ws/devel/include/pal_vision_msgs/FaceRecognitionAction.h)
Linked: (/home/samuel/tiago_public_ws/devel/.private/pal_vision_msgs/include/pal_vision_msgs/LookToPixelRequest.h, /home/samuel/tiago_public_ws/devel/include/pal_vision_msgs/LookToPixelRequest.h)
Linked: (/home/samuel/tiago_public_ws/devel/.private/pal_vision_msgs/include/pal_vision_msgs/FaceDetections.h, /home/samuel/tiago_public_ws/devel/include/pal_vision_msgs/FaceDetections.h)
Linked: (/home/samuel/tiago_public_ws/devel/.private/pal_vision_msgs/include/pal_vision_msgs/FaceDetection.h, /home/samuel/tiago_public_ws/devel/include/pal_vision_msgs/FaceDetection.h)
Linked: (/home/samuel/tiago_public_ws/devel/.private/pal_vision_msgs/include/pal_vision_msgs/DetectedObject.h, /home/samuel/tiago_public_ws/devel/include/pal_vision_msgs/DetectedObject.h)
Linked: (/home/samuel/tiago_public_ws/devel/.private/pal_vision_msgs/include/pal_vision_msgs/FollowMeStartRequest.h, /home/samuel/tiago_public_ws/devel/include/pal_vision_msgs/FollowMeStartRequest.h)
Linked: (/home/samuel/tiago_public_ws/devel/.private/pal_vision_msgs/include/pal_vision_msgs/FaceTrackingStartResponse.h, /home/samuel/tiago_public_ws/devel/include/pal_vision_msgs/FaceTrackingStartResponse.h)
Linked: (/home/samuel/tiago_public_ws/devel/.private/pal_vision_msgs/include/pal_vision_msgs/HeadPanTilt.h, /home/samuel/tiago_public_ws/devel/include/pal_vision_msgs/HeadPanTilt.h)
Linked: (/home/samuel/tiago_public_ws/devel/.private/pal_vision_msgs/include/pal_vision_msgs/FaceRecognitionResult.h, /home/samuel/tiago_public_ws/devel/include/pal_vision_msgs/FaceRecognitionResult.h)
Linked: (/home/samuel/tiago_public_ws/devel/.private/pal_vision_msgs/include/pal_vision_msgs/FaceRecognitionActionGoal.h, /home/samuel/tiago_public_ws/devel/include/pal_vision_msgs/FaceRecognitionActionGoal.h)
Linked: (/home/samuel/tiago_public_ws/devel/.private/pal_vision_msgs/include/pal_vision_msgs/FollowMeResponse.h, /home/samuel/tiago_public_ws/devel/include/pal_vision_msgs/FollowMeResponse.h)
Linked: (/home/samuel/tiago_public_ws/devel/.private/pal_vision_msgs/include/pal_vision_msgs/FaceTrackingStopRequest.h, /home/samuel/tiago_public_ws/devel/include/pal_vision_msgs/FaceTrackingStopRequest.h)
Linked: (/home/samuel/tiago_public_ws/devel/.private/pal_vision_msgs/include/pal_vision_msgs/FaceTrackingStopResponse.h, /home/samuel/tiago_public_ws/devel/include/pal_vision_msgs/FaceTrackingStopResponse.h)
Linked: (/home/samuel/tiago_public_ws/devel/.private/pal_vision_msgs/include/pal_vision_msgs/Gesture.h, /home/samuel/tiago_public_ws/devel/include/pal_vision_msgs/Gesture.h)
Linked: (/home/samuel/tiago_public_ws/devel/.private/pal_vision_msgs/include/pal_vision_msgs/FaceRecognitionGoal.h, /home/samuel/tiago_public_ws/devel/include/pal_vision_msgs/FaceRecognitionGoal.h)
Linked: (/home/samuel/tiago_public_ws/devel/.private/pal_vision_msgs/include/pal_vision_msgs/FaceRecognitionActionFeedback.h, /home/samuel/tiago_public_ws/devel/include/pal_vision_msgs/FaceRecognitionActionFeedback.h)
Linked: (/home/samuel/tiago_public_ws/devel/.private/pal_vision_msgs/include/pal_vision_msgs/FaceRecognitionFeedback.h, /home/samuel/tiago_public_ws/devel/include/pal_vision_msgs/FaceRecognitionFeedback.h)
Linked: (/home/samuel/tiago_public_ws/devel/.private/pal_vision_msgs/include/pal_vision_msgs/HogDetection.h, /home/samuel/tiago_public_ws/devel/include/pal_vision_msgs/HogDetection.h)
Linked: (/home/samuel/tiago_public_ws/devel/.private/pal_vision_msgs/share/pal_vision_msgs/msg/FaceRecognitionAction.msg, /home/samuel/tiago_public_ws/devel/share/pal_vision_msgs/msg/FaceRecognitionAction.msg)
Linked: (/home/samuel/tiago_public_ws/devel/.private/pal_vision_msgs/share/pal_vision_msgs/msg/FaceRecognitionActionGoal.msg, /home/samuel/tiago_public_ws/devel/share/pal_vision_msgs/msg/FaceRecognitionActionGoal.msg)
Linked: (/home/samuel/tiago_public_ws/devel/.private/pal_vision_msgs/share/pal_vision_msgs/msg/FaceRecognitionFeedback.msg, /home/samuel/tiago_public_ws/devel/share/pal_vision_msgs/msg/FaceRecognitionFeedback.msg)
Linked: (/home/samuel/tiago_public_ws/devel/.private/pal_vision_msgs/share/pal_vision_msgs/msg/FaceRecognitionActionResult.msg, /home/samuel/tiago_public_ws/devel/share/pal_vision_msgs/msg/FaceRecognitionActionResult.msg)
Linked: (/home/samuel/tiago_public_ws/devel/.private/pal_vision_msgs/share/pal_vision_msgs/msg/FaceRecognitionActionFeedback.msg, /home/samuel/tiago_public_ws/devel/share/pal_vision_msgs/msg/FaceRecognitionActionFeedback.msg)
Linked: (/home/samuel/tiago_public_ws/devel/.private/pal_vision_msgs/share/pal_vision_msgs/msg/FaceRecognitionGoal.msg, /home/samuel/tiago_public_ws/devel/share/pal_vision_msgs/msg/FaceRecognitionGoal.msg)
Linked: (/home/samuel/tiago_public_ws/devel/.private/pal_vision_msgs/share/pal_vision_msgs/msg/FaceRecognitionResult.msg, /home/samuel/tiago_public_ws/devel/share/pal_vision_msgs/msg/FaceRecognitionResult.msg)
Linked: (/home/samuel/tiago_public_ws/devel/.private/pal_vision_msgs/share/pal_vision_msgs/cmake/pal_vision_msgs-msg-paths.cmake, /home/samuel/tiago_public_ws/devel/share/pal_vision_msgs/cmake/pal_vision_msgs-msg-paths.cmake)
Linked: (/home/samuel/tiago_public_ws/devel/.private/pal_vision_msgs/share/pal_vision_msgs/cmake/pal_vision_msgsConfig.cmake, /home/samuel/tiago_public_ws/devel/share/pal_vision_msgs/cmake/pal_vision_msgsConfig.cmake)
Linked: (/home/samuel/tiago_public_ws/devel/.private/pal_vision_msgs/share/pal_vision_msgs/cmake/pal_vision_msgsConfig-version.cmake, /home/samuel/tiago_public_ws/devel/share/pal_vision_msgs/cmake/pal_vision_msgsConfig-version.cmake)
Linked: (/home/samuel/tiago_public_ws/devel/.private/pal_vision_msgs/share/pal_vision_msgs/cmake/pal_vision_msgs-msg-extras.cmake, /home/samuel/tiago_public_ws/devel/share/pal_vision_msgs/cmake/pal_vision_msgs-msg-extras.cmake)
Linked: (/home/samuel/tiago_public_ws/devel/.private/pal_vision_msgs/share/common-lisp/ros/pal_vision_msgs/msg/_package_FaceRecognitionResult.lisp, /home/samuel/tiago_public_ws/devel/share/common-lisp/ros/pal_vision_msgs/msg/_package_FaceRecognitionResult.lisp)
Linked: (/home/samuel/tiago_public_ws/devel/.private/pal_vision_msgs/share/common-lisp/ros/pal_vision_msgs/msg/FaceDetection.lisp, /home/samuel/tiago_public_ws/devel/share/common-lisp/ros/pal_vision_msgs/msg/FaceDetection.lisp)
Linked: (/home/samuel/tiago_public_ws/devel/.private/pal_vision_msgs/share/common-lisp/ros/pal_vision_msgs/msg/_package_FaceDetections.lisp, /home/samuel/tiago_public_ws/devel/share/common-lisp/ros/pal_vision_msgs/msg/_package_FaceDetections.lisp)
Linked: (/home/samuel/tiago_public_ws/devel/.private/pal_vision_msgs/share/common-lisp/ros/pal_vision_msgs/msg/FaceRecognitionActionFeedback.lisp, /home/samuel/tiago_public_ws/devel/share/common-lisp/ros/pal_vision_msgs/msg/FaceRecognitionActionFeedback.lisp)
Linked: (/home/samuel/tiago_public_ws/devel/.private/pal_vision_msgs/share/common-lisp/ros/pal_vision_msgs/msg/HeadPanTilt.lisp, /home/samuel/tiago_public_ws/devel/share/common-lisp/ros/pal_vision_msgs/msg/HeadPanTilt.lisp)
Linked: (/home/samuel/tiago_public_ws/devel/.private/pal_vision_msgs/share/common-lisp/ros/pal_vision_msgs/msg/FaceDetections.lisp, /home/samuel/tiago_public_ws/devel/share/common-lisp/ros/pal_vision_msgs/msg/FaceDetections.lisp)
Linked: (/home/samuel/tiago_public_ws/devel/.private/pal_vision_msgs/share/common-lisp/ros/pal_vision_msgs/msg/FollowMeResponse.lisp, /home/samuel/tiago_public_ws/devel/share/common-lisp/ros/pal_vision_msgs/msg/FollowMeResponse.lisp)
Linked: (/home/samuel/tiago_public_ws/devel/.private/pal_vision_msgs/share/common-lisp/ros/pal_vision_msgs/msg/DetectedPerson.lisp, /home/samuel/tiago_public_ws/devel/share/common-lisp/ros/pal_vision_msgs/msg/DetectedPerson.lisp)
Linked: (/home/samuel/tiago_public_ws/devel/.private/pal_vision_msgs/share/common-lisp/ros/pal_vision_msgs/msg/pal_vision_msgs-msg.asd, /home/samuel/tiago_public_ws/devel/share/common-lisp/ros/pal_vision_msgs/msg/pal_vision_msgs-msg.asd)
Linked: (/home/samuel/tiago_public_ws/devel/.private/pal_vision_msgs/share/common-lisp/ros/pal_vision_msgs/msg/_package_HogDetection.lisp, /home/samuel/tiago_public_ws/devel/share/common-lisp/ros/pal_vision_msgs/msg/_package_HogDetection.lisp)
Linked: (/home/samuel/tiago_public_ws/devel/.private/pal_vision_msgs/share/common-lisp/ros/pal_vision_msgs/msg/FaceRecognitionGoal.lisp, /home/samuel/tiago_public_ws/devel/share/common-lisp/ros/pal_vision_msgs/msg/FaceRecognitionGoal.lisp)
Linked: (/home/samuel/tiago_public_ws/devel/.private/pal_vision_msgs/share/common-lisp/ros/pal_vision_msgs/msg/FaceRecognitionActionGoal.lisp, /home/samuel/tiago_public_ws/devel/share/common-lisp/ros/pal_vision_msgs/msg/FaceRecognitionActionGoal.lisp)
Linked: (/home/samuel/tiago_public_ws/devel/.private/pal_vision_msgs/share/common-lisp/ros/pal_vision_msgs/msg/_package_FaceRecognitionFeedback.lisp, /home/samuel/tiago_public_ws/devel/share/common-lisp/ros/pal_vision_msgs/msg/_package_FaceRecognitionFeedback.lisp)
Linked: (/home/samuel/tiago_public_ws/devel/.private/pal_vision_msgs/share/common-lisp/ros/pal_vision_msgs/msg/_package_FollowMeResponse.lisp, /home/samuel/tiago_public_ws/devel/share/common-lisp/ros/pal_vision_msgs/msg/_package_FollowMeResponse.lisp)
Linked: (/home/samuel/tiago_public_ws/devel/.private/pal_vision_msgs/share/common-lisp/ros/pal_vision_msgs/msg/FaceRecognitionFeedback.lisp, /home/samuel/tiago_public_ws/devel/share/common-lisp/ros/pal_vision_msgs/msg/FaceRecognitionFeedback.lisp)
Linked: (/home/samuel/tiago_public_ws/devel/.private/pal_vision_msgs/share/common-lisp/ros/pal_vision_msgs/msg/_package_FaceRecognitionActionGoal.lisp, /home/samuel/tiago_public_ws/devel/share/common-lisp/ros/pal_vision_msgs/msg/_package_FaceRecognitionActionGoal.lisp)
Linked: (/home/samuel/tiago_public_ws/devel/.private/pal_vision_msgs/share/common-lisp/ros/pal_vision_msgs/msg/HogDetections.lisp, /home/samuel/tiago_public_ws/devel/share/common-lisp/ros/pal_vision_msgs/msg/HogDetections.lisp)
Linked: (/home/samuel/tiago_public_ws/devel/.private/pal_vision_msgs/share/common-lisp/ros/pal_vision_msgs/msg/_package_FaceRecognitionGoal.lisp, /home/samuel/tiago_public_ws/devel/share/common-lisp/ros/pal_vision_msgs/msg/_package_FaceRecognitionGoal.lisp)
Linked: (/home/samuel/tiago_public_ws/devel/.private/pal_vision_msgs/share/common-lisp/ros/pal_vision_msgs/msg/Rectangle.lisp, /home/samuel/tiago_public_ws/devel/share/common-lisp/ros/pal_vision_msgs/msg/Rectangle.lisp)
Linked: (/home/samuel/tiago_public_ws/devel/.private/pal_vision_msgs/share/common-lisp/ros/pal_vision_msgs/msg/_package_Rectangle.lisp, /home/samuel/tiago_public_ws/devel/share/common-lisp/ros/pal_vision_msgs/msg/_package_Rectangle.lisp)
Linked: (/home/samuel/tiago_public_ws/devel/.private/pal_vision_msgs/share/common-lisp/ros/pal_vision_msgs/msg/DetectedObject.lisp, /home/samuel/tiago_public_ws/devel/share/common-lisp/ros/pal_vision_msgs/msg/DetectedObject.lisp)
Linked: (/home/samuel/tiago_public_ws/devel/.private/pal_vision_msgs/share/common-lisp/ros/pal_vision_msgs/msg/FaceRecognitionActionResult.lisp, /home/samuel/tiago_public_ws/devel/share/common-lisp/ros/pal_vision_msgs/msg/FaceRecognitionActionResult.lisp)
Linked: (/home/samuel/tiago_public_ws/devel/.private/pal_vision_msgs/share/common-lisp/ros/pal_vision_msgs/msg/Gesture.lisp, /home/samuel/tiago_public_ws/devel/share/common-lisp/ros/pal_vision_msgs/msg/Gesture.lisp)
Linked: (/home/samuel/tiago_public_ws/devel/.private/pal_vision_msgs/share/common-lisp/ros/pal_vision_msgs/msg/_package_FaceRecognitionActionResult.lisp, /home/samuel/tiago_public_ws/devel/share/common-lisp/ros/pal_vision_msgs/msg/_package_FaceRecognitionActionResult.lisp)
Linked: (/home/samuel/tiago_public_ws/devel/.private/pal_vision_msgs/share/common-lisp/ros/pal_vision_msgs/msg/_package.lisp, /home/samuel/tiago_public_ws/devel/share/common-lisp/ros/pal_vision_msgs/msg/_package.lisp)
Linked: (/home/samuel/tiago_public_ws/devel/.private/pal_vision_msgs/share/common-lisp/ros/pal_vision_msgs/msg/_package_FaceDetection.lisp, /home/samuel/tiago_public_ws/devel/share/common-lisp/ros/pal_vision_msgs/msg/_package_FaceDetection.lisp)
Linked: (/home/samuel/tiago_public_ws/devel/.private/pal_vision_msgs/share/common-lisp/ros/pal_vision_msgs/msg/_package_Gesture.lisp, /home/samuel/tiago_public_ws/devel/share/common-lisp/ros/pal_vision_msgs/msg/_package_Gesture.lisp)
Linked: (/home/samuel/tiago_public_ws/devel/.private/pal_vision_msgs/share/common-lisp/ros/pal_vision_msgs/msg/_package_LegDetections.lisp, /home/samuel/tiago_public_ws/devel/share/common-lisp/ros/pal_vision_msgs/msg/_package_LegDetections.lisp)
Linked: (/home/samuel/tiago_public_ws/devel/.private/pal_vision_msgs/share/common-lisp/ros/pal_vision_msgs/msg/HogDetection.lisp, /home/samuel/tiago_public_ws/devel/share/common-lisp/ros/pal_vision_msgs/msg/HogDetection.lisp)
Linked: (/home/samuel/tiago_public_ws/devel/.private/pal_vision_msgs/share/common-lisp/ros/pal_vision_msgs/msg/_package_FaceRecognitionAction.lisp, /home/samuel/tiago_public_ws/devel/share/common-lisp/ros/pal_vision_msgs/msg/_package_FaceRecognitionAction.lisp)
Linked: (/home/samuel/tiago_public_ws/devel/.private/pal_vision_msgs/share/common-lisp/ros/pal_vision_msgs/msg/LegDetections.lisp, /home/samuel/tiago_public_ws/devel/share/common-lisp/ros/pal_vision_msgs/msg/LegDetections.lisp)
Linked: (/home/samuel/tiago_public_ws/devel/.private/pal_vision_msgs/share/common-lisp/ros/pal_vision_msgs/msg/FaceRecognitionAction.lisp, /home/samuel/tiago_public_ws/devel/share/common-lisp/ros/pal_vision_msgs/msg/FaceRecognitionAction.lisp)
Linked: (/home/samuel/tiago_public_ws/devel/.private/pal_vision_msgs/share/common-lisp/ros/pal_vision_msgs/msg/_package_DetectedPerson.lisp, /home/samuel/tiago_public_ws/devel/share/common-lisp/ros/pal_vision_msgs/msg/_package_DetectedPerson.lisp)
Linked: (/home/samuel/tiago_public_ws/devel/.private/pal_vision_msgs/share/common-lisp/ros/pal_vision_msgs/msg/_package_HogDetections.lisp, /home/samuel/tiago_public_ws/devel/share/common-lisp/ros/pal_vision_msgs/msg/_package_HogDetections.lisp)
Linked: (/home/samuel/tiago_public_ws/devel/.private/pal_vision_msgs/share/common-lisp/ros/pal_vision_msgs/msg/FaceRecognitionResult.lisp, /home/samuel/tiago_public_ws/devel/share/common-lisp/ros/pal_vision_msgs/msg/FaceRecognitionResult.lisp)
Linked: (/home/samuel/tiago_public_ws/devel/.private/pal_vision_msgs/share/common-lisp/ros/pal_vision_msgs/msg/_package_DetectedObject.lisp, /home/samuel/tiago_public_ws/devel/share/common-lisp/ros/pal_vision_msgs/msg/_package_DetectedObject.lisp)
Linked: (/home/samuel/tiago_public_ws/devel/.private/pal_vision_msgs/share/common-lisp/ros/pal_vision_msgs/msg/_package_FaceRecognitionActionFeedback.lisp, /home/samuel/tiago_public_ws/devel/share/common-lisp/ros/pal_vision_msgs/msg/_package_FaceRecognitionActionFeedback.lisp)
Linked: (/home/samuel/tiago_public_ws/devel/.private/pal_vision_msgs/share/common-lisp/ros/pal_vision_msgs/msg/_package_HeadPanTilt.lisp, /home/samuel/tiago_public_ws/devel/share/common-lisp/ros/pal_vision_msgs/msg/_package_HeadPanTilt.lisp)
Linked: (/home/samuel/tiago_public_ws/devel/.private/pal_vision_msgs/share/common-lisp/ros/pal_vision_msgs/srv/_package_FollowMeStop.lisp, /home/samuel/tiago_public_ws/devel/share/common-lisp/ros/pal_vision_msgs/srv/_package_FollowMeStop.lisp)
Linked: (/home/samuel/tiago_public_ws/devel/.private/pal_vision_msgs/share/common-lisp/ros/pal_vision_msgs/srv/LookToPixel.lisp, /home/samuel/tiago_public_ws/devel/share/common-lisp/ros/pal_vision_msgs/srv/LookToPixel.lisp)
Linked: (/home/samuel/tiago_public_ws/devel/.private/pal_vision_msgs/share/common-lisp/ros/pal_vision_msgs/srv/_package_LookToPixel.lisp, /home/samuel/tiago_public_ws/devel/share/common-lisp/ros/pal_vision_msgs/srv/_package_LookToPixel.lisp)
Linked: (/home/samuel/tiago_public_ws/devel/.private/pal_vision_msgs/share/common-lisp/ros/pal_vision_msgs/srv/FaceTrackingStart.lisp, /home/samuel/tiago_public_ws/devel/share/common-lisp/ros/pal_vision_msgs/srv/FaceTrackingStart.lisp)
Linked: (/home/samuel/tiago_public_ws/devel/.private/pal_vision_msgs/share/common-lisp/ros/pal_vision_msgs/srv/pal_vision_msgs-srv.asd, /home/samuel/tiago_public_ws/devel/share/common-lisp/ros/pal_vision_msgs/srv/pal_vision_msgs-srv.asd)
Linked: (/home/samuel/tiago_public_ws/devel/.private/pal_vision_msgs/share/common-lisp/ros/pal_vision_msgs/srv/_package_FollowMeStart.lisp, /home/samuel/tiago_public_ws/devel/share/common-lisp/ros/pal_vision_msgs/srv/_package_FollowMeStart.lisp)
Linked: (/home/samuel/tiago_public_ws/devel/.private/pal_vision_msgs/share/common-lisp/ros/pal_vision_msgs/srv/_package_FaceTrackingStop.lisp, /home/samuel/tiago_public_ws/devel/share/common-lisp/ros/pal_vision_msgs/srv/_package_FaceTrackingStop.lisp)
Linked: (/home/samuel/tiago_public_ws/devel/.private/pal_vision_msgs/share/common-lisp/ros/pal_vision_msgs/srv/_package_FaceTrackingStart.lisp, /home/samuel/tiago_public_ws/devel/share/common-lisp/ros/pal_vision_msgs/srv/_package_FaceTrackingStart.lisp)
Linked: (/home/samuel/tiago_public_ws/devel/.private/pal_vision_msgs/share/common-lisp/ros/pal_vision_msgs/srv/_package.lisp, /home/samuel/tiago_public_ws/devel/share/common-lisp/ros/pal_vision_msgs/srv/_package.lisp)
Linked: (/home/samuel/tiago_public_ws/devel/.private/pal_vision_msgs/share/common-lisp/ros/pal_vision_msgs/srv/FollowMeStart.lisp, /home/samuel/tiago_public_ws/devel/share/common-lisp/ros/pal_vision_msgs/srv/FollowMeStart.lisp)
Linked: (/home/samuel/tiago_public_ws/devel/.private/pal_vision_msgs/share/common-lisp/ros/pal_vision_msgs/srv/FollowMeStop.lisp, /home/samuel/tiago_public_ws/devel/share/common-lisp/ros/pal_vision_msgs/srv/FollowMeStop.lisp)
Linked: (/home/samuel/tiago_public_ws/devel/.private/pal_vision_msgs/share/common-lisp/ros/pal_vision_msgs/srv/FaceTrackingStop.lisp, /home/samuel/tiago_public_ws/devel/share/common-lisp/ros/pal_vision_msgs/srv/FaceTrackingStop.lisp)
