Determining if the pthread_create exist failed with the following output:
Change Dir: /home/samuel/tiago_public_ws/build/tiago_controller_configuration_gazebo/CMakeFiles/CMakeTmp

Run Build Command:"/usr/bin/make" "cmTC_c05a2/fast"
/usr/bin/make -f CMakeFiles/cmTC_c05a2.dir/build.make CMakeFiles/cmTC_c05a2.dir/build
make[1]: Entrando no diretório `/home/samuel/tiago_public_ws/build/tiago_controller_configuration_gazebo/CMakeFiles/CMakeTmp'
Building C object CMakeFiles/cmTC_c05a2.dir/CheckSymbolExists.c.o
/usr/bin/cc     -o CMakeFiles/cmTC_c05a2.dir/CheckSymbolExists.c.o   -c /home/samuel/tiago_public_ws/build/tiago_controller_configuration_gazebo/CMakeFiles/CMakeTmp/CheckSymbolExists.c
Linking C executable cmTC_c05a2
/usr/local/bin/cmake -E cmake_link_script CMakeFiles/cmTC_c05a2.dir/link.txt --verbose=1
/usr/bin/cc       CMakeFiles/cmTC_c05a2.dir/CheckSymbolExists.c.o  -o cmTC_c05a2 -rdynamic 
CMakeFiles/cmTC_c05a2.dir/CheckSymbolExists.c.o: na função `main':
CheckSymbolExists.c:(.text+0x16): referência indefinida para `pthread_create'
collect2: error: ld returned 1 exit status
make[1]: ** [cmTC_c05a2] Erro 1
make[1]: Saindo do diretório `/home/samuel/tiago_public_ws/build/tiago_controller_configuration_gazebo/CMakeFiles/CMakeTmp'
make: ** [cmTC_c05a2/fast] Erro 2

File /home/samuel/tiago_public_ws/build/tiago_controller_configuration_gazebo/CMakeFiles/CMakeTmp/CheckSymbolExists.c:
/* */
#include <pthread.h>

int main(int argc, char** argv)
{
  (void)argv;
#ifndef pthread_create
  return ((int*)(&pthread_create))[argc];
#else
  (void)argc;
  return 0;
#endif
}

Determining if the function pthread_create exists in the pthreads failed with the following output:
Change Dir: /home/samuel/tiago_public_ws/build/tiago_controller_configuration_gazebo/CMakeFiles/CMakeTmp

Run Build Command:"/usr/bin/make" "cmTC_52c1a/fast"
/usr/bin/make -f CMakeFiles/cmTC_52c1a.dir/build.make CMakeFiles/cmTC_52c1a.dir/build
make[1]: Entrando no diretório `/home/samuel/tiago_public_ws/build/tiago_controller_configuration_gazebo/CMakeFiles/CMakeTmp'
Building C object CMakeFiles/cmTC_52c1a.dir/CheckFunctionExists.c.o
/usr/bin/cc    -DCHECK_FUNCTION_EXISTS=pthread_create   -o CMakeFiles/cmTC_52c1a.dir/CheckFunctionExists.c.o   -c /usr/local/share/cmake-3.4/Modules/CheckFunctionExists.c
Linking C executable cmTC_52c1a
/usr/local/bin/cmake -E cmake_link_script CMakeFiles/cmTC_52c1a.dir/link.txt --verbose=1
/usr/bin/cc   -DCHECK_FUNCTION_EXISTS=pthread_create    CMakeFiles/cmTC_52c1a.dir/CheckFunctionExists.c.o  -o cmTC_52c1a -rdynamic -lpthreads 
/usr/bin/ld: não foi possível encontrar -lpthreads
collect2: error: ld returned 1 exit status
make[1]: ** [cmTC_52c1a] Erro 1
make[1]: Saindo do diretório `/home/samuel/tiago_public_ws/build/tiago_controller_configuration_gazebo/CMakeFiles/CMakeTmp'
make: ** [cmTC_52c1a/fast] Erro 2


