[ 15%] Built target play_motion_helpers
[ 15%] Built target play_motion_msgs_generate_messages_cpp
[ 30%] Built target pm_rrbot
[ 30%] Built target play_motion_msgs_generate_messages_py
[ 30%] Built target trajectory_msgs_generate_messages_py
[ 30%] Built target visualization_msgs_generate_messages_lisp
[ 30%] Built target trajectory_msgs_generate_messages_lisp
[ 30%] Built target std_msgs_generate_messages_py
[ 30%] Built target shape_msgs_generate_messages_py
[ 30%] Built target trajectory_msgs_generate_messages_cpp
[ 30%] Built target actionlib_msgs_generate_messages_py
[ 30%] Built target controller_manager_msgs_generate_messages_cpp
[ 30%] Built target geometry_msgs_generate_messages_lisp
[ 30%] Built target geometry_msgs_generate_messages_py
[ 30%] Built target control_msgs_generate_messages_cpp
[ 30%] Built target control_msgs_generate_messages_lisp
[ 30%] Built target control_msgs_generate_messages_py
[ 30%] Built target rosgraph_msgs_generate_messages_py
[ 30%] Built target roscpp_generate_messages_py
[ 30%] Built target rosgraph_msgs_generate_messages_lisp
[ 30%] Built target actionlib_generate_messages_cpp
[ 30%] Built target actionlib_msgs_generate_messages_cpp
[ 30%] Built target roscpp_generate_messages_cpp
[ 30%] Built target sensor_msgs_generate_messages_lisp
[ 30%] Built target std_msgs_generate_messages_cpp
[ 30%] Built target controller_manager_msgs_generate_messages_lisp
[ 30%] Built target rosgraph_msgs_generate_messages_cpp
[ 30%] Built target _catkin_empty_exported_target
[ 30%] Built target geometry_msgs_generate_messages_cpp
[ 30%] Built target object_recognition_msgs_generate_messages_lisp
[ 30%] Built target actionlib_generate_messages_lisp
[ 30%] Built target actionlib_generate_messages_py
[ 30%] Built target object_recognition_msgs_generate_messages_cpp
[ 30%] Built target actionlib_msgs_generate_messages_lisp
[ 30%] Built target diagnostic_msgs_generate_messages_cpp
[ 30%] Built target controller_manager_msgs_generate_messages_py
[ 30%] Built target std_msgs_generate_messages_lisp
[ 30%] Built target shape_msgs_generate_messages_cpp
[ 30%] Built target moveit_ros_planning_gencfg
[ 30%] Built target shape_msgs_generate_messages_lisp
[ 30%] Built target visualization_msgs_generate_messages_cpp
[ 30%] Built target visualization_msgs_generate_messages_py
[ 30%] Built target object_recognition_msgs_generate_messages_py
[ 30%] Built target moveit_msgs_generate_messages_py
[ 30%] Built target moveit_msgs_generate_messages_lisp
[ 30%] Built target moveit_msgs_generate_messages_cpp
[ 30%] Built target sensor_msgs_generate_messages_cpp
[ 30%] Built target roscpp_generate_messages_lisp
[ 30%] Built target sensor_msgs_generate_messages_py
[ 30%] Built target octomap_msgs_generate_messages_py
[ 30%] Built target diagnostic_msgs_generate_messages_lisp
[ 30%] Built target octomap_msgs_generate_messages_lisp
[ 30%] Built target diagnostic_msgs_generate_messages_py
[ 30%] Built target octomap_msgs_generate_messages_cpp
[ 30%] Built target moveit_ros_manipulation_gencfg
[ 30%] Built target play_motion_msgs_generate_messages_lisp
[ 46%] Built target run_motion
[100%] Built target play_motion
