Determining if the pthread_create exist failed with the following output:
Change Dir: /home/samuel/tiago_public_ws/build/force_torque_sensor_controller/CMakeFiles/CMakeTmp

Run Build Command:"/usr/bin/make" "cmTC_41ded/fast"
/usr/bin/make -f CMakeFiles/cmTC_41ded.dir/build.make CMakeFiles/cmTC_41ded.dir/build
make[1]: Entrando no diretório `/home/samuel/tiago_public_ws/build/force_torque_sensor_controller/CMakeFiles/CMakeTmp'
Building C object CMakeFiles/cmTC_41ded.dir/CheckSymbolExists.c.o
/usr/bin/cc     -o CMakeFiles/cmTC_41ded.dir/CheckSymbolExists.c.o   -c /home/samuel/tiago_public_ws/build/force_torque_sensor_controller/CMakeFiles/CMakeTmp/CheckSymbolExists.c
Linking C executable cmTC_41ded
/usr/local/bin/cmake -E cmake_link_script CMakeFiles/cmTC_41ded.dir/link.txt --verbose=1
/usr/bin/cc       CMakeFiles/cmTC_41ded.dir/CheckSymbolExists.c.o  -o cmTC_41ded -rdynamic 
CMakeFiles/cmTC_41ded.dir/CheckSymbolExists.c.o: na função `main':
CheckSymbolExists.c:(.text+0x16): referência indefinida para `pthread_create'
collect2: error: ld returned 1 exit status
make[1]: Saindo do diretório `/home/samuel/tiago_public_ws/build/force_torque_sensor_controller/CMakeFiles/CMakeTmp'
make[1]: ** [cmTC_41ded] Erro 1
make: ** [cmTC_41ded/fast] Erro 2

File /home/samuel/tiago_public_ws/build/force_torque_sensor_controller/CMakeFiles/CMakeTmp/CheckSymbolExists.c:
/* */
#include <pthread.h>

int main(int argc, char** argv)
{
  (void)argv;
#ifndef pthread_create
  return ((int*)(&pthread_create))[argc];
#else
  (void)argc;
  return 0;
#endif
}

Determining if the function pthread_create exists in the pthreads failed with the following output:
Change Dir: /home/samuel/tiago_public_ws/build/force_torque_sensor_controller/CMakeFiles/CMakeTmp

Run Build Command:"/usr/bin/make" "cmTC_9eb3f/fast"
/usr/bin/make -f CMakeFiles/cmTC_9eb3f.dir/build.make CMakeFiles/cmTC_9eb3f.dir/build
make[1]: Entrando no diretório `/home/samuel/tiago_public_ws/build/force_torque_sensor_controller/CMakeFiles/CMakeTmp'
Building C object CMakeFiles/cmTC_9eb3f.dir/CheckFunctionExists.c.o
/usr/bin/cc    -DCHECK_FUNCTION_EXISTS=pthread_create   -o CMakeFiles/cmTC_9eb3f.dir/CheckFunctionExists.c.o   -c /usr/local/share/cmake-3.4/Modules/CheckFunctionExists.c
Linking C executable cmTC_9eb3f
/usr/local/bin/cmake -E cmake_link_script CMakeFiles/cmTC_9eb3f.dir/link.txt --verbose=1
/usr/bin/cc   -DCHECK_FUNCTION_EXISTS=pthread_create    CMakeFiles/cmTC_9eb3f.dir/CheckFunctionExists.c.o  -o cmTC_9eb3f -rdynamic -lpthreads 
/usr/bin/ld: não foi possível encontrar -lpthreads
collect2: error: ld returned 1 exit status
make[1]: Saindo do diretório `/home/samuel/tiago_public_ws/build/force_torque_sensor_controller/CMakeFiles/CMakeTmp'
make[1]: ** [cmTC_9eb3f] Erro 1
make: ** [cmTC_9eb3f/fast] Erro 2


