Linked: (/home/samuel/tiago_public_ws/devel/.private/pal_detection_msgs/lib/pkgconfig/pal_detection_msgs.pc, /home/samuel/tiago_public_ws/devel/lib/pkgconfig/pal_detection_msgs.pc)
Linked: (/home/samuel/tiago_public_ws/devel/.private/pal_detection_msgs/lib/python2.7/dist-packages/pal_detection_msgs/__init__.py, /home/samuel/tiago_public_ws/devel/lib/python2.7/dist-packages/pal_detection_msgs/__init__.py)
Linked: (/home/samuel/tiago_public_ws/devel/.private/pal_detection_msgs/lib/python2.7/dist-packages/pal_detection_msgs/msg/_FaceDetections.py, /home/samuel/tiago_public_ws/devel/lib/python2.7/dist-packages/pal_detection_msgs/msg/_FaceDetections.py)
Linked: (/home/samuel/tiago_public_ws/devel/.private/pal_detection_msgs/lib/python2.7/dist-packages/pal_detection_msgs/msg/_TexturedObjectDetection.py, /home/samuel/tiago_public_ws/devel/lib/python2.7/dist-packages/pal_detection_msgs/msg/_TexturedObjectDetection.py)
Linked: (/home/samuel/tiago_public_ws/devel/.private/pal_detection_msgs/lib/python2.7/dist-packages/pal_detection_msgs/msg/_Detections2d.py, /home/samuel/tiago_public_ws/devel/lib/python2.7/dist-packages/pal_detection_msgs/msg/_Detections2d.py)
Linked: (/home/samuel/tiago_public_ws/devel/.private/pal_detection_msgs/lib/python2.7/dist-packages/pal_detection_msgs/msg/_PersonDetection.py, /home/samuel/tiago_public_ws/devel/lib/python2.7/dist-packages/pal_detection_msgs/msg/_PersonDetection.py)
Linked: (/home/samuel/tiago_public_ws/devel/.private/pal_detection_msgs/lib/python2.7/dist-packages/pal_detection_msgs/msg/__init__.py, /home/samuel/tiago_public_ws/devel/lib/python2.7/dist-packages/pal_detection_msgs/msg/__init__.py)
Linked: (/home/samuel/tiago_public_ws/devel/.private/pal_detection_msgs/lib/python2.7/dist-packages/pal_detection_msgs/msg/_Detection2d.py, /home/samuel/tiago_public_ws/devel/lib/python2.7/dist-packages/pal_detection_msgs/msg/_Detection2d.py)
Linked: (/home/samuel/tiago_public_ws/devel/.private/pal_detection_msgs/lib/python2.7/dist-packages/pal_detection_msgs/msg/_PersonDetections.py, /home/samuel/tiago_public_ws/devel/lib/python2.7/dist-packages/pal_detection_msgs/msg/_PersonDetections.py)
Linked: (/home/samuel/tiago_public_ws/devel/.private/pal_detection_msgs/lib/python2.7/dist-packages/pal_detection_msgs/msg/_RecognizedActions.py, /home/samuel/tiago_public_ws/devel/lib/python2.7/dist-packages/pal_detection_msgs/msg/_RecognizedActions.py)
Linked: (/home/samuel/tiago_public_ws/devel/.private/pal_detection_msgs/lib/python2.7/dist-packages/pal_detection_msgs/msg/_RotatedDetection2d.py, /home/samuel/tiago_public_ws/devel/lib/python2.7/dist-packages/pal_detection_msgs/msg/_RotatedDetection2d.py)
Linked: (/home/samuel/tiago_public_ws/devel/.private/pal_detection_msgs/lib/python2.7/dist-packages/pal_detection_msgs/msg/_LegDetections.py, /home/samuel/tiago_public_ws/devel/lib/python2.7/dist-packages/pal_detection_msgs/msg/_LegDetections.py)
Linked: (/home/samuel/tiago_public_ws/devel/.private/pal_detection_msgs/lib/python2.7/dist-packages/pal_detection_msgs/msg/_Gesture.py, /home/samuel/tiago_public_ws/devel/lib/python2.7/dist-packages/pal_detection_msgs/msg/_Gesture.py)
Linked: (/home/samuel/tiago_public_ws/devel/.private/pal_detection_msgs/lib/python2.7/dist-packages/pal_detection_msgs/msg/_WaveDetection.py, /home/samuel/tiago_public_ws/devel/lib/python2.7/dist-packages/pal_detection_msgs/msg/_WaveDetection.py)
Linked: (/home/samuel/tiago_public_ws/devel/.private/pal_detection_msgs/lib/python2.7/dist-packages/pal_detection_msgs/msg/_FaceDetection.py, /home/samuel/tiago_public_ws/devel/lib/python2.7/dist-packages/pal_detection_msgs/msg/_FaceDetection.py)
Linked: (/home/samuel/tiago_public_ws/devel/.private/pal_detection_msgs/lib/python2.7/dist-packages/pal_detection_msgs/srv/_SetDatabase.py, /home/samuel/tiago_public_ws/devel/lib/python2.7/dist-packages/pal_detection_msgs/srv/_SetDatabase.py)
Linked: (/home/samuel/tiago_public_ws/devel/.private/pal_detection_msgs/lib/python2.7/dist-packages/pal_detection_msgs/srv/_SelectTexturedObject.py, /home/samuel/tiago_public_ws/devel/lib/python2.7/dist-packages/pal_detection_msgs/srv/_SelectTexturedObject.py)
Linked: (/home/samuel/tiago_public_ws/devel/.private/pal_detection_msgs/lib/python2.7/dist-packages/pal_detection_msgs/srv/__init__.py, /home/samuel/tiago_public_ws/devel/lib/python2.7/dist-packages/pal_detection_msgs/srv/__init__.py)
Linked: (/home/samuel/tiago_public_ws/devel/.private/pal_detection_msgs/lib/python2.7/dist-packages/pal_detection_msgs/srv/_Recognizer.py, /home/samuel/tiago_public_ws/devel/lib/python2.7/dist-packages/pal_detection_msgs/srv/_Recognizer.py)
Linked: (/home/samuel/tiago_public_ws/devel/.private/pal_detection_msgs/lib/python2.7/dist-packages/pal_detection_msgs/srv/_StartEnrollment.py, /home/samuel/tiago_public_ws/devel/lib/python2.7/dist-packages/pal_detection_msgs/srv/_StartEnrollment.py)
Linked: (/home/samuel/tiago_public_ws/devel/.private/pal_detection_msgs/lib/python2.7/dist-packages/pal_detection_msgs/srv/_StopEnrollment.py, /home/samuel/tiago_public_ws/devel/lib/python2.7/dist-packages/pal_detection_msgs/srv/_StopEnrollment.py)
Linked: (/home/samuel/tiago_public_ws/devel/.private/pal_detection_msgs/lib/python2.7/dist-packages/pal_detection_msgs/srv/_AddTexturedObject.py, /home/samuel/tiago_public_ws/devel/lib/python2.7/dist-packages/pal_detection_msgs/srv/_AddTexturedObject.py)
Linked: (/home/samuel/tiago_public_ws/devel/.private/pal_detection_msgs/include/pal_detection_msgs/RecognizedActions.h, /home/samuel/tiago_public_ws/devel/include/pal_detection_msgs/RecognizedActions.h)
Linked: (/home/samuel/tiago_public_ws/devel/.private/pal_detection_msgs/include/pal_detection_msgs/RotatedDetection2d.h, /home/samuel/tiago_public_ws/devel/include/pal_detection_msgs/RotatedDetection2d.h)
Linked: (/home/samuel/tiago_public_ws/devel/.private/pal_detection_msgs/include/pal_detection_msgs/PersonDetections.h, /home/samuel/tiago_public_ws/devel/include/pal_detection_msgs/PersonDetections.h)
Linked: (/home/samuel/tiago_public_ws/devel/.private/pal_detection_msgs/include/pal_detection_msgs/StartEnrollmentRequest.h, /home/samuel/tiago_public_ws/devel/include/pal_detection_msgs/StartEnrollmentRequest.h)
Linked: (/home/samuel/tiago_public_ws/devel/.private/pal_detection_msgs/include/pal_detection_msgs/AddTexturedObjectRequest.h, /home/samuel/tiago_public_ws/devel/include/pal_detection_msgs/AddTexturedObjectRequest.h)
Linked: (/home/samuel/tiago_public_ws/devel/.private/pal_detection_msgs/include/pal_detection_msgs/SelectTexturedObjectRequest.h, /home/samuel/tiago_public_ws/devel/include/pal_detection_msgs/SelectTexturedObjectRequest.h)
Linked: (/home/samuel/tiago_public_ws/devel/.private/pal_detection_msgs/include/pal_detection_msgs/StartEnrollment.h, /home/samuel/tiago_public_ws/devel/include/pal_detection_msgs/StartEnrollment.h)
Linked: (/home/samuel/tiago_public_ws/devel/.private/pal_detection_msgs/include/pal_detection_msgs/SelectTexturedObjectResponse.h, /home/samuel/tiago_public_ws/devel/include/pal_detection_msgs/SelectTexturedObjectResponse.h)
Linked: (/home/samuel/tiago_public_ws/devel/.private/pal_detection_msgs/include/pal_detection_msgs/WaveDetection.h, /home/samuel/tiago_public_ws/devel/include/pal_detection_msgs/WaveDetection.h)
Linked: (/home/samuel/tiago_public_ws/devel/.private/pal_detection_msgs/include/pal_detection_msgs/RecognizerResponse.h, /home/samuel/tiago_public_ws/devel/include/pal_detection_msgs/RecognizerResponse.h)
Linked: (/home/samuel/tiago_public_ws/devel/.private/pal_detection_msgs/include/pal_detection_msgs/LegDetections.h, /home/samuel/tiago_public_ws/devel/include/pal_detection_msgs/LegDetections.h)
Linked: (/home/samuel/tiago_public_ws/devel/.private/pal_detection_msgs/include/pal_detection_msgs/Detection2d.h, /home/samuel/tiago_public_ws/devel/include/pal_detection_msgs/Detection2d.h)
Linked: (/home/samuel/tiago_public_ws/devel/.private/pal_detection_msgs/include/pal_detection_msgs/SetDatabaseResponse.h, /home/samuel/tiago_public_ws/devel/include/pal_detection_msgs/SetDatabaseResponse.h)
Linked: (/home/samuel/tiago_public_ws/devel/.private/pal_detection_msgs/include/pal_detection_msgs/SetDatabase.h, /home/samuel/tiago_public_ws/devel/include/pal_detection_msgs/SetDatabase.h)
Linked: (/home/samuel/tiago_public_ws/devel/.private/pal_detection_msgs/include/pal_detection_msgs/StopEnrollment.h, /home/samuel/tiago_public_ws/devel/include/pal_detection_msgs/StopEnrollment.h)
Linked: (/home/samuel/tiago_public_ws/devel/.private/pal_detection_msgs/include/pal_detection_msgs/StartEnrollmentResponse.h, /home/samuel/tiago_public_ws/devel/include/pal_detection_msgs/StartEnrollmentResponse.h)
Linked: (/home/samuel/tiago_public_ws/devel/.private/pal_detection_msgs/include/pal_detection_msgs/SetDatabaseRequest.h, /home/samuel/tiago_public_ws/devel/include/pal_detection_msgs/SetDatabaseRequest.h)
Linked: (/home/samuel/tiago_public_ws/devel/.private/pal_detection_msgs/include/pal_detection_msgs/RecognizerRequest.h, /home/samuel/tiago_public_ws/devel/include/pal_detection_msgs/RecognizerRequest.h)
Linked: (/home/samuel/tiago_public_ws/devel/.private/pal_detection_msgs/include/pal_detection_msgs/AddTexturedObjectResponse.h, /home/samuel/tiago_public_ws/devel/include/pal_detection_msgs/AddTexturedObjectResponse.h)
Linked: (/home/samuel/tiago_public_ws/devel/.private/pal_detection_msgs/include/pal_detection_msgs/FaceDetections.h, /home/samuel/tiago_public_ws/devel/include/pal_detection_msgs/FaceDetections.h)
Linked: (/home/samuel/tiago_public_ws/devel/.private/pal_detection_msgs/include/pal_detection_msgs/FaceDetection.h, /home/samuel/tiago_public_ws/devel/include/pal_detection_msgs/FaceDetection.h)
Linked: (/home/samuel/tiago_public_ws/devel/.private/pal_detection_msgs/include/pal_detection_msgs/SelectTexturedObject.h, /home/samuel/tiago_public_ws/devel/include/pal_detection_msgs/SelectTexturedObject.h)
Linked: (/home/samuel/tiago_public_ws/devel/.private/pal_detection_msgs/include/pal_detection_msgs/StopEnrollmentResponse.h, /home/samuel/tiago_public_ws/devel/include/pal_detection_msgs/StopEnrollmentResponse.h)
Linked: (/home/samuel/tiago_public_ws/devel/.private/pal_detection_msgs/include/pal_detection_msgs/TexturedObjectDetection.h, /home/samuel/tiago_public_ws/devel/include/pal_detection_msgs/TexturedObjectDetection.h)
Linked: (/home/samuel/tiago_public_ws/devel/.private/pal_detection_msgs/include/pal_detection_msgs/PersonDetection.h, /home/samuel/tiago_public_ws/devel/include/pal_detection_msgs/PersonDetection.h)
Linked: (/home/samuel/tiago_public_ws/devel/.private/pal_detection_msgs/include/pal_detection_msgs/Recognizer.h, /home/samuel/tiago_public_ws/devel/include/pal_detection_msgs/Recognizer.h)
Linked: (/home/samuel/tiago_public_ws/devel/.private/pal_detection_msgs/include/pal_detection_msgs/Gesture.h, /home/samuel/tiago_public_ws/devel/include/pal_detection_msgs/Gesture.h)
Linked: (/home/samuel/tiago_public_ws/devel/.private/pal_detection_msgs/include/pal_detection_msgs/Detections2d.h, /home/samuel/tiago_public_ws/devel/include/pal_detection_msgs/Detections2d.h)
Linked: (/home/samuel/tiago_public_ws/devel/.private/pal_detection_msgs/include/pal_detection_msgs/AddTexturedObject.h, /home/samuel/tiago_public_ws/devel/include/pal_detection_msgs/AddTexturedObject.h)
Linked: (/home/samuel/tiago_public_ws/devel/.private/pal_detection_msgs/include/pal_detection_msgs/StopEnrollmentRequest.h, /home/samuel/tiago_public_ws/devel/include/pal_detection_msgs/StopEnrollmentRequest.h)
Linked: (/home/samuel/tiago_public_ws/devel/.private/pal_detection_msgs/share/common-lisp/ros/pal_detection_msgs/msg/FaceDetection.lisp, /home/samuel/tiago_public_ws/devel/share/common-lisp/ros/pal_detection_msgs/msg/FaceDetection.lisp)
Linked: (/home/samuel/tiago_public_ws/devel/.private/pal_detection_msgs/share/common-lisp/ros/pal_detection_msgs/msg/_package_RecognizedActions.lisp, /home/samuel/tiago_public_ws/devel/share/common-lisp/ros/pal_detection_msgs/msg/_package_RecognizedActions.lisp)
Linked: (/home/samuel/tiago_public_ws/devel/.private/pal_detection_msgs/share/common-lisp/ros/pal_detection_msgs/msg/_package_FaceDetections.lisp, /home/samuel/tiago_public_ws/devel/share/common-lisp/ros/pal_detection_msgs/msg/_package_FaceDetections.lisp)
Linked: (/home/samuel/tiago_public_ws/devel/.private/pal_detection_msgs/share/common-lisp/ros/pal_detection_msgs/msg/_package_Detection2d.lisp, /home/samuel/tiago_public_ws/devel/share/common-lisp/ros/pal_detection_msgs/msg/_package_Detection2d.lisp)
Linked: (/home/samuel/tiago_public_ws/devel/.private/pal_detection_msgs/share/common-lisp/ros/pal_detection_msgs/msg/FaceDetections.lisp, /home/samuel/tiago_public_ws/devel/share/common-lisp/ros/pal_detection_msgs/msg/FaceDetections.lisp)
Linked: (/home/samuel/tiago_public_ws/devel/.private/pal_detection_msgs/share/common-lisp/ros/pal_detection_msgs/msg/RecognizedActions.lisp, /home/samuel/tiago_public_ws/devel/share/common-lisp/ros/pal_detection_msgs/msg/RecognizedActions.lisp)
Linked: (/home/samuel/tiago_public_ws/devel/.private/pal_detection_msgs/share/common-lisp/ros/pal_detection_msgs/msg/_package_WaveDetection.lisp, /home/samuel/tiago_public_ws/devel/share/common-lisp/ros/pal_detection_msgs/msg/_package_WaveDetection.lisp)
Linked: (/home/samuel/tiago_public_ws/devel/.private/pal_detection_msgs/share/common-lisp/ros/pal_detection_msgs/msg/Detections2d.lisp, /home/samuel/tiago_public_ws/devel/share/common-lisp/ros/pal_detection_msgs/msg/Detections2d.lisp)
Linked: (/home/samuel/tiago_public_ws/devel/.private/pal_detection_msgs/share/common-lisp/ros/pal_detection_msgs/msg/pal_detection_msgs-msg.asd, /home/samuel/tiago_public_ws/devel/share/common-lisp/ros/pal_detection_msgs/msg/pal_detection_msgs-msg.asd)
Linked: (/home/samuel/tiago_public_ws/devel/.private/pal_detection_msgs/share/common-lisp/ros/pal_detection_msgs/msg/_package_RotatedDetection2d.lisp, /home/samuel/tiago_public_ws/devel/share/common-lisp/ros/pal_detection_msgs/msg/_package_RotatedDetection2d.lisp)
Linked: (/home/samuel/tiago_public_ws/devel/.private/pal_detection_msgs/share/common-lisp/ros/pal_detection_msgs/msg/_package_PersonDetections.lisp, /home/samuel/tiago_public_ws/devel/share/common-lisp/ros/pal_detection_msgs/msg/_package_PersonDetections.lisp)
Linked: (/home/samuel/tiago_public_ws/devel/.private/pal_detection_msgs/share/common-lisp/ros/pal_detection_msgs/msg/RotatedDetection2d.lisp, /home/samuel/tiago_public_ws/devel/share/common-lisp/ros/pal_detection_msgs/msg/RotatedDetection2d.lisp)
Linked: (/home/samuel/tiago_public_ws/devel/.private/pal_detection_msgs/share/common-lisp/ros/pal_detection_msgs/msg/Gesture.lisp, /home/samuel/tiago_public_ws/devel/share/common-lisp/ros/pal_detection_msgs/msg/Gesture.lisp)
Linked: (/home/samuel/tiago_public_ws/devel/.private/pal_detection_msgs/share/common-lisp/ros/pal_detection_msgs/msg/_package.lisp, /home/samuel/tiago_public_ws/devel/share/common-lisp/ros/pal_detection_msgs/msg/_package.lisp)
Linked: (/home/samuel/tiago_public_ws/devel/.private/pal_detection_msgs/share/common-lisp/ros/pal_detection_msgs/msg/_package_FaceDetection.lisp, /home/samuel/tiago_public_ws/devel/share/common-lisp/ros/pal_detection_msgs/msg/_package_FaceDetection.lisp)
Linked: (/home/samuel/tiago_public_ws/devel/.private/pal_detection_msgs/share/common-lisp/ros/pal_detection_msgs/msg/_package_Gesture.lisp, /home/samuel/tiago_public_ws/devel/share/common-lisp/ros/pal_detection_msgs/msg/_package_Gesture.lisp)
Linked: (/home/samuel/tiago_public_ws/devel/.private/pal_detection_msgs/share/common-lisp/ros/pal_detection_msgs/msg/TexturedObjectDetection.lisp, /home/samuel/tiago_public_ws/devel/share/common-lisp/ros/pal_detection_msgs/msg/TexturedObjectDetection.lisp)
Linked: (/home/samuel/tiago_public_ws/devel/.private/pal_detection_msgs/share/common-lisp/ros/pal_detection_msgs/msg/_package_LegDetections.lisp, /home/samuel/tiago_public_ws/devel/share/common-lisp/ros/pal_detection_msgs/msg/_package_LegDetections.lisp)
Linked: (/home/samuel/tiago_public_ws/devel/.private/pal_detection_msgs/share/common-lisp/ros/pal_detection_msgs/msg/_package_TexturedObjectDetection.lisp, /home/samuel/tiago_public_ws/devel/share/common-lisp/ros/pal_detection_msgs/msg/_package_TexturedObjectDetection.lisp)
Linked: (/home/samuel/tiago_public_ws/devel/.private/pal_detection_msgs/share/common-lisp/ros/pal_detection_msgs/msg/PersonDetection.lisp, /home/samuel/tiago_public_ws/devel/share/common-lisp/ros/pal_detection_msgs/msg/PersonDetection.lisp)
Linked: (/home/samuel/tiago_public_ws/devel/.private/pal_detection_msgs/share/common-lisp/ros/pal_detection_msgs/msg/Detection2d.lisp, /home/samuel/tiago_public_ws/devel/share/common-lisp/ros/pal_detection_msgs/msg/Detection2d.lisp)
Linked: (/home/samuel/tiago_public_ws/devel/.private/pal_detection_msgs/share/common-lisp/ros/pal_detection_msgs/msg/LegDetections.lisp, /home/samuel/tiago_public_ws/devel/share/common-lisp/ros/pal_detection_msgs/msg/LegDetections.lisp)
Linked: (/home/samuel/tiago_public_ws/devel/.private/pal_detection_msgs/share/common-lisp/ros/pal_detection_msgs/msg/PersonDetections.lisp, /home/samuel/tiago_public_ws/devel/share/common-lisp/ros/pal_detection_msgs/msg/PersonDetections.lisp)
Linked: (/home/samuel/tiago_public_ws/devel/.private/pal_detection_msgs/share/common-lisp/ros/pal_detection_msgs/msg/_package_PersonDetection.lisp, /home/samuel/tiago_public_ws/devel/share/common-lisp/ros/pal_detection_msgs/msg/_package_PersonDetection.lisp)
Linked: (/home/samuel/tiago_public_ws/devel/.private/pal_detection_msgs/share/common-lisp/ros/pal_detection_msgs/msg/WaveDetection.lisp, /home/samuel/tiago_public_ws/devel/share/common-lisp/ros/pal_detection_msgs/msg/WaveDetection.lisp)
Linked: (/home/samuel/tiago_public_ws/devel/.private/pal_detection_msgs/share/common-lisp/ros/pal_detection_msgs/msg/_package_Detections2d.lisp, /home/samuel/tiago_public_ws/devel/share/common-lisp/ros/pal_detection_msgs/msg/_package_Detections2d.lisp)
Linked: (/home/samuel/tiago_public_ws/devel/.private/pal_detection_msgs/share/common-lisp/ros/pal_detection_msgs/srv/Recognizer.lisp, /home/samuel/tiago_public_ws/devel/share/common-lisp/ros/pal_detection_msgs/srv/Recognizer.lisp)
Linked: (/home/samuel/tiago_public_ws/devel/.private/pal_detection_msgs/share/common-lisp/ros/pal_detection_msgs/srv/_package_StartEnrollment.lisp, /home/samuel/tiago_public_ws/devel/share/common-lisp/ros/pal_detection_msgs/srv/_package_StartEnrollment.lisp)
Linked: (/home/samuel/tiago_public_ws/devel/.private/pal_detection_msgs/share/common-lisp/ros/pal_detection_msgs/srv/SetDatabase.lisp, /home/samuel/tiago_public_ws/devel/share/common-lisp/ros/pal_detection_msgs/srv/SetDatabase.lisp)
Linked: (/home/samuel/tiago_public_ws/devel/.private/pal_detection_msgs/share/common-lisp/ros/pal_detection_msgs/srv/pal_detection_msgs-srv.asd, /home/samuel/tiago_public_ws/devel/share/common-lisp/ros/pal_detection_msgs/srv/pal_detection_msgs-srv.asd)
Linked: (/home/samuel/tiago_public_ws/devel/.private/pal_detection_msgs/share/common-lisp/ros/pal_detection_msgs/srv/AddTexturedObject.lisp, /home/samuel/tiago_public_ws/devel/share/common-lisp/ros/pal_detection_msgs/srv/AddTexturedObject.lisp)
Linked: (/home/samuel/tiago_public_ws/devel/.private/pal_detection_msgs/share/common-lisp/ros/pal_detection_msgs/srv/_package_AddTexturedObject.lisp, /home/samuel/tiago_public_ws/devel/share/common-lisp/ros/pal_detection_msgs/srv/_package_AddTexturedObject.lisp)
Linked: (/home/samuel/tiago_public_ws/devel/.private/pal_detection_msgs/share/common-lisp/ros/pal_detection_msgs/srv/_package_SelectTexturedObject.lisp, /home/samuel/tiago_public_ws/devel/share/common-lisp/ros/pal_detection_msgs/srv/_package_SelectTexturedObject.lisp)
Linked: (/home/samuel/tiago_public_ws/devel/.private/pal_detection_msgs/share/common-lisp/ros/pal_detection_msgs/srv/_package_SetDatabase.lisp, /home/samuel/tiago_public_ws/devel/share/common-lisp/ros/pal_detection_msgs/srv/_package_SetDatabase.lisp)
Linked: (/home/samuel/tiago_public_ws/devel/.private/pal_detection_msgs/share/common-lisp/ros/pal_detection_msgs/srv/_package.lisp, /home/samuel/tiago_public_ws/devel/share/common-lisp/ros/pal_detection_msgs/srv/_package.lisp)
Linked: (/home/samuel/tiago_public_ws/devel/.private/pal_detection_msgs/share/common-lisp/ros/pal_detection_msgs/srv/_package_StopEnrollment.lisp, /home/samuel/tiago_public_ws/devel/share/common-lisp/ros/pal_detection_msgs/srv/_package_StopEnrollment.lisp)
Linked: (/home/samuel/tiago_public_ws/devel/.private/pal_detection_msgs/share/common-lisp/ros/pal_detection_msgs/srv/_package_Recognizer.lisp, /home/samuel/tiago_public_ws/devel/share/common-lisp/ros/pal_detection_msgs/srv/_package_Recognizer.lisp)
Linked: (/home/samuel/tiago_public_ws/devel/.private/pal_detection_msgs/share/common-lisp/ros/pal_detection_msgs/srv/StopEnrollment.lisp, /home/samuel/tiago_public_ws/devel/share/common-lisp/ros/pal_detection_msgs/srv/StopEnrollment.lisp)
Linked: (/home/samuel/tiago_public_ws/devel/.private/pal_detection_msgs/share/common-lisp/ros/pal_detection_msgs/srv/StartEnrollment.lisp, /home/samuel/tiago_public_ws/devel/share/common-lisp/ros/pal_detection_msgs/srv/StartEnrollment.lisp)
Linked: (/home/samuel/tiago_public_ws/devel/.private/pal_detection_msgs/share/common-lisp/ros/pal_detection_msgs/srv/SelectTexturedObject.lisp, /home/samuel/tiago_public_ws/devel/share/common-lisp/ros/pal_detection_msgs/srv/SelectTexturedObject.lisp)
Linked: (/home/samuel/tiago_public_ws/devel/.private/pal_detection_msgs/share/pal_detection_msgs/cmake/pal_detection_msgsConfig-version.cmake, /home/samuel/tiago_public_ws/devel/share/pal_detection_msgs/cmake/pal_detection_msgsConfig-version.cmake)
Linked: (/home/samuel/tiago_public_ws/devel/.private/pal_detection_msgs/share/pal_detection_msgs/cmake/pal_detection_msgsConfig.cmake, /home/samuel/tiago_public_ws/devel/share/pal_detection_msgs/cmake/pal_detection_msgsConfig.cmake)
Linked: (/home/samuel/tiago_public_ws/devel/.private/pal_detection_msgs/share/pal_detection_msgs/cmake/pal_detection_msgs-msg-extras.cmake, /home/samuel/tiago_public_ws/devel/share/pal_detection_msgs/cmake/pal_detection_msgs-msg-extras.cmake)
Linked: (/home/samuel/tiago_public_ws/devel/.private/pal_detection_msgs/share/pal_detection_msgs/cmake/pal_detection_msgs-msg-paths.cmake, /home/samuel/tiago_public_ws/devel/share/pal_detection_msgs/cmake/pal_detection_msgs-msg-paths.cmake)
